#
# There is insufficient memory for the Java Runtime Environment to continue.
# Native memory allocation (malloc) failed to allocate 777936 bytes for Chunk::new
# Possible reasons:
#   The system is out of physical RAM or swap space
#   The process is running with CompressedOops enabled, and the Java Heap may be blocking the growth of the native heap
# Possible solutions:
#   Reduce memory load on the system
#   Increase physical memory or swap space
#   Check if swap backing store is full
#   Decrease Java heap size (-Xmx/-Xms)
#   Decrease number of Java threads
#   Decrease Java thread stack sizes (-Xss)
#   Set larger code cache with -XX:ReservedCodeCacheSize=
#   JVM is running with Unscaled Compressed Oops mode in which the Java heap is
#     placed in the first 4GB address space. The Java Heap base address is the
#     maximum limit for the native heap growth. Please use -XX:HeapBaseMinAddress
#     to set the Java Heap base and to place the Java Heap above 4GB virtual address.
# This output file may be truncated or incomplete.
#
#  Out of Memory Error (arena.cpp:191), pid=9436, tid=6824
#
# JRE version: OpenJDK Runtime Environment JBR-17.0.9+7-1000.46-jcef (17.0.9+7) (build 17.0.9+7-b1000.46)
# Java VM: OpenJDK 64-Bit Server VM JBR-17.0.9+7-1000.46-jcef (17.0.9+7-b1000.46, mixed mode, tiered, compressed oops, compressed class ptrs, g1 gc, windows-amd64)
# No core dump will be written. Minidumps are not enabled by default on client versions of Windows
#

---------------  S U M M A R Y ------------

Command Line: -Djava.rmi.server.hostname=127.0.0.1 -Duser.timezone=UTC -Xmx2048m -Xms128m -Djna.boot.library.path=C:\Program Files\JetBrains\IntelliJ IDEA 2023.2.5/lib/jna/amd64 -Djna.nosys=true -Djna.noclasspath=true -Djdbc.classpath=C:\Program Files\JetBrains\IntelliJ IDEA 2023.2.5\plugins\DatabaseTools\lib\jdbc-console.jar;C:\Users\Asus\AppData\Roaming\JetBrains\IntelliJIdea2023.2\jdbc-drivers\MySQL ConnectorJ\8.2.0\com\mysql\mysql-connector-j\8.2.0\mysql-connector-j-8.2.0.jar;C:\Users\Asus\AppData\Roaming\JetBrains\IntelliJIdea2023.2\jdbc-drivers\MySQL ConnectorJ\8.2.0\com\google\protobuf\protobuf-java\3.21.9\protobuf-java-3.21.9.jar --add-exports=java.desktop/sun.awt=ALL-UNNAMED --add-exports=java.desktop/java.awt.peer=ALL-UNNAMED --add-opens=java.desktop/java.awt=ALL-UNNAMED --add-opens=jdk.unsupported/sun.misc=ALL-UNNAMED --add-opens=java.base/java.nio=ALL-UNNAMED --add-opens=java.base/java.util=ALL-UNNAMED -Dfile.encoding=UTF-8 com.intellij.database.remote.RemoteJdbcServer com.mysql.cj.jdbc.Driver

Host: 12th Gen Intel(R) Core(TM) i7-1255U, 12 cores, 7G,  Windows 11 , 64 bit Build 22621 (10.0.22621.4391)
Time: Mon Jan  6 13:35:32 2025 Sri Lanka Standard Time elapsed time: 0.886760 seconds (0d 0h 0m 0s)

---------------  T H R E A D  ---------------

Current thread (0x0000016e7f2a88d0):  JavaThread "C2 CompilerThread0" daemon [_thread_in_native, id=6824, stack(0x0000004f75800000,0x0000004f75900000)]


Current CompileTask:
C2:    886 1750       4       jdk.internal.org.objectweb.asm.Frame::execute (2305 bytes)

Stack: [0x0000004f75800000,0x0000004f75900000]
Native frames: (J=compiled Java code, j=interpreted, Vv=VM code, C=native code)
V  [jvm.dll+0x6886e9]
V  [jvm.dll+0x841e4a]
V  [jvm.dll+0x843a8e]
V  [jvm.dll+0x8440f3]
V  [jvm.dll+0x24c14f]
V  [jvm.dll+0xac44c]
V  [jvm.dll+0xaca9c]
V  [jvm.dll+0x2b376f]
V  [jvm.dll+0x590767]
V  [jvm.dll+0x226762]
V  [jvm.dll+0x226b4f]
V  [jvm.dll+0x21fc76]
V  [jvm.dll+0x21d0c1]
V  [jvm.dll+0x1a674d]
V  [jvm.dll+0x22d088]
V  [jvm.dll+0x22b1c0]
V  [jvm.dll+0x7f62f7]
V  [jvm.dll+0x7f06aa]
V  [jvm.dll+0x687565]
C  [ucrtbase.dll+0x29333]
C  [KERNEL32.DLL+0x1259d]
C  [ntdll.dll+0x5af38]


---------------  P R O C E S S  ---------------

Threads class SMR info:
_java_thread_list=0x0000016e7fa240d0, length=25, elements={
0x0000016e73c205a0, 0x0000016e7f0fc600, 0x0000016e7f0fd480, 0x0000016e7f10ae50,
0x0000016e7f10b920, 0x0000016e7f2a7220, 0x0000016e7f2a7be0, 0x0000016e7f2a88d0,
0x0000016e7f2aa390, 0x0000016e7f2acda0, 0x0000016e7f420e00, 0x0000016e7f423590,
0x0000016e73c21420, 0x0000016e7f50cc70, 0x0000016e7f89fd60, 0x0000016e7f89cbe0,
0x0000016e7f89d8d0, 0x0000016e7f91e220, 0x0000016e7fa2a3d0, 0x0000016e7fa2a8b0,
0x0000016e7f96f060, 0x0000016e7f96f570, 0x0000016e7f96fa80, 0x0000016e7f96ff90,
0x0000016e15b4e3e0
}

Java Threads: ( => current thread )
  0x0000016e73c205a0 JavaThread "main" [_thread_blocked, id=964, stack(0x0000004f74b00000,0x0000004f74c00000)]
  0x0000016e7f0fc600 JavaThread "Reference Handler" daemon [_thread_blocked, id=17192, stack(0x0000004f75200000,0x0000004f75300000)]
  0x0000016e7f0fd480 JavaThread "Finalizer" daemon [_thread_blocked, id=14204, stack(0x0000004f75300000,0x0000004f75400000)]
  0x0000016e7f10ae50 JavaThread "Signal Dispatcher" daemon [_thread_blocked, id=13256, stack(0x0000004f75400000,0x0000004f75500000)]
  0x0000016e7f10b920 JavaThread "Attach Listener" daemon [_thread_blocked, id=9832, stack(0x0000004f75500000,0x0000004f75600000)]
  0x0000016e7f2a7220 JavaThread "Service Thread" daemon [_thread_blocked, id=6424, stack(0x0000004f75600000,0x0000004f75700000)]
  0x0000016e7f2a7be0 JavaThread "Monitor Deflation Thread" daemon [_thread_blocked, id=20680, stack(0x0000004f75700000,0x0000004f75800000)]
=>0x0000016e7f2a88d0 JavaThread "C2 CompilerThread0" daemon [_thread_in_native, id=6824, stack(0x0000004f75800000,0x0000004f75900000)]
  0x0000016e7f2aa390 JavaThread "C1 CompilerThread0" daemon [_thread_in_native, id=13292, stack(0x0000004f75900000,0x0000004f75a00000)]
  0x0000016e7f2acda0 JavaThread "Sweeper thread" daemon [_thread_blocked, id=19340, stack(0x0000004f75a00000,0x0000004f75b00000)]
  0x0000016e7f420e00 JavaThread "Common-Cleaner" daemon [_thread_blocked, id=12376, stack(0x0000004f75b00000,0x0000004f75c00000)]
  0x0000016e7f423590 JavaThread "Notification Thread" daemon [_thread_blocked, id=19252, stack(0x0000004f75c00000,0x0000004f75d00000)]
  0x0000016e73c21420 JavaThread "C2 CompilerThread1" daemon [_thread_blocked, id=21464, stack(0x0000004f75e00000,0x0000004f75f00000)]
  0x0000016e7f50cc70 JavaThread "mysql-cj-abandoned-connection-cleanup" daemon [_thread_blocked, id=15860, stack(0x0000004f75f00000,0x0000004f76000000)]
  0x0000016e7f89fd60 JavaThread "RMI TCP Accept-9503" daemon [_thread_in_native, id=14296, stack(0x0000004f76000000,0x0000004f76100000)]
  0x0000016e7f89cbe0 JavaThread "RMI TCP Accept-0" daemon [_thread_in_native, id=12660, stack(0x0000004f76100000,0x0000004f76200000)]
  0x0000016e7f89d8d0 JavaThread "RMI Reaper" [_thread_blocked, id=632, stack(0x0000004f76200000,0x0000004f76300000)]
  0x0000016e7f91e220 JavaThread "RMI GC Daemon" daemon [_thread_blocked, id=1404, stack(0x0000004f76300000,0x0000004f76400000)]
  0x0000016e7fa2a3d0 JavaThread "RMI TCP Connection(1)-127.0.0.1" daemon [_thread_in_native, id=15708, stack(0x0000004f76400000,0x0000004f76500000)]
  0x0000016e7fa2a8b0 JavaThread "RMI TCP Connection(2)-127.0.0.1" daemon [_thread_in_native, id=11068, stack(0x0000004f76500000,0x0000004f76600000)]
  0x0000016e7f96f060 JavaThread "RMI Scheduler(0)" daemon [_thread_blocked, id=6704, stack(0x0000004f76600000,0x0000004f76700000)]
  0x0000016e7f96f570 JavaThread "RMI TCP Connection(3)-127.0.0.1" daemon [_thread_in_native, id=10384, stack(0x0000004f76700000,0x0000004f76800000)]
  0x0000016e7f96fa80 JavaThread "RMI TCP Connection(4)-127.0.0.1" daemon [_thread_in_native, id=9740, stack(0x0000004f76800000,0x0000004f76900000)]
  0x0000016e7f96ff90 JavaThread "RMI RenewClean-[127.0.0.1:4399]" daemon [_thread_blocked, id=9640, stack(0x0000004f76900000,0x0000004f76a00000)]
  0x0000016e15b4e3e0 JavaThread "C2 CompilerThread2" daemon [_thread_blocked, id=15728, stack(0x0000004f77300000,0x0000004f77400000)]

Other Threads:
  0x0000016e7f113c50 VMThread "VM Thread" [stack: 0x0000004f75100000,0x0000004f75200000] [id=11540]
  0x0000016e7f426ab0 WatcherThread [stack: 0x0000004f75d00000,0x0000004f75e00000] [id=4568]
  0x0000016e73c7c8c0 GCTaskThread "GC Thread#0" [stack: 0x0000004f74c00000,0x0000004f74d00000] [id=4396]
  0x0000016e1564e180 GCTaskThread "GC Thread#1" [stack: 0x0000004f76a00000,0x0000004f76b00000] [id=19192]
  0x0000016e1567e7b0 GCTaskThread "GC Thread#2" [stack: 0x0000004f76b00000,0x0000004f76c00000] [id=16064]
  0x0000016e1567ea70 GCTaskThread "GC Thread#3" [stack: 0x0000004f76c00000,0x0000004f76d00000] [id=15468]
  0x0000016e7fcc89a0 GCTaskThread "GC Thread#4" [stack: 0x0000004f76d00000,0x0000004f76e00000] [id=1332]
  0x0000016e7fd13c40 GCTaskThread "GC Thread#5" [stack: 0x0000004f76e00000,0x0000004f76f00000] [id=16292]
  0x0000016e7fc9a4d0 GCTaskThread "GC Thread#6" [stack: 0x0000004f76f00000,0x0000004f77000000] [id=14892]
  0x0000016e15500db0 GCTaskThread "GC Thread#7" [stack: 0x0000004f77000000,0x0000004f77100000] [id=10216]
  0x0000016e15501070 GCTaskThread "GC Thread#8" [stack: 0x0000004f77100000,0x0000004f77200000] [id=13232]
  0x0000016e155cdc40 GCTaskThread "GC Thread#9" [stack: 0x0000004f77200000,0x0000004f77300000] [id=3472]
  0x0000016e73c8d810 ConcurrentGCThread "G1 Main Marker" [stack: 0x0000004f74d00000,0x0000004f74e00000] [id=16928]
  0x0000016e73c8e230 ConcurrentGCThread "G1 Conc#0" [stack: 0x0000004f74e00000,0x0000004f74f00000] [id=21468]
  0x0000016e7fc04020 ConcurrentGCThread "G1 Conc#1" [stack: 0x0000004f77400000,0x0000004f77500000] [id=2112]
  0x0000016e158b3110 ConcurrentGCThread "G1 Conc#2" [stack: 0x0000004f77500000,0x0000004f77600000] [id=3924]
  0x0000016e73cce230 ConcurrentGCThread "G1 Refine#0" [stack: 0x0000004f74f00000,0x0000004f75000000] [id=18568]
  0x0000016e73ccec60 ConcurrentGCThread "G1 Service" [stack: 0x0000004f75000000,0x0000004f75100000] [id=8896]

Threads with active compile tasks:
C2 CompilerThread0      897 1750       4       jdk.internal.org.objectweb.asm.Frame::execute (2305 bytes)

VM state: not at safepoint (normal execution)

VM Mutex/Monitor currently owned by a thread: None

Heap address: 0x0000000080000000, size: 2048 MB, Compressed Oops mode: 32-bit

CDS archive(s) not mapped
Compressed class space mapped at: 0x0000000100000000-0x0000000140000000, reserved size: 1073741824
Narrow klass base: 0x0000000000000000, Narrow klass shift: 3, Narrow klass range: 0x140000000

GC Precious Log:
 CPUs: 12 total, 12 available
 Memory: 7883M
 Large Page Support: Disabled
 NUMA Support: Disabled
 Compressed Oops: Enabled (32-bit)
 Heap Region Size: 1M
 Heap Min Capacity: 128M
 Heap Initial Capacity: 128M
 Heap Max Capacity: 2G
 Pre-touch: Disabled
 Parallel Workers: 10
 Concurrent Workers: 3
 Concurrent Refinement Workers: 10
 Periodic GC: Disabled

Heap:
 garbage-first heap   total 131072K, used 17079K [0x0000000080000000, 0x0000000100000000)
  region size 1024K, 9 young (9216K), 1 survivors (1024K)
 Metaspace       used 23442K, committed 23680K, reserved 1114112K
  class space    used 2506K, committed 2624K, reserved 1048576K

Heap Regions: E=young(eden), S=young(survivor), O=old, HS=humongous(starts), HC=humongous(continues), CS=collection set, F=free, OA=open archive, CA=closed archive, TAMS=top-at-mark-start (previous, next)
|   0|0x0000000080000000, 0x0000000080100000, 0x0000000080100000|100%|HS|  |TAMS 0x0000000080100000, 0x0000000080000000| Complete 
|   1|0x0000000080100000, 0x0000000080200000, 0x0000000080200000|100%|HC|  |TAMS 0x0000000080200000, 0x0000000080100000| Complete 
|   2|0x0000000080200000, 0x0000000080300000, 0x0000000080300000|100%|HC|  |TAMS 0x0000000080300000, 0x0000000080200000| Complete 
|   3|0x0000000080300000, 0x0000000080400000, 0x0000000080400000|100%|HS|  |TAMS 0x0000000080400000, 0x0000000080300000| Complete 
|   4|0x0000000080400000, 0x0000000080500000, 0x0000000080500000|100%| O|  |TAMS 0x0000000080500000, 0x0000000080400000| Untracked 
|   5|0x0000000080500000, 0x0000000080600000, 0x0000000080600000|100%| O|  |TAMS 0x0000000080600000, 0x0000000080500000| Untracked 
|   6|0x0000000080600000, 0x0000000080700000, 0x0000000080700000|100%| O|  |TAMS 0x0000000080642200, 0x0000000080600000| Untracked 
|   7|0x0000000080700000, 0x0000000080800000, 0x0000000080800000|100%| O|  |TAMS 0x0000000080700000, 0x0000000080700000| Untracked 
|   8|0x0000000080800000, 0x0000000080900000, 0x0000000080900000|100%| O|  |TAMS 0x0000000080800000, 0x0000000080800000| Untracked 
|   9|0x0000000080900000, 0x0000000080931200, 0x0000000080a00000| 19%| O|  |TAMS 0x0000000080900000, 0x0000000080900000| Untracked 
|  10|0x0000000080a00000, 0x0000000080a00000, 0x0000000080b00000|  0%| F|  |TAMS 0x0000000080a00000, 0x0000000080a00000| Untracked 
|  11|0x0000000080b00000, 0x0000000080b00000, 0x0000000080c00000|  0%| F|  |TAMS 0x0000000080b00000, 0x0000000080b00000| Untracked 
|  12|0x0000000080c00000, 0x0000000080c00000, 0x0000000080d00000|  0%| F|  |TAMS 0x0000000080c00000, 0x0000000080c00000| Untracked 
|  13|0x0000000080d00000, 0x0000000080d00000, 0x0000000080e00000|  0%| F|  |TAMS 0x0000000080d00000, 0x0000000080d00000| Untracked 
|  14|0x0000000080e00000, 0x0000000080e00000, 0x0000000080f00000|  0%| F|  |TAMS 0x0000000080e00000, 0x0000000080e00000| Untracked 
|  15|0x0000000080f00000, 0x0000000080f00000, 0x0000000081000000|  0%| F|  |TAMS 0x0000000080f00000, 0x0000000080f00000| Untracked 
|  16|0x0000000081000000, 0x0000000081000000, 0x0000000081100000|  0%| F|  |TAMS 0x0000000081000000, 0x0000000081000000| Untracked 
|  17|0x0000000081100000, 0x0000000081100000, 0x0000000081200000|  0%| F|  |TAMS 0x0000000081100000, 0x0000000081100000| Untracked 
|  18|0x0000000081200000, 0x0000000081200000, 0x0000000081300000|  0%| F|  |TAMS 0x0000000081200000, 0x0000000081200000| Untracked 
|  19|0x0000000081300000, 0x0000000081300000, 0x0000000081400000|  0%| F|  |TAMS 0x0000000081300000, 0x0000000081300000| Untracked 
|  20|0x0000000081400000, 0x0000000081400000, 0x0000000081500000|  0%| F|  |TAMS 0x0000000081400000, 0x0000000081400000| Untracked 
|  21|0x0000000081500000, 0x0000000081500000, 0x0000000081600000|  0%| F|  |TAMS 0x0000000081500000, 0x0000000081500000| Untracked 
|  22|0x0000000081600000, 0x0000000081600000, 0x0000000081700000|  0%| F|  |TAMS 0x0000000081600000, 0x0000000081600000| Untracked 
|  23|0x0000000081700000, 0x0000000081700000, 0x0000000081800000|  0%| F|  |TAMS 0x0000000081700000, 0x0000000081700000| Untracked 
|  24|0x0000000081800000, 0x0000000081800000, 0x0000000081900000|  0%| F|  |TAMS 0x0000000081800000, 0x0000000081800000| Untracked 
|  25|0x0000000081900000, 0x0000000081900000, 0x0000000081a00000|  0%| F|  |TAMS 0x0000000081900000, 0x0000000081900000| Untracked 
|  26|0x0000000081a00000, 0x0000000081a00000, 0x0000000081b00000|  0%| F|  |TAMS 0x0000000081a00000, 0x0000000081a00000| Untracked 
|  27|0x0000000081b00000, 0x0000000081b00000, 0x0000000081c00000|  0%| F|  |TAMS 0x0000000081b00000, 0x0000000081b00000| Untracked 
|  28|0x0000000081c00000, 0x0000000081c00000, 0x0000000081d00000|  0%| F|  |TAMS 0x0000000081c00000, 0x0000000081c00000| Untracked 
|  29|0x0000000081d00000, 0x0000000081d00000, 0x0000000081e00000|  0%| F|  |TAMS 0x0000000081d00000, 0x0000000081d00000| Untracked 
|  30|0x0000000081e00000, 0x0000000081e00000, 0x0000000081f00000|  0%| F|  |TAMS 0x0000000081e00000, 0x0000000081e00000| Untracked 
|  31|0x0000000081f00000, 0x0000000081f00000, 0x0000000082000000|  0%| F|  |TAMS 0x0000000081f00000, 0x0000000081f00000| Untracked 
|  32|0x0000000082000000, 0x0000000082000000, 0x0000000082100000|  0%| F|  |TAMS 0x0000000082000000, 0x0000000082000000| Untracked 
|  33|0x0000000082100000, 0x0000000082100000, 0x0000000082200000|  0%| F|  |TAMS 0x0000000082100000, 0x0000000082100000| Untracked 
|  34|0x0000000082200000, 0x0000000082200000, 0x0000000082300000|  0%| F|  |TAMS 0x0000000082200000, 0x0000000082200000| Untracked 
|  35|0x0000000082300000, 0x0000000082300000, 0x0000000082400000|  0%| F|  |TAMS 0x0000000082300000, 0x0000000082300000| Untracked 
|  36|0x0000000082400000, 0x0000000082400000, 0x0000000082500000|  0%| F|  |TAMS 0x0000000082400000, 0x0000000082400000| Untracked 
|  37|0x0000000082500000, 0x0000000082500000, 0x0000000082600000|  0%| F|  |TAMS 0x0000000082500000, 0x0000000082500000| Untracked 
|  38|0x0000000082600000, 0x0000000082600000, 0x0000000082700000|  0%| F|  |TAMS 0x0000000082600000, 0x0000000082600000| Untracked 
|  39|0x0000000082700000, 0x0000000082700000, 0x0000000082800000|  0%| F|  |TAMS 0x0000000082700000, 0x0000000082700000| Untracked 
|  40|0x0000000082800000, 0x0000000082800000, 0x0000000082900000|  0%| F|  |TAMS 0x0000000082800000, 0x0000000082800000| Untracked 
|  41|0x0000000082900000, 0x0000000082900000, 0x0000000082a00000|  0%| F|  |TAMS 0x0000000082900000, 0x0000000082900000| Untracked 
|  42|0x0000000082a00000, 0x0000000082a00000, 0x0000000082b00000|  0%| F|  |TAMS 0x0000000082a00000, 0x0000000082a00000| Untracked 
|  43|0x0000000082b00000, 0x0000000082b00000, 0x0000000082c00000|  0%| F|  |TAMS 0x0000000082b00000, 0x0000000082b00000| Untracked 
|  44|0x0000000082c00000, 0x0000000082c00000, 0x0000000082d00000|  0%| F|  |TAMS 0x0000000082c00000, 0x0000000082c00000| Untracked 
|  45|0x0000000082d00000, 0x0000000082d00000, 0x0000000082e00000|  0%| F|  |TAMS 0x0000000082d00000, 0x0000000082d00000| Untracked 
|  46|0x0000000082e00000, 0x0000000082e00000, 0x0000000082f00000|  0%| F|  |TAMS 0x0000000082e00000, 0x0000000082e00000| Untracked 
|  47|0x0000000082f00000, 0x0000000082f00000, 0x0000000083000000|  0%| F|  |TAMS 0x0000000082f00000, 0x0000000082f00000| Untracked 
|  48|0x0000000083000000, 0x0000000083000000, 0x0000000083100000|  0%| F|  |TAMS 0x0000000083000000, 0x0000000083000000| Untracked 
|  49|0x0000000083100000, 0x0000000083100000, 0x0000000083200000|  0%| F|  |TAMS 0x0000000083100000, 0x0000000083100000| Untracked 
|  50|0x0000000083200000, 0x0000000083200000, 0x0000000083300000|  0%| F|  |TAMS 0x0000000083200000, 0x0000000083200000| Untracked 
|  51|0x0000000083300000, 0x0000000083300000, 0x0000000083400000|  0%| F|  |TAMS 0x0000000083300000, 0x0000000083300000| Untracked 
|  52|0x0000000083400000, 0x0000000083400000, 0x0000000083500000|  0%| F|  |TAMS 0x0000000083400000, 0x0000000083400000| Untracked 
|  53|0x0000000083500000, 0x0000000083500000, 0x0000000083600000|  0%| F|  |TAMS 0x0000000083500000, 0x0000000083500000| Untracked 
|  54|0x0000000083600000, 0x0000000083600000, 0x0000000083700000|  0%| F|  |TAMS 0x0000000083600000, 0x0000000083600000| Untracked 
|  55|0x0000000083700000, 0x0000000083700000, 0x0000000083800000|  0%| F|  |TAMS 0x0000000083700000, 0x0000000083700000| Untracked 
|  56|0x0000000083800000, 0x0000000083800000, 0x0000000083900000|  0%| F|  |TAMS 0x0000000083800000, 0x0000000083800000| Untracked 
|  57|0x0000000083900000, 0x0000000083900000, 0x0000000083a00000|  0%| F|  |TAMS 0x0000000083900000, 0x0000000083900000| Untracked 
|  58|0x0000000083a00000, 0x0000000083a00000, 0x0000000083b00000|  0%| F|  |TAMS 0x0000000083a00000, 0x0000000083a00000| Untracked 
|  59|0x0000000083b00000, 0x0000000083b00000, 0x0000000083c00000|  0%| F|  |TAMS 0x0000000083b00000, 0x0000000083b00000| Untracked 
|  60|0x0000000083c00000, 0x0000000083c00000, 0x0000000083d00000|  0%| F|  |TAMS 0x0000000083c00000, 0x0000000083c00000| Untracked 
|  61|0x0000000083d00000, 0x0000000083d00000, 0x0000000083e00000|  0%| F|  |TAMS 0x0000000083d00000, 0x0000000083d00000| Untracked 
|  62|0x0000000083e00000, 0x0000000083e00000, 0x0000000083f00000|  0%| F|  |TAMS 0x0000000083e00000, 0x0000000083e00000| Untracked 
|  63|0x0000000083f00000, 0x0000000083f00000, 0x0000000084000000|  0%| F|  |TAMS 0x0000000083f00000, 0x0000000083f00000| Untracked 
|  64|0x0000000084000000, 0x0000000084000000, 0x0000000084100000|  0%| F|  |TAMS 0x0000000084000000, 0x0000000084000000| Untracked 
|  65|0x0000000084100000, 0x0000000084100000, 0x0000000084200000|  0%| F|  |TAMS 0x0000000084100000, 0x0000000084100000| Untracked 
|  66|0x0000000084200000, 0x0000000084200000, 0x0000000084300000|  0%| F|  |TAMS 0x0000000084200000, 0x0000000084200000| Untracked 
|  67|0x0000000084300000, 0x0000000084300000, 0x0000000084400000|  0%| F|  |TAMS 0x0000000084300000, 0x0000000084300000| Untracked 
|  68|0x0000000084400000, 0x0000000084400000, 0x0000000084500000|  0%| F|  |TAMS 0x0000000084400000, 0x0000000084400000| Untracked 
|  69|0x0000000084500000, 0x0000000084500000, 0x0000000084600000|  0%| F|  |TAMS 0x0000000084500000, 0x0000000084500000| Untracked 
|  70|0x0000000084600000, 0x0000000084600000, 0x0000000084700000|  0%| F|  |TAMS 0x0000000084600000, 0x0000000084600000| Untracked 
|  71|0x0000000084700000, 0x0000000084700000, 0x0000000084800000|  0%| F|  |TAMS 0x0000000084700000, 0x0000000084700000| Untracked 
|  72|0x0000000084800000, 0x0000000084800000, 0x0000000084900000|  0%| F|  |TAMS 0x0000000084800000, 0x0000000084800000| Untracked 
|  73|0x0000000084900000, 0x0000000084900000, 0x0000000084a00000|  0%| F|  |TAMS 0x0000000084900000, 0x0000000084900000| Untracked 
|  74|0x0000000084a00000, 0x0000000084a00000, 0x0000000084b00000|  0%| F|  |TAMS 0x0000000084a00000, 0x0000000084a00000| Untracked 
|  75|0x0000000084b00000, 0x0000000084b00000, 0x0000000084c00000|  0%| F|  |TAMS 0x0000000084b00000, 0x0000000084b00000| Untracked 
|  76|0x0000000084c00000, 0x0000000084c00000, 0x0000000084d00000|  0%| F|  |TAMS 0x0000000084c00000, 0x0000000084c00000| Untracked 
|  77|0x0000000084d00000, 0x0000000084d00000, 0x0000000084e00000|  0%| F|  |TAMS 0x0000000084d00000, 0x0000000084d00000| Untracked 
|  78|0x0000000084e00000, 0x0000000084e00000, 0x0000000084f00000|  0%| F|  |TAMS 0x0000000084e00000, 0x0000000084e00000| Untracked 
|  79|0x0000000084f00000, 0x0000000084f00000, 0x0000000085000000|  0%| F|  |TAMS 0x0000000084f00000, 0x0000000084f00000| Untracked 
|  80|0x0000000085000000, 0x0000000085000000, 0x0000000085100000|  0%| F|  |TAMS 0x0000000085000000, 0x0000000085000000| Untracked 
|  81|0x0000000085100000, 0x0000000085100000, 0x0000000085200000|  0%| F|  |TAMS 0x0000000085100000, 0x0000000085100000| Untracked 
|  82|0x0000000085200000, 0x0000000085200000, 0x0000000085300000|  0%| F|  |TAMS 0x0000000085200000, 0x0000000085200000| Untracked 
|  83|0x0000000085300000, 0x0000000085300000, 0x0000000085400000|  0%| F|  |TAMS 0x0000000085300000, 0x0000000085300000| Untracked 
|  84|0x0000000085400000, 0x0000000085400000, 0x0000000085500000|  0%| F|  |TAMS 0x0000000085400000, 0x0000000085400000| Untracked 
|  85|0x0000000085500000, 0x0000000085500000, 0x0000000085600000|  0%| F|  |TAMS 0x0000000085500000, 0x0000000085500000| Untracked 
|  86|0x0000000085600000, 0x0000000085600000, 0x0000000085700000|  0%| F|  |TAMS 0x0000000085600000, 0x0000000085600000| Untracked 
|  87|0x0000000085700000, 0x0000000085700000, 0x0000000085800000|  0%| F|  |TAMS 0x0000000085700000, 0x0000000085700000| Untracked 
|  88|0x0000000085800000, 0x0000000085800000, 0x0000000085900000|  0%| F|  |TAMS 0x0000000085800000, 0x0000000085800000| Untracked 
|  89|0x0000000085900000, 0x0000000085900000, 0x0000000085a00000|  0%| F|  |TAMS 0x0000000085900000, 0x0000000085900000| Untracked 
|  90|0x0000000085a00000, 0x0000000085a00000, 0x0000000085b00000|  0%| F|  |TAMS 0x0000000085a00000, 0x0000000085a00000| Untracked 
|  91|0x0000000085b00000, 0x0000000085b00000, 0x0000000085c00000|  0%| F|  |TAMS 0x0000000085b00000, 0x0000000085b00000| Untracked 
|  92|0x0000000085c00000, 0x0000000085c00000, 0x0000000085d00000|  0%| F|  |TAMS 0x0000000085c00000, 0x0000000085c00000| Untracked 
|  93|0x0000000085d00000, 0x0000000085d00000, 0x0000000085e00000|  0%| F|  |TAMS 0x0000000085d00000, 0x0000000085d00000| Untracked 
|  94|0x0000000085e00000, 0x0000000085e00000, 0x0000000085f00000|  0%| F|  |TAMS 0x0000000085e00000, 0x0000000085e00000| Untracked 
|  95|0x0000000085f00000, 0x0000000085f00000, 0x0000000086000000|  0%| F|  |TAMS 0x0000000085f00000, 0x0000000085f00000| Untracked 
|  96|0x0000000086000000, 0x0000000086000000, 0x0000000086100000|  0%| F|  |TAMS 0x0000000086000000, 0x0000000086000000| Untracked 
|  97|0x0000000086100000, 0x0000000086100000, 0x0000000086200000|  0%| F|  |TAMS 0x0000000086100000, 0x0000000086100000| Untracked 
|  98|0x0000000086200000, 0x0000000086200000, 0x0000000086300000|  0%| F|  |TAMS 0x0000000086200000, 0x0000000086200000| Untracked 
|  99|0x0000000086300000, 0x0000000086300000, 0x0000000086400000|  0%| F|  |TAMS 0x0000000086300000, 0x0000000086300000| Untracked 
| 100|0x0000000086400000, 0x0000000086400000, 0x0000000086500000|  0%| F|  |TAMS 0x0000000086400000, 0x0000000086400000| Untracked 
| 101|0x0000000086500000, 0x0000000086500000, 0x0000000086600000|  0%| F|  |TAMS 0x0000000086500000, 0x0000000086500000| Untracked 
| 102|0x0000000086600000, 0x0000000086600000, 0x0000000086700000|  0%| F|  |TAMS 0x0000000086600000, 0x0000000086600000| Untracked 
| 103|0x0000000086700000, 0x0000000086700000, 0x0000000086800000|  0%| F|  |TAMS 0x0000000086700000, 0x0000000086700000| Untracked 
| 104|0x0000000086800000, 0x0000000086800000, 0x0000000086900000|  0%| F|  |TAMS 0x0000000086800000, 0x0000000086800000| Untracked 
| 105|0x0000000086900000, 0x0000000086900000, 0x0000000086a00000|  0%| F|  |TAMS 0x0000000086900000, 0x0000000086900000| Untracked 
| 106|0x0000000086a00000, 0x0000000086a00000, 0x0000000086b00000|  0%| F|  |TAMS 0x0000000086a00000, 0x0000000086a00000| Untracked 
| 107|0x0000000086b00000, 0x0000000086b00000, 0x0000000086c00000|  0%| F|  |TAMS 0x0000000086b00000, 0x0000000086b00000| Untracked 
| 108|0x0000000086c00000, 0x0000000086c00000, 0x0000000086d00000|  0%| F|  |TAMS 0x0000000086c00000, 0x0000000086c00000| Untracked 
| 109|0x0000000086d00000, 0x0000000086d00000, 0x0000000086e00000|  0%| F|  |TAMS 0x0000000086d00000, 0x0000000086d00000| Untracked 
| 110|0x0000000086e00000, 0x0000000086e00000, 0x0000000086f00000|  0%| F|  |TAMS 0x0000000086e00000, 0x0000000086e00000| Untracked 
| 111|0x0000000086f00000, 0x0000000086f00000, 0x0000000087000000|  0%| F|  |TAMS 0x0000000086f00000, 0x0000000086f00000| Untracked 
| 112|0x0000000087000000, 0x0000000087000000, 0x0000000087100000|  0%| F|  |TAMS 0x0000000087000000, 0x0000000087000000| Untracked 
| 113|0x0000000087100000, 0x0000000087100000, 0x0000000087200000|  0%| F|  |TAMS 0x0000000087100000, 0x0000000087100000| Untracked 
| 114|0x0000000087200000, 0x0000000087200000, 0x0000000087300000|  0%| F|  |TAMS 0x0000000087200000, 0x0000000087200000| Untracked 
| 115|0x0000000087300000, 0x0000000087300000, 0x0000000087400000|  0%| F|  |TAMS 0x0000000087300000, 0x0000000087300000| Untracked 
| 116|0x0000000087400000, 0x0000000087400000, 0x0000000087500000|  0%| F|  |TAMS 0x0000000087400000, 0x0000000087400000| Untracked 
| 117|0x0000000087500000, 0x0000000087500000, 0x0000000087600000|  0%| F|  |TAMS 0x0000000087500000, 0x0000000087500000| Untracked 
| 118|0x0000000087600000, 0x0000000087600000, 0x0000000087700000|  0%| F|  |TAMS 0x0000000087600000, 0x0000000087600000| Untracked 
| 119|0x0000000087700000, 0x0000000087800000, 0x0000000087800000|100%| E|  |TAMS 0x0000000087700000, 0x0000000087700000| Complete 
| 120|0x0000000087800000, 0x0000000087900000, 0x0000000087900000|100%| E|CS|TAMS 0x0000000087800000, 0x0000000087800000| Complete 
| 121|0x0000000087900000, 0x0000000087a00000, 0x0000000087a00000|100%| E|CS|TAMS 0x0000000087900000, 0x0000000087900000| Complete 
| 122|0x0000000087a00000, 0x0000000087b00000, 0x0000000087b00000|100%| E|CS|TAMS 0x0000000087a00000, 0x0000000087a00000| Complete 
| 123|0x0000000087b00000, 0x0000000087c00000, 0x0000000087c00000|100%| E|CS|TAMS 0x0000000087b00000, 0x0000000087b00000| Complete 
| 124|0x0000000087c00000, 0x0000000087c7cda0, 0x0000000087d00000| 48%| S|CS|TAMS 0x0000000087c00000, 0x0000000087c00000| Complete 
| 125|0x0000000087d00000, 0x0000000087e00000, 0x0000000087e00000|100%| E|CS|TAMS 0x0000000087d00000, 0x0000000087d00000| Complete 
| 126|0x0000000087e00000, 0x0000000087f00000, 0x0000000087f00000|100%| E|CS|TAMS 0x0000000087e00000, 0x0000000087e00000| Complete 
| 127|0x0000000087f00000, 0x0000000088000000, 0x0000000088000000|100%| E|CS|TAMS 0x0000000087f00000, 0x0000000087f00000| Complete 

Card table byte_map: [0x0000016e79bf0000,0x0000016e79ff0000] _byte_map_base: 0x0000016e797f0000

Marking Bits (Prev, Next): (CMBitMap*) 0x0000016e73c7cf20, (CMBitMap*) 0x0000016e73c7cee0
 Prev Bits: [0x0000016e7c3f0000, 0x0000016e7e3f0000)
 Next Bits: [0x0000016e7a3f0000, 0x0000016e7c3f0000)

Polling page: 0x0000016e73cd0000

Metaspace:

Usage:
  Non-class:     20.45 MB used.
      Class:      2.45 MB used.
       Both:     22.89 MB used.

Virtual space:
  Non-class space:       64.00 MB reserved,      20.56 MB ( 32%) committed,  1 nodes.
      Class space:        1.00 GB reserved,       2.56 MB ( <1%) committed,  1 nodes.
             Both:        1.06 GB reserved,      23.12 MB (  2%) committed. 

Chunk freelists:
   Non-Class:  10.53 MB
       Class:  13.44 MB
        Both:  23.97 MB

MaxMetaspaceSize: unlimited
CompressedClassSpaceSize: 1.00 GB
Initial GC threshold: 21.00 MB
Current GC threshold: 35.12 MB
CDS: off
MetaspaceReclaimPolicy: balanced
 - commit_granule_bytes: 65536.
 - commit_granule_words: 8192.
 - virtual_space_node_default_size: 8388608.
 - enlarge_chunks_in_place: 1.
 - new_chunks_are_fully_committed: 0.
 - uncommit_free_chunks: 1.
 - use_allocation_guard: 0.
 - handle_deallocations: 1.


Internal statistics:

num_allocs_failed_limit: 3.
num_arena_births: 286.
num_arena_deaths: 0.
num_vsnodes_births: 2.
num_vsnodes_deaths: 0.
num_space_committed: 370.
num_space_uncommitted: 0.
num_chunks_returned_to_freelist: 3.
num_chunks_taken_from_freelist: 644.
num_chunk_merges: 0.
num_chunk_splits: 386.
num_chunks_enlarged: 201.
num_inconsistent_stats: 0.

CodeHeap 'non-profiled nmethods': size=120000Kb used=659Kb max_used=659Kb free=119340Kb
 bounds [0x0000016e07ad0000, 0x0000016e07d40000, 0x0000016e0f000000]
CodeHeap 'profiled nmethods': size=120000Kb used=3342Kb max_used=3342Kb free=116657Kb
 bounds [0x0000016e00000000, 0x0000016e00350000, 0x0000016e07530000]
CodeHeap 'non-nmethods': size=5760Kb used=1238Kb max_used=1269Kb free=4521Kb
 bounds [0x0000016e07530000, 0x0000016e077a0000, 0x0000016e07ad0000]
 total_blobs=2360 nmethods=1813 adapters=460
 compilation: enabled
              stopped_count=0, restarted_count=0
 full_count=0

Compilation events (20 events):
Event: 0.878 Thread 0x0000016e7f2aa390 1794       3       java.security.MessageDigest::update (45 bytes)
Event: 0.879 Thread 0x0000016e7f2aa390 nmethod 1794 0x0000016e00335690 code [0x0000016e00335880, 0x0000016e00335d28]
Event: 0.879 Thread 0x0000016e7f2aa390 1795       3       java.security.MessageDigest$Delegate$CloneableDelegate::<init> (8 bytes)
Event: 0.879 Thread 0x0000016e7f2aa390 nmethod 1795 0x0000016e00335f10 code [0x0000016e003360c0, 0x0000016e00336478]
Event: 0.879 Thread 0x0000016e7f2aa390 1796       3       java.security.MessageDigest$Delegate::<init> (12 bytes)
Event: 0.879 Thread 0x0000016e7f2aa390 nmethod 1796 0x0000016e00336590 code [0x0000016e00336740, 0x0000016e00336a78]
Event: 0.879 Thread 0x0000016e7f2aa390 1797       3       java.security.MessageDigest::<init> (20 bytes)
Event: 0.879 Thread 0x0000016e7f2aa390 nmethod 1797 0x0000016e00336b90 code [0x0000016e00336d40, 0x0000016e00336fd8]
Event: 0.879 Thread 0x0000016e7f2aa390 1801       3       java.lang.reflect.AccessibleObject::verifyAccess (55 bytes)
Event: 0.880 Thread 0x0000016e7f2aa390 nmethod 1801 0x0000016e00337090 code [0x0000016e003372e0, 0x0000016e00337e88]
Event: 0.880 Thread 0x0000016e7f2aa390 1800       3       java.lang.reflect.Method::setAccessible (21 bytes)
Event: 0.880 Thread 0x0000016e7f2aa390 nmethod 1800 0x0000016e00338190 code [0x0000016e003383a0, 0x0000016e003389c8]
Event: 0.880 Thread 0x0000016e7f2aa390 1802   !   3       java.security.Provider$Service::newInstanceUtil (60 bytes)
Event: 0.881 Thread 0x0000016e7f2aa390 nmethod 1802 0x0000016e00338c10 code [0x0000016e00338ee0, 0x0000016e00339c68]
Event: 0.881 Thread 0x0000016e7f2aa390 1803   !   3       java.security.Provider$Service::newInstance (365 bytes)
Event: 0.882 Thread 0x0000016e73c21420 nmethod 1790% 0x0000016e07b72590 code [0x0000016e07b72740, 0x0000016e07b72dd8]
Event: 0.883 Thread 0x0000016e7f2aa390 nmethod 1803 0x0000016e0033a190 code [0x0000016e0033a840, 0x0000016e0033d678]
Event: 0.883 Thread 0x0000016e7f2aa390 1804       1       java.lang.reflect.Constructor::getModifiers (5 bytes)
Event: 0.883 Thread 0x0000016e7f2aa390 nmethod 1804 0x0000016e07b73210 code [0x0000016e07b733a0, 0x0000016e07b73478]
Event: 0.885 Thread 0x0000016e15b4e3e0 nmethod 1783 0x0000016e07b73510 code [0x0000016e07b736e0, 0x0000016e07b740d8]

GC Heap History (4 events):
Event: 0.534 GC heap before
{Heap before GC invocations=0 (full 0):
 garbage-first heap   total 131072K, used 26624K [0x0000000080000000, 0x0000000100000000)
  region size 1024K, 23 young (23552K), 0 survivors (0K)
 Metaspace       used 18292K, committed 18560K, reserved 1114112K
  class space    used 1921K, committed 2048K, reserved 1048576K
}
Event: 0.540 GC heap after
{Heap after GC invocations=1 (full 0):
 garbage-first heap   total 131072K, used 9480K [0x0000000080000000, 0x0000000100000000)
  region size 1024K, 3 young (3072K), 3 survivors (3072K)
 Metaspace       used 18292K, committed 18560K, reserved 1114112K
  class space    used 1921K, committed 2048K, reserved 1048576K
}
Event: 0.636 GC heap before
{Heap before GC invocations=1 (full 0):
 garbage-first heap   total 131072K, used 11528K [0x0000000080000000, 0x0000000100000000)
  region size 1024K, 6 young (6144K), 3 survivors (3072K)
 Metaspace       used 21254K, committed 21504K, reserved 1114112K
  class space    used 2285K, committed 2432K, reserved 1048576K
}
Event: 0.639 GC heap after
{Heap after GC invocations=2 (full 0):
 garbage-first heap   total 131072K, used 9911K [0x0000000080000000, 0x0000000100000000)
  region size 1024K, 1 young (1024K), 1 survivors (1024K)
 Metaspace       used 21254K, committed 21504K, reserved 1114112K
  class space    used 2285K, committed 2432K, reserved 1048576K
}

Dll operation events (1 events):
Event: 0.004 Loaded shared library C:\Program Files\JetBrains\IntelliJ IDEA 2023.2.5\jbr\bin\java.dll

Deoptimization events (20 events):
Event: 0.678 Thread 0x0000016e7f96fa80 DEOPT PACKING pc=0x0000016e07b41448 sp=0x0000004f768fde70
Event: 0.678 Thread 0x0000016e7f96fa80 DEOPT UNPACKING pc=0x0000016e075869a3 sp=0x0000004f768fde18 mode 2
Event: 0.678 Thread 0x0000016e7f96fa80 Uncommon trap: trap_request=0xffffffc6 fr.pc=0x0000016e07b41448 relative=0x0000000000000288
Event: 0.678 Thread 0x0000016e7f96fa80 Uncommon trap: reason=bimorphic_or_optimized_type_check action=maybe_recompile pc=0x0000016e07b41448 method=java.util.regex.Pattern$SliceI.match(Ljava/util/regex/Matcher;ILjava/lang/CharSequence;)Z @ 92 c2
Event: 0.678 Thread 0x0000016e7f96fa80 DEOPT PACKING pc=0x0000016e07b41448 sp=0x0000004f768fdec0
Event: 0.678 Thread 0x0000016e7f96fa80 DEOPT UNPACKING pc=0x0000016e075869a3 sp=0x0000004f768fde68 mode 2
Event: 0.716 Thread 0x0000016e7f96fa80 Uncommon trap: trap_request=0xffffff45 fr.pc=0x0000016e07b3fd38 relative=0x0000000000000678
Event: 0.716 Thread 0x0000016e7f96fa80 Uncommon trap: reason=unstable_if action=reinterpret pc=0x0000016e07b3fd38 method=java.lang.AbstractStringBuilder.append(Ljava/lang/String;)Ljava/lang/AbstractStringBuilder; @ 1 c2
Event: 0.716 Thread 0x0000016e7f96fa80 DEOPT PACKING pc=0x0000016e07b3fd38 sp=0x0000004f768fe0a0
Event: 0.716 Thread 0x0000016e7f96fa80 DEOPT UNPACKING pc=0x0000016e075869a3 sp=0x0000004f768fe078 mode 2
Event: 0.770 Thread 0x0000016e7f96fa80 Uncommon trap: trap_request=0xffffff45 fr.pc=0x0000016e07b508a8 relative=0x0000000000005ba8
Event: 0.770 Thread 0x0000016e7f96fa80 Uncommon trap: reason=unstable_if action=reinterpret pc=0x0000016e07b508a8 method=jdk.internal.org.objectweb.asm.Frame.execute(IILjdk/internal/org/objectweb/asm/Symbol;Ljdk/internal/org/objectweb/asm/SymbolTable;)V @ 1 c2
Event: 0.771 Thread 0x0000016e7f96fa80 DEOPT PACKING pc=0x0000016e07b508a8 sp=0x0000004f768fd8e0
Event: 0.771 Thread 0x0000016e7f96fa80 DEOPT UNPACKING pc=0x0000016e075869a3 sp=0x0000004f768fd878 mode 2
Event: 0.779 Thread 0x0000016e7f96fa80 DEOPT PACKING pc=0x0000016e000963ba sp=0x0000004f768fdca0
Event: 0.779 Thread 0x0000016e7f96fa80 DEOPT UNPACKING pc=0x0000016e07587143 sp=0x0000004f768fd118 mode 0
Event: 0.781 Thread 0x0000016e7f96fa80 DEOPT PACKING pc=0x0000016e000963ba sp=0x0000004f768fdb50
Event: 0.781 Thread 0x0000016e7f96fa80 DEOPT UNPACKING pc=0x0000016e07587143 sp=0x0000004f768fcfc8 mode 0
Event: 0.847 Thread 0x0000016e7f96fa80 DEOPT PACKING pc=0x0000016e000963ba sp=0x0000004f768fdca0
Event: 0.847 Thread 0x0000016e7f96fa80 DEOPT UNPACKING pc=0x0000016e07587143 sp=0x0000004f768fd118 mode 0

Classes unloaded (0 events):
No events

Classes redefined (0 events):
No events

Internal exceptions (20 events):
Event: 0.153 Thread 0x0000016e73c205a0 Exception <a 'java/lang/NoSuchMethodError'{0x0000000087b4b1b0}: 'void java.lang.invoke.DirectMethodHandle$Holder.invokeStaticInit(java.lang.Object, java.lang.Object)'> (0x0000000087b4b1b0) 
thrown [s\src\hotspot\share\interpreter\linkResolver.cpp, line 771]
Event: 0.164 Thread 0x0000016e73c205a0 Exception <a 'java/lang/NoSuchMethodError'{0x0000000087b5dd70}: 'java.lang.Object java.lang.invoke.DirectMethodHandle$Holder.invokeStaticInit(java.lang.Object)'> (0x0000000087b5dd70) 
thrown [s\src\hotspot\share\interpreter\linkResolver.cpp, line 771]
Event: 0.185 Thread 0x0000016e73c205a0 Exception <a 'java/lang/NoSuchMethodError'{0x0000000087bf1680}: 'java.lang.Object java.lang.invoke.DirectMethodHandle$Holder.invokeStaticInit(java.lang.Object, int, int, int, int)'> (0x0000000087bf1680) 
thrown [s\src\hotspot\share\interpreter\linkResolver.cpp, line 771]
Event: 0.208 Thread 0x0000016e73c205a0 Exception <a 'java/lang/NoSuchMethodError'{0x0000000087ac04b8}: 'java.lang.Object java.lang.invoke.DirectMethodHandle$Holder.invokeStaticInit(java.lang.Object, java.lang.Object, int, int, int, int)'> (0x0000000087ac04b8) 
thrown [s\src\hotspot\share\interpreter\linkResolver.cpp, line 771]
Event: 0.263 Thread 0x0000016e73c205a0 Exception <a 'java/lang/NoSuchMethodError'{0x0000000087739530}: 'java.lang.Object java.lang.invoke.Invokers$Holder.linkToTargetMethod(java.lang.Object, long, java.lang.Object)'> (0x0000000087739530) 
thrown [s\src\hotspot\share\interpreter\linkResolver.cpp, line 771]
Event: 0.314 Thread 0x0000016e7f96f570 Exception <a 'java/lang/NoSuchMethodError'{0x00000000875fc160}: static [B.<clinit>()V> (0x00000000875fc160) 
thrown [s\src\hotspot\share\prims\jni.cpp, line 1108]
Event: 0.314 Thread 0x0000016e7f96fa80 Exception <a 'java/lang/NoSuchMethodError'{0x00000000875249f0}: static [B.<clinit>()V> (0x00000000875249f0) 
thrown [s\src\hotspot\share\prims\jni.cpp, line 1108]
Event: 0.323 Thread 0x0000016e7f96fa80 Exception <a 'java/lang/NoSuchMethodError'{0x0000000087552168}: static [Ljava/rmi/server/ObjID;.<clinit>()V> (0x0000000087552168) 
thrown [s\src\hotspot\share\prims\jni.cpp, line 1108]
Event: 0.324 Thread 0x0000016e7f96ff90 Exception <a 'java/lang/InterruptedException'{0x0000000087400000}> (0x0000000087400000) 
thrown [s\src\hotspot\share\runtime\objectMonitor.cpp, line 1658]
Event: 0.324 Thread 0x0000016e7f96fa80 Exception <a 'java/lang/NoSuchMethodError'{0x0000000087559bd0}: 'void java.lang.invoke.DirectMethodHandle$Holder.invokeSpecial(java.lang.Object, java.lang.Object, java.lang.Object)'> (0x0000000087559bd0) 
thrown [s\src\hotspot\share\interpreter\linkResolver.cpp, line 771]
Event: 0.324 Thread 0x0000016e7f96fa80 Exception <a 'java/lang/NoSuchMethodError'{0x000000008755d138}: 'void java.lang.invoke.Invokers$Holder.invoke_MT(java.lang.Object, java.lang.Object, java.lang.Object)'> (0x000000008755d138) 
thrown [s\src\hotspot\share\interpreter\linkResolver.cpp, line 771]
Event: 0.325 Thread 0x0000016e7f96ff90 Exception <a 'java/lang/NoSuchMethodError'{0x00000000874089f8}: 'java.lang.Object java.lang.invoke.DirectMethodHandle$Holder.newInvokeSpecial(java.lang.Object, java.lang.Object, int, java.lang.Object, long)'> (0x00000000874089f8) 
thrown [s\src\hotspot\share\interpreter\linkResolver.cpp, line 771]
Event: 0.380 Thread 0x0000016e7f96fa80 Exception <a 'java/lang/NoSuchMethodError'{0x000000008714d418}: 'java.lang.Object java.lang.invoke.DirectMethodHandle$Holder.invokeInterface(java.lang.Object, java.lang.Object)'> (0x000000008714d418) 
thrown [s\src\hotspot\share\interpreter\linkResolver.cpp, line 771]
Event: 0.397 Thread 0x0000016e7f96fa80 Exception <a 'java/lang/NoSuchMethodError'{0x00000000871d5740}: 'java.lang.Object java.lang.invoke.DirectMethodHandle$Holder.invokeVirtual(java.lang.Object, java.lang.Object, java.lang.Object)'> (0x00000000871d5740) 
thrown [s\src\hotspot\share\interpreter\linkResolver.cpp, line 771]
Event: 0.503 Thread 0x0000016e7f96fa80 Exception <a 'sun/nio/fs/WindowsException'{0x0000000086af7688}> (0x0000000086af7688) 
thrown [s\src\hotspot\share\prims\jni.cpp, line 517]
Event: 0.513 Thread 0x0000016e7f96fa80 Exception <a 'java/lang/NoSuchMethodError'{0x000000008691d378}: 'int java.lang.invoke.DirectMethodHandle$Holder.invokeStaticInit(java.lang.Object, java.lang.Object, java.lang.Object, java.lang.Object)'> (0x000000008691d378) 
thrown [s\src\hotspot\share\interpreter\linkResolver.cpp, line 771]
Event: 0.513 Thread 0x0000016e7f96fa80 Exception <a 'java/lang/IncompatibleClassChangeError'{0x00000000869267c8}: Found class java.lang.Object, but interface was expected> (0x00000000869267c8) 
thrown [s\src\hotspot\share\interpreter\linkResolver.cpp, line 838]
Event: 0.513 Thread 0x0000016e7f96fa80 Exception <a 'java/lang/NoSuchMethodError'{0x000000008692be30}: 'int java.lang.invoke.DirectMethodHandle$Holder.invokeStaticInit(java.lang.Object, java.lang.Object)'> (0x000000008692be30) 
thrown [s\src\hotspot\share\interpreter\linkResolver.cpp, line 771]
Event: 0.716 Thread 0x0000016e7f96fa80 Implicit null exception at 0x0000016e07b3f6f2 to 0x0000016e07b3fd20
Event: 0.717 Thread 0x0000016e7f96fa80 Exception <a 'java/lang/NoSuchMethodError'{0x0000000087b78320}: 'java.lang.Object java.lang.invoke.DirectMethodHandle$Holder.newInvokeSpecial(java.lang.Object, java.lang.Object, int)'> (0x0000000087b78320) 
thrown [s\src\hotspot\share\interpreter\linkResolver.cpp, line 771]

VM Operations (20 events):
Event: 0.096 Executing VM operation: HandshakeAllThreads
Event: 0.096 Executing VM operation: HandshakeAllThreads done
Event: 0.126 Executing VM operation: HandshakeAllThreads
Event: 0.126 Executing VM operation: HandshakeAllThreads done
Event: 0.156 Executing VM operation: HandshakeAllThreads
Event: 0.156 Executing VM operation: HandshakeAllThreads done
Event: 0.504 Executing VM operation: HandshakeAllThreads
Event: 0.504 Executing VM operation: HandshakeAllThreads done
Event: 0.510 Executing VM operation: HandshakeAllThreads
Event: 0.510 Executing VM operation: HandshakeAllThreads done
Event: 0.532 Executing VM operation: ICBufferFull
Event: 0.532 Executing VM operation: ICBufferFull done
Event: 0.534 Executing VM operation: G1CollectForAllocation
Event: 0.540 Executing VM operation: G1CollectForAllocation done
Event: 0.636 Executing VM operation: CollectForMetadataAllocation
Event: 0.639 Executing VM operation: CollectForMetadataAllocation done
Event: 0.641 Executing VM operation: G1PauseRemark
Event: 0.642 Executing VM operation: G1PauseRemark done
Event: 0.643 Executing VM operation: G1PauseCleanup
Event: 0.643 Executing VM operation: G1PauseCleanup done

Events (20 events):
Event: 0.713 loading class sun/util/resources/Bundles$BundleReference
Event: 0.713 loading class sun/util/resources/Bundles$CacheKeyReference
Event: 0.713 loading class sun/util/resources/Bundles$CacheKeyReference done
Event: 0.713 loading class sun/util/resources/Bundles$BundleReference done
Event: 0.713 loading class sun/util/locale/provider/LocaleResources$ResourceReference
Event: 0.713 loading class sun/util/locale/provider/LocaleResources$ResourceReference done
Event: 0.714 loading class java/time/format/DateTimeParseException
Event: 0.715 loading class java/time/DateTimeException
Event: 0.715 loading class java/time/DateTimeException done
Event: 0.715 loading class java/time/format/DateTimeParseException done
Event: 0.752 loading class jdk/internal/reflect/UnsafeQualifiedStaticObjectFieldAccessorImpl
Event: 0.753 loading class jdk/internal/reflect/UnsafeQualifiedStaticObjectFieldAccessorImpl done
Event: 0.753 loading class java/nio/charset/CharacterCodingException
Event: 0.753 loading class java/nio/charset/CharacterCodingException done
Event: 0.753 loading class java/util/stream/IntStream
Event: 0.754 loading class java/util/stream/IntStream done
Event: 0.813 loading class java/util/AbstractList$ListItr
Event: 0.813 loading class java/util/AbstractList$ListItr done
Event: 0.821 loading class java/util/function/UnaryOperator
Event: 0.821 loading class java/util/function/UnaryOperator done


Dynamic libraries:
0x00007ff7b1150000 - 0x00007ff7b115a000 	C:\Program Files\JetBrains\IntelliJ IDEA 2023.2.5\jbr\bin\java.exe
0x00007ffed6470000 - 0x00007ffed6687000 	C:\WINDOWS\SYSTEM32\ntdll.dll
0x00007ffed4eb0000 - 0x00007ffed4f74000 	C:\WINDOWS\System32\KERNEL32.DLL
0x00007ffed3d50000 - 0x00007ffed410a000 	C:\WINDOWS\System32\KERNELBASE.dll
0x00007ffed3c30000 - 0x00007ffed3d41000 	C:\WINDOWS\System32\ucrtbase.dll
0x00007ffeb49b0000 - 0x00007ffeb49cb000 	C:\Program Files\JetBrains\IntelliJ IDEA 2023.2.5\jbr\bin\VCRUNTIME140.dll
0x00007ffeb6330000 - 0x00007ffeb6347000 	C:\Program Files\JetBrains\IntelliJ IDEA 2023.2.5\jbr\bin\jli.dll
0x00007ffed61c0000 - 0x00007ffed636e000 	C:\WINDOWS\System32\USER32.dll
0x00007ffed4140000 - 0x00007ffed4166000 	C:\WINDOWS\System32\win32u.dll
0x00007ffec6eb0000 - 0x00007ffec7142000 	C:\WINDOWS\WinSxS\amd64_microsoft.windows.common-controls_6595b64144ccf1df_6.0.22621.4541_none_2710d1c57384c085\COMCTL32.dll
0x00007ffed4470000 - 0x00007ffed4499000 	C:\WINDOWS\System32\GDI32.dll
0x00007ffed3b10000 - 0x00007ffed3c2b000 	C:\WINDOWS\System32\gdi32full.dll
0x00007ffed55f0000 - 0x00007ffed5697000 	C:\WINDOWS\System32\msvcrt.dll
0x00007ffed39b0000 - 0x00007ffed3a4a000 	C:\WINDOWS\System32\msvcp_win.dll
0x00007ffed6370000 - 0x00007ffed63a1000 	C:\WINDOWS\System32\IMM32.DLL
0x00007ffec0d20000 - 0x00007ffec0d2c000 	C:\Program Files\JetBrains\IntelliJ IDEA 2023.2.5\jbr\bin\vcruntime140_1.dll
0x00007ffeb2720000 - 0x00007ffeb27ad000 	C:\Program Files\JetBrains\IntelliJ IDEA 2023.2.5\jbr\bin\msvcp140.dll
0x00007ffe5f250000 - 0x00007ffe5fed3000 	C:\Program Files\JetBrains\IntelliJ IDEA 2023.2.5\jbr\bin\server\jvm.dll
0x00007ffed6100000 - 0x00007ffed61b2000 	C:\WINDOWS\System32\ADVAPI32.dll
0x00007ffed43c0000 - 0x00007ffed4467000 	C:\WINDOWS\System32\sechost.dll
0x00007ffed4110000 - 0x00007ffed4138000 	C:\WINDOWS\System32\bcrypt.dll
0x00007ffed4170000 - 0x00007ffed4284000 	C:\WINDOWS\System32\RPCRT4.dll
0x00007ffed3560000 - 0x00007ffed35ad000 	C:\WINDOWS\SYSTEM32\POWRPROF.dll
0x00007ffeca700000 - 0x00007ffeca734000 	C:\WINDOWS\SYSTEM32\WINMM.dll
0x00007ffec2d00000 - 0x00007ffec2d09000 	C:\WINDOWS\SYSTEM32\WSOCK32.dll
0x00007ffed63b0000 - 0x00007ffed6421000 	C:\WINDOWS\System32\WS2_32.dll
0x00007ffec6be0000 - 0x00007ffec6bea000 	C:\WINDOWS\SYSTEM32\VERSION.dll
0x00007ffed3540000 - 0x00007ffed3553000 	C:\WINDOWS\SYSTEM32\UMPDC.dll
0x00007ffed2740000 - 0x00007ffed2758000 	C:\WINDOWS\SYSTEM32\kernel.appcore.dll
0x00007ffec2cc0000 - 0x00007ffec2cca000 	C:\Program Files\JetBrains\IntelliJ IDEA 2023.2.5\jbr\bin\jimage.dll
0x00007ffed0d60000 - 0x00007ffed0f92000 	C:\WINDOWS\SYSTEM32\DBGHELP.DLL
0x00007ffed4f90000 - 0x00007ffed531f000 	C:\WINDOWS\System32\combase.dll
0x00007ffed44a0000 - 0x00007ffed4577000 	C:\WINDOWS\System32\OLEAUT32.dll
0x00007ffec3330000 - 0x00007ffec3362000 	C:\WINDOWS\SYSTEM32\dbgcore.DLL
0x00007ffed3740000 - 0x00007ffed37bb000 	C:\WINDOWS\System32\bcryptPrimitives.dll
0x00007ffeb6ac0000 - 0x00007ffeb6ae5000 	C:\Program Files\JetBrains\IntelliJ IDEA 2023.2.5\jbr\bin\java.dll
0x00007ffebab90000 - 0x00007ffebaba8000 	C:\Program Files\JetBrains\IntelliJ IDEA 2023.2.5\jbr\bin\zip.dll
0x00007ffed5700000 - 0x00007ffed5f78000 	C:\WINDOWS\System32\SHELL32.dll
0x00007ffed1630000 - 0x00007ffed1f38000 	C:\WINDOWS\SYSTEM32\windows.storage.dll
0x00007ffed14f0000 - 0x00007ffed162f000 	C:\WINDOWS\SYSTEM32\wintypes.dll
0x00007ffed5490000 - 0x00007ffed558a000 	C:\WINDOWS\System32\SHCORE.dll
0x00007ffed5590000 - 0x00007ffed55ee000 	C:\WINDOWS\System32\shlwapi.dll
0x00007ffed3670000 - 0x00007ffed369b000 	C:\WINDOWS\SYSTEM32\profapi.dll
0x00007ffec0e90000 - 0x00007ffec0ea9000 	C:\Program Files\JetBrains\IntelliJ IDEA 2023.2.5\jbr\bin\net.dll
0x00007ffecfdf0000 - 0x00007ffecff26000 	C:\WINDOWS\SYSTEM32\WINHTTP.dll
0x00007ffed2bb0000 - 0x00007ffed2c19000 	C:\WINDOWS\system32\mswsock.dll
0x00007ffec0e70000 - 0x00007ffec0e86000 	C:\Program Files\JetBrains\IntelliJ IDEA 2023.2.5\jbr\bin\nio.dll
0x00007ffed2190000 - 0x00007ffed21bd000 	C:\WINDOWS\SYSTEM32\IPHLPAPI.DLL
0x00007ffed43b0000 - 0x00007ffed43b9000 	C:\WINDOWS\System32\NSI.dll
0x00007ffeccf30000 - 0x00007ffeccf49000 	C:\WINDOWS\SYSTEM32\dhcpcsvc6.DLL
0x00007ffecc800000 - 0x00007ffecc81f000 	C:\WINDOWS\SYSTEM32\dhcpcsvc.DLL
0x00007ffed21c0000 - 0x00007ffed22c2000 	C:\WINDOWS\SYSTEM32\DNSAPI.dll
0x00007ffed2f00000 - 0x00007ffed2f1b000 	C:\WINDOWS\SYSTEM32\CRYPTSP.dll
0x00007ffed26a0000 - 0x00007ffed26d5000 	C:\WINDOWS\system32\rsaenh.dll
0x00007ffed2c50000 - 0x00007ffed2c78000 	C:\WINDOWS\SYSTEM32\USERENV.dll
0x00007ffed2ee0000 - 0x00007ffed2eec000 	C:\WINDOWS\SYSTEM32\CRYPTBASE.dll
0x00007ffec0130000 - 0x00007ffec0137000 	C:\Program Files\JetBrains\IntelliJ IDEA 2023.2.5\jbr\bin\rmi.dll
0x00007ffeca9c0000 - 0x00007ffeca9ca000 	C:\Windows\System32\rasadhlp.dll
0x00007ffecaa10000 - 0x00007ffecaa93000 	C:\WINDOWS\System32\fwpuclnt.dll
0x00007ffec1140000 - 0x00007ffec114e000 	C:\Program Files\JetBrains\IntelliJ IDEA 2023.2.5\jbr\bin\sunmscapi.dll
0x00007ffed3840000 - 0x00007ffed39a6000 	C:\WINDOWS\System32\CRYPT32.dll
0x00007ffed2ff0000 - 0x00007ffed301d000 	C:\WINDOWS\SYSTEM32\ncrypt.dll
0x00007ffed2fb0000 - 0x00007ffed2fe7000 	C:\WINDOWS\SYSTEM32\NTASN1.dll

dbghelp: loaded successfully - version: 4.0.5 - missing functions: none
symbol engine: initialized successfully - sym options: 0x614 - pdb path: .;C:\Program Files\JetBrains\IntelliJ IDEA 2023.2.5\jbr\bin;C:\WINDOWS\SYSTEM32;C:\WINDOWS\WinSxS\amd64_microsoft.windows.common-controls_6595b64144ccf1df_6.0.22621.4541_none_2710d1c57384c085;C:\Program Files\JetBrains\IntelliJ IDEA 2023.2.5\jbr\bin\server

VM Arguments:
jvm_args: -Djava.rmi.server.hostname=127.0.0.1 -Duser.timezone=UTC -Xmx2048m -Xms128m -Djna.boot.library.path=C:\Program Files\JetBrains\IntelliJ IDEA 2023.2.5/lib/jna/amd64 -Djna.nosys=true -Djna.noclasspath=true -Djdbc.classpath=C:\Program Files\JetBrains\IntelliJ IDEA 2023.2.5\plugins\DatabaseTools\lib\jdbc-console.jar;C:\Users\Asus\AppData\Roaming\JetBrains\IntelliJIdea2023.2\jdbc-drivers\MySQL ConnectorJ\8.2.0\com\mysql\mysql-connector-j\8.2.0\mysql-connector-j-8.2.0.jar;C:\Users\Asus\AppData\Roaming\JetBrains\IntelliJIdea2023.2\jdbc-drivers\MySQL ConnectorJ\8.2.0\com\google\protobuf\protobuf-java\3.21.9\protobuf-java-3.21.9.jar --add-exports=java.desktop/sun.awt=ALL-UNNAMED --add-exports=java.desktop/java.awt.peer=ALL-UNNAMED --add-opens=java.desktop/java.awt=ALL-UNNAMED --add-opens=jdk.unsupported/sun.misc=ALL-UNNAMED --add-opens=java.base/java.nio=ALL-UNNAMED --add-opens=java.base/java.util=ALL-UNNAMED -Dfile.encoding=UTF-8 
java_command: com.intellij.database.remote.RemoteJdbcServer com.mysql.cj.jdbc.Driver
java_class_path (initial): C:\Program Files\JetBrains\IntelliJ IDEA 2023.2.5\lib\util_rt.jar;C:\Program Files\JetBrains\IntelliJ IDEA 2023.2.5\lib\util-8.jar;C:\Program Files\JetBrains\IntelliJ IDEA 2023.2.5\lib\groovy.jar;C:\Program Files\JetBrains\IntelliJ IDEA 2023.2.5\plugins\DatabaseTools\lib\jdbc-console.jar;C:\Program Files\JetBrains\IntelliJ IDEA 2023.2.5\plugins\grid-core-impl\lib\jdbc-console-types.jar;C:\Program Files\JetBrains\IntelliJ IDEA 2023.2.5\lib\util.jar;C:\Program Files\JetBrains\IntelliJ IDEA 2023.2.5\lib\bouncy-castle.jar
Launcher Type: SUN_STANDARD

[Global flags]
     intx CICompilerCount                          = 4                                         {product} {ergonomic}
     uint ConcGCThreads                            = 3                                         {product} {ergonomic}
     uint G1ConcRefinementThreads                  = 10                                        {product} {ergonomic}
   size_t G1HeapRegionSize                         = 1048576                                   {product} {ergonomic}
    uintx GCDrainStackTargetSize                   = 64                                        {product} {ergonomic}
   size_t InitialHeapSize                          = 134217728                                 {product} {command line}
   size_t MarkStackSize                            = 4194304                                   {product} {ergonomic}
   size_t MaxHeapSize                              = 2147483648                                {product} {command line}
   size_t MaxNewSize                               = 1287651328                                {product} {ergonomic}
   size_t MinHeapDeltaBytes                        = 1048576                                   {product} {ergonomic}
   size_t MinHeapSize                              = 134217728                                 {product} {command line}
    uintx NonNMethodCodeHeapSize                   = 5839372                                {pd product} {ergonomic}
    uintx NonProfiledCodeHeapSize                  = 122909434                              {pd product} {ergonomic}
    uintx ProfiledCodeHeapSize                     = 122909434                              {pd product} {ergonomic}
    uintx ReservedCodeCacheSize                    = 251658240                              {pd product} {ergonomic}
     bool SegmentedCodeCache                       = true                                      {product} {ergonomic}
   size_t SoftMaxHeapSize                          = 2147483648                             {manageable} {ergonomic}
     bool UseCompressedClassPointers               = true                           {product lp64_product} {ergonomic}
     bool UseCompressedOops                        = true                           {product lp64_product} {ergonomic}
     bool UseG1GC                                  = true                                      {product} {ergonomic}
     bool UseLargePagesIndividualAllocation        = false                                  {pd product} {ergonomic}

Logging:
Log output configuration:
 #0: stdout all=warning uptime,level,tags
 #1: stderr all=off uptime,level,tags

Environment Variables:
JAVA_HOME=C:\Program Files\Java\jdk-17
PATH=C:\Program Files\Java\jdk-17\bin;C:\Program Files\Java\jdk-17\bin;C:\Program Files\Java\jdk1.8.0_291\bin;C:\src\flutter\bin;C:\WINDOWS\system32;C:\WINDOWS;C:\WINDOWS\System32\Wbem;C:\WINDOWS\System32\WindowsPowerShell\v1.0\;C:\WINDOWS\System32\OpenSSH\;C:\xampp\mysql\bin;C:\Program Files\MySQL\MySQL Server 8.0\bin;C:\Program Files\Docker\Docker\resources\bin;C:\Program Files\Apache\apache-maven-3.9.6\bin;C:\Program Files\Git\bin;C:\Program Files (x86)\Microsoft SQL Server\160\Tools\Binn\;C:\Program Files\Microsoft SQL Server\160\Tools\Binn\;C:\Program Files\Microsoft SQL Server\Client SDK\ODBC\170\Tools\Binn\;C:\Program Files\Microsoft SQL Server\160\DTS\Binn\;C:\Program Files (x86)\Microsoft SQL Server\160\DTS\Binn\;C:\Program Files\Microsoft SQL Server\150\Tools\Binn\;C:\Program Files\Docker\Docker\resources\bin;C:\Program Files\dotnet\;C:\Program Files (x86)\Windows Kits\10\Windows Performance Toolkit\;C:\Users\Asus\AppData\Roaming\nvm;C:\Program Files\nodejs;C:\Program Files\Java\jdk-17\bin;C:\Program Files\MySQL\MySQL Shell 8.0\bin\;C:\Users\Asus\AppData\Local\Microsoft\WindowsApps;C:\Users\Asus\AppData\Local\Programs\Microsoft VS Code\bin;C:\src\flutter\bin;C:\Program Files\JetBrains\IntelliJ IDEA 2023.2.5\bin;;C:\Users\Asus\AppData\Roaming\npm;C:\Users\Asus\.dotnet\tools;C:\Users\Asus\AppData\Roaming\nvm;C:\Program Files\nodejs;C:\Users\Asus\AppData\Roaming\nvm;C:\Users\Asus\AppData\Local\GitHubDesktop\bin
USERNAME=Asus
OS=Windows_NT
PROCESSOR_IDENTIFIER=Intel64 Family 6 Model 154 Stepping 4, GenuineIntel
TMP=C:\Users\Asus\AppData\Local\Temp
TEMP=C:\Users\Asus\AppData\Local\Temp



Periodic native trim disabled

JNI global refs:
JNI global refs: 17, weak refs: 0

JNI global refs memory usage: 843, weak refs: 841

OOME stack traces (most recent first):
Classloader memory used:
Loader bootstrap                                                                       : 2307K
Loader com.intellij.database.remote.jdbc.impl.JdbcClassLoader$JdbcClassLoaderImpl      : 323K
Loader jdk.internal.loader.ClassLoaders$AppClassLoader                                 : 198K
Loader jdk.internal.loader.ClassLoaders$PlatformClassLoader                            : 90298B
Loader jdk.internal.reflect.DelegatingClassLoader                                      : 13146B


---------------  S Y S T E M  ---------------

OS:
 Windows 11 , 64 bit Build 22621 (10.0.22621.4391)
OS uptime: 3 days 2:28 hours
Hyper-V role detected

CPU: total 12 (initial active 12) (6 cores per cpu, 2 threads per core) family 6 model 154 stepping 4 microcode 0x429, cx8, cmov, fxsr, ht, mmx, 3dnowpref, sse, sse2, sse3, ssse3, sse4.1, sse4.2, popcnt, lzcnt, tsc, tscinvbit, avx, avx2, aes, erms, clmul, bmi1, bmi2, adx, sha, fma, vzeroupper, clflush, clflushopt, clwb, hv
Processor Information for processor 0
  Max Mhz: 1700, Current Mhz: 1457, Mhz Limit: 1700
Processor Information for processor 1
  Max Mhz: 1700, Current Mhz: 1700, Mhz Limit: 1700
Processor Information for processor 2
  Max Mhz: 1700, Current Mhz: 1700, Mhz Limit: 1700
Processor Information for processor 3
  Max Mhz: 1700, Current Mhz: 1457, Mhz Limit: 1700
Processor Information for processor 4
  Max Mhz: 1700, Current Mhz: 1200, Mhz Limit: 1190
Processor Information for processor 5
  Max Mhz: 1700, Current Mhz: 1200, Mhz Limit: 1190
Processor Information for processor 6
  Max Mhz: 1700, Current Mhz: 1200, Mhz Limit: 1190
Processor Information for processor 7
  Max Mhz: 1700, Current Mhz: 1200, Mhz Limit: 1190
Processor Information for processor 8
  Max Mhz: 1700, Current Mhz: 1200, Mhz Limit: 1190
Processor Information for processor 9
  Max Mhz: 1700, Current Mhz: 1200, Mhz Limit: 1190
Processor Information for processor 10
  Max Mhz: 1700, Current Mhz: 1200, Mhz Limit: 1190
Processor Information for processor 11
  Max Mhz: 1700, Current Mhz: 1200, Mhz Limit: 1190

Memory: 4k page, system-wide physical 7883M (939M free)
TotalPageFile size 32459M (AvailPageFile size 6M)
current process WorkingSet (physical memory assigned to process): 123M, peak: 123M
current process commit charge ("private bytes"): 255M, peak: 257M

vm_info: OpenJDK 64-Bit Server VM (17.0.9+7-b1000.46) for windows-amd64 JRE (17.0.9+7-b1000.46), built on 2023-10-27 by "builduser" with MS VC++ 16.10 / 16.11 (VS2019)

END.
