#
# There is insufficient memory for the Java Runtime Environment to continue.
# Native memory allocation (malloc) failed to allocate 32744 bytes for ChunkPool::allocate
# Possible reasons:
#   The system is out of physical RAM or swap space
#   The process is running with CompressedOops enabled, and the Java Heap may be blocking the growth of the native heap
# Possible solutions:
#   Reduce memory load on the system
#   Increase physical memory or swap space
#   Check if swap backing store is full
#   Decrease Java heap size (-Xmx/-Xms)
#   Decrease number of Java threads
#   Decrease Java thread stack sizes (-Xss)
#   Set larger code cache with -XX:ReservedCodeCacheSize=
#   JVM is running with Unscaled Compressed Oops mode in which the Java heap is
#     placed in the first 4GB address space. The Java Heap base address is the
#     maximum limit for the native heap growth. Please use -XX:HeapBaseMinAddress
#     to set the Java Heap base and to place the Java Heap above 4GB virtual address.
# This output file may be truncated or incomplete.
#
#  Out of Memory Error (arena.cpp:79), pid=16496, tid=17620
#
# JRE version: OpenJDK Runtime Environment JBR-17.0.9+7-1000.46-jcef (17.0.9+7) (build 17.0.9+7-b1000.46)
# Java VM: OpenJDK 64-Bit Server VM JBR-17.0.9+7-1000.46-jcef (17.0.9+7-b1000.46, mixed mode, tiered, compressed oops, compressed class ptrs, g1 gc, windows-amd64)
# No core dump will be written. Minidumps are not enabled by default on client versions of Windows
#

---------------  S U M M A R Y ------------

Command Line: -Djava.rmi.server.hostname=127.0.0.1 -Duser.timezone=UTC -Xmx2048m -Xms128m -Djna.boot.library.path=C:\Program Files\JetBrains\IntelliJ IDEA 2023.2.5/lib/jna/amd64 -Djna.nosys=true -Djna.noclasspath=true -Djdbc.classpath=C:\Program Files\JetBrains\IntelliJ IDEA 2023.2.5\plugins\DatabaseTools\lib\jdbc-console.jar;C:\Users\Asus\AppData\Roaming\JetBrains\IntelliJIdea2023.2\jdbc-drivers\MySQL ConnectorJ\8.2.0\com\mysql\mysql-connector-j\8.2.0\mysql-connector-j-8.2.0.jar;C:\Users\Asus\AppData\Roaming\JetBrains\IntelliJIdea2023.2\jdbc-drivers\MySQL ConnectorJ\8.2.0\com\google\protobuf\protobuf-java\3.21.9\protobuf-java-3.21.9.jar --add-exports=java.desktop/sun.awt=ALL-UNNAMED --add-exports=java.desktop/java.awt.peer=ALL-UNNAMED --add-opens=java.desktop/java.awt=ALL-UNNAMED --add-opens=jdk.unsupported/sun.misc=ALL-UNNAMED --add-opens=java.base/java.nio=ALL-UNNAMED --add-opens=java.base/java.util=ALL-UNNAMED -Dfile.encoding=UTF-8 com.intellij.database.remote.RemoteJdbcServer com.mysql.cj.jdbc.Driver

Host: 12th Gen Intel(R) Core(TM) i7-1255U, 12 cores, 7G,  Windows 11 , 64 bit Build 22621 (10.0.22621.4391)
Time: Mon Jan  6 13:36:31 2025 Sri Lanka Standard Time elapsed time: 0.438805 seconds (0d 0h 0m 0s)

---------------  T H R E A D  ---------------

Current thread (0x00000227f05c1630):  JavaThread "RMI TCP Connection(4)-127.0.0.1" daemon [_thread_in_vm, id=17620, stack(0x000000ad2b100000,0x000000ad2b200000)]

Stack: [0x000000ad2b100000,0x000000ad2b200000]
Native frames: (J=compiled Java code, j=interpreted, Vv=VM code, C=native code)
V  [jvm.dll+0x6886e9]
V  [jvm.dll+0x841e4a]
V  [jvm.dll+0x843a8e]
V  [jvm.dll+0x8440f3]
V  [jvm.dll+0x24c14f]
V  [jvm.dll+0xac66c]
V  [jvm.dll+0xaca9c]
V  [jvm.dll+0x7614c5]
V  [jvm.dll+0x830681]
V  [jvm.dll+0x83575f]
V  [jvm.dll+0x82e7ec]
V  [jvm.dll+0x379229]
V  [jvm.dll+0x378274]
V  [jvm.dll+0x378218]
V  [jvm.dll+0x570585]
V  [jvm.dll+0x56f434]
V  [jvm.dll+0x38c332]
V  [jvm.dll+0x38b99f]
C  0x00000227dc4fa459

The last pc belongs to invokestatic (printed below).
Java frames: (J=compiled Java code, j=interpreted, Vv=VM code)
j  com.mysql.cj.jdbc.NonRegisteringDriver.connect(Ljava/lang/String;Ljava/util/Properties;)Ljava/sql/Connection;+72
j  com.intellij.database.remote.jdbc.helpers.JdbcHelperImpl.connect(Ljava/sql/Driver;Ljava/lang/String;Ljava/util/Properties;Ljava/util/Map;)Ljava/sql/Connection;+254
j  com.intellij.database.remote.jdbc.helpers.MysqlBaseJdbcHelper.connect(Ljava/sql/Driver;Ljava/lang/String;Ljava/util/Properties;Ljava/util/Map;)Ljava/sql/Connection;+41
j  com.intellij.database.remote.jdbc.impl.RemoteDriverImpl.connect(Ljava/lang/String;Ljava/util/Properties;Ljava/util/Map;)Lcom/intellij/database/remote/jdbc/RemoteConnection;+57
v  ~StubRoutines::call_stub
j  jdk.internal.reflect.NativeMethodAccessorImpl.invoke0(Ljava/lang/reflect/Method;Ljava/lang/Object;[Ljava/lang/Object;)Ljava/lang/Object;+0 java.base@17.0.9
j  jdk.internal.reflect.NativeMethodAccessorImpl.invoke(Ljava/lang/Object;[Ljava/lang/Object;)Ljava/lang/Object;+133 java.base@17.0.9
j  jdk.internal.reflect.DelegatingMethodAccessorImpl.invoke(Ljava/lang/Object;[Ljava/lang/Object;)Ljava/lang/Object;+6 java.base@17.0.9
j  java.lang.reflect.Method.invoke(Ljava/lang/Object;[Ljava/lang/Object;)Ljava/lang/Object;+59 java.base@17.0.9
j  sun.rmi.server.UnicastServerRef.dispatch(Ljava/rmi/Remote;Ljava/rmi/server/RemoteCall;)V+264 java.rmi@17.0.9
j  sun.rmi.transport.Transport$1.run()Ljava/lang/Void;+23 java.rmi@17.0.9
j  sun.rmi.transport.Transport$1.run()Ljava/lang/Object;+1 java.rmi@17.0.9
j  java.security.AccessController.executePrivileged(Ljava/security/PrivilegedExceptionAction;Ljava/security/AccessControlContext;Ljava/lang/Class;)Ljava/lang/Object;+29 java.base@17.0.9
j  java.security.AccessController.doPrivileged(Ljava/security/PrivilegedExceptionAction;Ljava/security/AccessControlContext;)Ljava/lang/Object;+13 java.base@17.0.9
j  sun.rmi.transport.Transport.serviceCall(Ljava/rmi/server/RemoteCall;)Z+157 java.rmi@17.0.9
j  sun.rmi.transport.tcp.TCPTransport.handleMessages(Lsun/rmi/transport/Connection;Z)V+145 java.rmi@17.0.9
j  sun.rmi.transport.tcp.TCPTransport$ConnectionHandler.run0()V+522 java.rmi@17.0.9
j  sun.rmi.transport.tcp.TCPTransport$ConnectionHandler.lambda$run$0()Ljava/lang/Void;+1 java.rmi@17.0.9
j  sun.rmi.transport.tcp.TCPTransport$ConnectionHandler$$Lambda$67+0x00000001001115d8.run()Ljava/lang/Object;+4 java.rmi@17.0.9
J 745 c1 java.security.AccessController.executePrivileged(Ljava/security/PrivilegedAction;Ljava/security/AccessControlContext;Ljava/lang/Class;)Ljava/lang/Object; java.base@17.0.9 (65 bytes) @ 0x00000227d50cd2b4 [0x00000227d50cd160+0x0000000000000154]
j  java.security.AccessController.doPrivileged(Ljava/security/PrivilegedAction;Ljava/security/AccessControlContext;)Ljava/lang/Object;+13 java.base@17.0.9
j  sun.rmi.transport.tcp.TCPTransport$ConnectionHandler.run()V+37 java.rmi@17.0.9
j  java.util.concurrent.ThreadPoolExecutor.runWorker(Ljava/util/concurrent/ThreadPoolExecutor$Worker;)V+92 java.base@17.0.9
j  java.util.concurrent.ThreadPoolExecutor$Worker.run()V+5 java.base@17.0.9
j  java.lang.Thread.run()V+11 java.base@17.0.9
v  ~StubRoutines::call_stub
invokestatic  184 invokestatic  [0x00000227dc4fa3a0, 0x00000227dc4fa660]  704 bytes
[MachCode]
  0x00000227dc4fa3a0: 4883 ec08 | c5fa 1104 | 24eb 1f48 | 83ec 10c5 | fb11 0424 | eb14 4883 | ec10 4889 | 0424 48c7 
  0x00000227dc4fa3c0: 4424 0800 | 0000 00eb | 0150 4c89 | 6dc0 410f | b755 0148 | 8b4d d0c1 | e202 8b5c | d120 c1eb 
  0x00000227dc4fa3e0: 1081 e3ff | 0000 0081 | fbb8 0000 | 000f 84b6 | 0000 00bb | b800 0000 | e805 0000 | 00e9 9b00 
  0x00000227dc4fa400: 0000 488b | d348 8d44 | 2408 4c89 | 6dc0 498b | cfc5 f877 | 4989 afa8 | 0200 0049 | 8987 9802 
  0x00000227dc4fa420: 0000 4883 | ec20 f7c4 | 0f00 0000 | 0f84 1a00 | 0000 4883 | ec08 49ba | 30b9 5d5f | fe7f 0000 
  0x00000227dc4fa440: 41ff d248 | 83c4 08e9 | 0d00 0000 | 49ba 30b9 | 5d5f fe7f | 0000 41ff | d248 83c4 | 2049 c787 
  0x00000227dc4fa460: 9802 0000 | 0000 0000 | 49c7 87a8 | 0200 0000 | 0000 0049 | c787 a002 | 0000 0000 | 0000 c5f8 
  0x00000227dc4fa480: 7749 817f | 0800 0000 | 000f 8405 | 0000 00e9 | 6c6a feff | 4c8b 6dc0 | 4c8b 75c8 | c341 0fb7 
  0x00000227dc4fa4a0: 5501 488b | 4dd0 c1e2 | 0248 8b5c | d128 488b | 5b08 488b | 5b08 488b | 5b18 80bb | 5b01 0000 
  0x00000227dc4fa4c0: 040f 840d | 0000 004c | 3bbb 6001 | 0000 0f85 | 1fff ffff | 488b 5cd1 | 288b 54d1 | 38c1 ea1c 
  0x00000227dc4fa4e0: 49ba 505e | e05f fe7f | 0000 498b | 14d2 5248 | 8b45 d848 | 85c0 0f84 | 1200 0000 | 4883 4008 
  0x00000227dc4fa500: 0148 8358 | 0800 4883 | c010 4889 | 45d8 488b | 45d8 4885 | c00f 8423 | 0100 0080 | 78f0 0a0f 
  0x00000227dc4fa520: 8519 0100 | 0048 83c0 | 084c 8b68 | f841 83ed | 0041 83fd | 020f 8cf8 | 0000 004c | 8b6b 0845 
  0x00000227dc4fa540: 0fb7 6d2c | 4c2b 2841 | 83ed 014e | 8b6c ec08 | 4d85 ed75 | 0748 8348 | 0801 eb4a | 458b 6d08 
  0x00000227dc4fa560: 49c1 e503 | 4c33 6808 | 49f7 c5fc | ffff ff74 | 3549 f7c5 | 0200 0000 | 752c 4881 | 7808 0000 
  0x00000227dc4fa580: 0000 741e | 4881 7808 | 0100 0000 | 7414 4c33 | 6808 49f7 | c5fc ffff | ff74 0b48 | 8348 0802 
  0x00000227dc4fa5a0: eb04 4c89 | 6808 4883 | c010 4c8b | 68e8 4183 | ed02 4183 | fd02 0f8c | 7700 0000 | 4c8b 6b08 
  0x00000227dc4fa5c0: 450f b76d | 2c4c 2b28 | 4183 ed01 | 4e8b 6cec | 084d 85ed | 7507 4883 | 4808 01eb | 4a45 8b6d 
  0x00000227dc4fa5e0: 0849 c1e5 | 034c 3368 | 0849 f7c5 | fcff ffff | 7435 49f7 | c502 0000 | 0075 2c48 | 8178 0800 
  0x00000227dc4fa600: 0000 0074 | 1e48 8178 | 0801 0000 | 0074 144c | 3368 0849 | f7c5 fcff | ffff 740b | 4883 4808 
  0x00000227dc4fa620: 02eb 044c | 8968 0848 | 83c0 104c | 8b68 d841 | 83ed 0441 | c1e5 0349 | 03c5 4889 | 45d8 4c8d 
  0x00000227dc4fa640: 6c24 084c | 896d f0ff | 6360 660f | 1f44 0000 | 0000 0000 | 0000 0000 | 0000 0000 | 0000 0000 
[/MachCode]

Compiled method (c1)     448  745       3       java.security.AccessController::executePrivileged (65 bytes)
 total in heap  [0x00000227d50ccf90,0x00000227d50cd578] = 1512
 relocation     [0x00000227d50cd0e8,0x00000227d50cd148] = 96
 main code      [0x00000227d50cd160,0x00000227d50cd400] = 672
 stub code      [0x00000227d50cd400,0x00000227d50cd458] = 88
 metadata       [0x00000227d50cd458,0x00000227d50cd468] = 16
 scopes data    [0x00000227d50cd468,0x00000227d50cd4e0] = 120
 scopes pcs     [0x00000227d50cd4e0,0x00000227d50cd560] = 128
 dependencies   [0x00000227d50cd560,0x00000227d50cd568] = 8
 nul chk table  [0x00000227d50cd568,0x00000227d50cd578] = 16

[Constant Pool (empty)]

[MachCode]
[Verified Entry Point]
  # {method} {0x00000227ec03c8d8} 'executePrivileged' '(Ljava/security/PrivilegedAction;Ljava/security/AccessControlContext;Ljava/lang/Class;)Ljava/lang/Object;' in 'java/security/AccessController'
  # parm0:    rdx:rdx   = 'java/security/PrivilegedAction'
  # parm1:    r8:r8     = 'java/security/AccessControlContext'
  # parm2:    r9:r9     = 'java/lang/Class'
  #           [sp+0x50]  (sp of caller)
  0x00000227d50cd160: 8984 2400 | 90ff ff55 | 4883 ec40 | 4c89 4424 

  0x00000227d50cd170: ;   {metadata(method data for {method} {0x00000227ec03c8d8} 'executePrivileged' '(Ljava/security/PrivilegedAction;Ljava/security/AccessControlContext;Ljava/lang/Class;)Ljava/lang/Object;' in 'java/security/AccessController')}
  0x00000227d50cd170: 3048 be08 | 7c7d ec27 | 0200 008b | becc 0000 | 0083 c702 | 89be cc00 | 0000 81e7 | fe07 0000 
  0x00000227d50cd190: 83ff 000f | 84b7 0100 | 0049 83f8 

  0x00000227d50cd19c: ;   {metadata(method data for {method} {0x00000227ec03c8d8} 'executePrivileged' '(Ljava/security/PrivilegedAction;Ljava/security/AccessControlContext;Ljava/lang/Class;)Ljava/lang/Object;' in 'java/security/AccessController')}
  0x00000227d50cd19c: 0048 be08 | 7c7d ec27 | 0200 0048 | bf10 0100 | 0000 0000 | 000f 840a | 0000 0048 | bf20 0100 
  0x00000227d50cd1bc: 0000 0000 | 0048 8b1c | 3e48 8d5b | 0148 891c | 3e4c 894c | 2428 4889 | 5424 200f | 841f 0000 
  0x00000227d50cd1dc: ;   {metadata(method data for {method} {0x00000227ec03c8d8} 'executePrivileged' '(Ljava/security/PrivilegedAction;Ljava/security/AccessControlContext;Ljava/lang/Class;)Ljava/lang/Object;' in 'java/security/AccessController')}
  0x00000227d50cd1dc: 0048 be08 | 7c7d ec27 | 0200 0048 | 8386 3001 | 0000 0149 | 8bd0 0f1f 

  0x00000227d50cd1f4: ;   {static_call}
  0x00000227d50cd1f4: 4400 00e8 

  0x00000227d50cd1f8: ; ImmutableOopMap {[32]=Oop [40]=Oop [48]=Oop }
                      ;*invokestatic ensureMaterializedForStackWalk {reexecute=0 rethrow=0 return_oop=0}
                      ; - java.security.AccessController::executePrivileged@5 (line 772)
  0x00000227d50cd1f8: 0902 0000 

  0x00000227d50cd1fc: ;   {metadata(method data for {method} {0x00000227ec03c8d8} 'executePrivileged' '(Ljava/security/PrivilegedAction;Ljava/security/AccessControlContext;Ljava/lang/Class;)Ljava/lang/Object;' in 'java/security/AccessController')}
  0x00000227d50cd1fc: 48ba 087c | 7dec 2702 | 0000 ff82 | 4001 0000 | 488b 5424 | 2048 3b02 

  0x00000227d50cd214: ;   {metadata(method data for {method} {0x00000227ec03c8d8} 'executePrivileged' '(Ljava/security/PrivilegedAction;Ljava/security/AccessControlContext;Ljava/lang/Class;)Ljava/lang/Object;' in 'java/security/AccessController')}
  0x00000227d50cd214: 488b f248 | bf08 7c7d | ec27 0200 | 008b 7608 | 48c1 e603 | 483b b7b0 | 0100 0075 | 0d48 8387 
  0x00000227d50cd234: b801 0000 | 01e9 6600 | 0000 483b | b7c0 0100 | 0075 0d48 | 8387 c801 | 0000 01e9 | 5000 0000 
  0x00000227d50cd254: 4881 bfb0 | 0100 0000 | 0000 0075 | 1748 89b7 | b001 0000 | 48c7 87b8 | 0100 0001 | 0000 00e9 
  0x00000227d50cd274: 2c00 0000 | 4881 bfc0 | 0100 0000 | 0000 0075 | 1748 89b7 | c001 0000 | 48c7 87c8 | 0100 0001 
  0x00000227d50cd294: 0000 00e9 | 0800 0000 | 4883 87a0 | 0100 0001 | 9048 b8ff | ffff ffff 

  0x00000227d50cd2ac: ;   {virtual_call}
  0x00000227d50cd2ac: ffff ffe8 

  0x00000227d50cd2b0: ; ImmutableOopMap {[40]=Oop [48]=Oop }
                      ;*invokeinterface run {reexecute=0 rethrow=0 return_oop=0}
                      ; - java.security.AccessController::executePrivileged@29 (line 776)
  0x00000227d50cd2b0: 2c16 4607 

  0x00000227d50cd2b4: ;   {metadata(method data for {method} {0x00000227ec03c8d8} 'executePrivileged' '(Ljava/security/PrivilegedAction;Ljava/security/AccessControlContext;Ljava/lang/Class;)Ljava/lang/Object;' in 'java/security/AccessController')}
  0x00000227d50cd2b4: 48be 087c | 7dec 2702 | 0000 ff86 | d801 0000 | 4c8b 4c24 

  0x00000227d50cd2c8: ;   {metadata(method data for {method} {0x00000227ec03c8d8} 'executePrivileged' '(Ljava/security/PrivilegedAction;Ljava/security/AccessControlContext;Ljava/lang/Class;)Ljava/lang/Object;' in 'java/security/AccessController')}
  0x00000227d50cd2c8: 2848 be08 | 7c7d ec27 | 0200 0048 | 8386 3802 

  0x00000227d50cd2d8: ;   {metadata(method data for {method} {0x00000227ec0429d0} 'reachabilityFence' '(Ljava/lang/Object;)V' in 'java/lang/ref/Reference')}
  0x00000227d50cd2d8: 0000 0148 | be80 6556 | ec27 0200 | 008b becc | 0000 0083 | c702 89be | cc00 0000 | 81e7 feff 
  0x00000227d50cd2f8: 1f00 83ff | 000f 8473 

  0x00000227d50cd300: ;   {metadata(method data for {method} {0x00000227ec03c8d8} 'executePrivileged' '(Ljava/security/PrivilegedAction;Ljava/security/AccessControlContext;Ljava/lang/Class;)Ljava/lang/Object;' in 'java/security/AccessController')}
  0x00000227d50cd300: 0000 0048 | be08 7c7d | ec27 0200 | 0048 8386 | 4802 0000 

  0x00000227d50cd314: ;   {metadata(method data for {method} {0x00000227ec0429d0} 'reachabilityFence' '(Ljava/lang/Object;)V' in 'java/lang/ref/Reference')}
  0x00000227d50cd314: 0148 be80 | 6556 ec27 | 0200 008b | becc 0000 | 0083 c702 | 89be cc00 | 0000 81e7 | feff 1f00 
  0x00000227d50cd334: 83ff 000f | 845a 0000 | 0048 83c4 

  0x00000227d50cd340: ;   {poll_return}
  0x00000227d50cd340: 405d 493b | a750 0300 | 000f 8766 | 0000 00c3 

  0x00000227d50cd350: ;   {metadata({method} {0x00000227ec03c8d8} 'executePrivileged' '(Ljava/security/PrivilegedAction;Ljava/security/AccessControlContext;Ljava/lang/Class;)Ljava/lang/Object;' in 'java/security/AccessController')}
  0x00000227d50cd350: 49ba d0c8 | 03ec 2702 | 0000 4c89 | 5424 0848 | c704 24ff 

  0x00000227d50cd364: ;   {runtime_call counter_overflow Runtime1 stub}
  0x00000227d50cd364: ffff ffe8 

  0x00000227d50cd368: ; ImmutableOopMap {rdx=Oop r8=Oop [48]=Oop r9=Oop }
                      ;*synchronization entry
                      ; - java.security.AccessController::executePrivileged@-1 (line 771)
  0x00000227d50cd368: 14c4 5007 | e928 feff 

  0x00000227d50cd370: ;   {runtime_call throw_null_pointer_exception Runtime1 stub}
  0x00000227d50cd370: ffe8 2a61 

  0x00000227d50cd374: ; ImmutableOopMap {[40]=Oop rdx=Oop [48]=Oop }
                      ;*invokeinterface run {reexecute=0 rethrow=0 return_oop=0}
                      ; - java.security.AccessController::executePrivileged@29 (line 776)
                      ;   {metadata({method} {0x00000227ec0429d0} 'reachabilityFence' '(Ljava/lang/Object;)V' in 'java/lang/ref/Reference')}
  0x00000227d50cd374: 5007 49ba | c829 04ec | 2702 0000 | 4c89 5424 | 0848 c704 | 24ff ffff 

  0x00000227d50cd38c: ;   {runtime_call counter_overflow Runtime1 stub}
  0x00000227d50cd38c: ffe8 eec3 

  0x00000227d50cd390: ; ImmutableOopMap {rax=Oop r9=Oop }
                      ;*synchronization entry
                      ; - java.lang.ref.Reference::reachabilityFence@-1 (line 621)
                      ; - java.security.AccessController::executePrivileged@56 (line 781)
  0x00000227d50cd390: 5007 e96c 

  0x00000227d50cd394: ;   {metadata({method} {0x00000227ec0429d0} 'reachabilityFence' '(Ljava/lang/Object;)V' in 'java/lang/ref/Reference')}
  0x00000227d50cd394: ffff ff49 | bac8 2904 | ec27 0200 | 004c 8954 | 2408 48c7 | 0424 ffff 

  0x00000227d50cd3ac: ;   {runtime_call counter_overflow Runtime1 stub}
  0x00000227d50cd3ac: ffff e8cd 

  0x00000227d50cd3b0: ; ImmutableOopMap {rax=Oop }
                      ;*synchronization entry
                      ; - java.lang.ref.Reference::reachabilityFence@-1 (line 621)
                      ; - java.security.AccessController::executePrivileged@60 (line 782)
  0x00000227d50cd3b0: c350 07eb 

  0x00000227d50cd3b4: ;   {internal_word}
  0x00000227d50cd3b4: 8849 ba42 | d30c d527 | 0200 004d | 8997 6803 

  0x00000227d50cd3c4: ;   {runtime_call SafepointBlob}
  0x00000227d50cd3c4: 0000 e935 | a646 0790 | 9049 8b87 | e003 0000 | 49c7 87e0 | 0300 0000 | 0000 0049 | c787 e803 
  0x00000227d50cd3e4: 0000 0000 | 0000 4883 

  0x00000227d50cd3ec: ;   {runtime_call unwind_exception Runtime1 stub}
  0x00000227d50cd3ec: c440 5de9 | 0c5a 5007 | f4f4 f4f4 | f4f4 f4f4 | f4f4 f4f4 
[Stub Code]
  0x00000227d50cd400: ;   {no_reloc}
  0x00000227d50cd400: 0f1f 4400 

  0x00000227d50cd404: ;   {static_stub}
  0x00000227d50cd404: 0048 bbc0 | c603 ec27 

  0x00000227d50cd40c: ;   {runtime_call I2C/C2I adapters}
  0x00000227d50cd40c: 0200 00e9 | 3c89 4607 

  0x00000227d50cd414: ;   {static_stub}
  0x00000227d50cd414: 9048 bb00 | 0000 0000 

  0x00000227d50cd41c: ;   {runtime_call}
  0x00000227d50cd41c: 0000 00e9 | fbff ffff 
[Exception Handler]
  0x00000227d50cd424: ;   {runtime_call handle_exception_from_callee Runtime1 stub}
  0x00000227d50cd424: e857 8d50 

  0x00000227d50cd428: ;   {external_word}
  0x00000227d50cd428: 0748 b990 | 7db8 5ffe | 7f00 0048 

  0x00000227d50cd434: ;   {runtime_call}
  0x00000227d50cd434: 83e4 f049 | bad0 e280 | 5ffe 7f00 | 0041 ffd2 

  0x00000227d50cd444: ;   {section_word}
  0x00000227d50cd444: f449 ba45 | d40c d527 | 0200 0041 

  0x00000227d50cd450: ;   {runtime_call DeoptimizationBlob}
  0x00000227d50cd450: 52e9 4a98 | 4607 f4f4 
[/MachCode]


---------------  P R O C E S S  ---------------

Threads class SMR info:
_java_thread_list=0x00000227f05671a0, length=24, elements={
0x00000227d1841640, 0x00000227f000f1c0, 0x00000227f002a050, 0x00000227e92fdb60,
0x00000227e92fe040, 0x00000227e92fe520, 0x00000227e92feaf0, 0x00000227f0063df0,
0x00000227f0065bb0, 0x00000227f00661c0, 0x00000227f024b010, 0x00000227f024d570,
0x00000227d1841f10, 0x00000227f03254c0, 0x00000227f053d830, 0x00000227f03237b0,
0x00000227f0323c90, 0x00000227f054b020, 0x00000227f05fead0, 0x00000227f05b7570,
0x00000227f05c01f0, 0x00000227f05c1630, 0x00000227f05c1120, 0x00000227f05c0c10
}

Java Threads: ( => current thread )
  0x00000227d1841640 JavaThread "main" [_thread_blocked, id=21044, stack(0x000000ad29500000,0x000000ad29600000)]
  0x00000227f000f1c0 JavaThread "Reference Handler" daemon [_thread_blocked, id=7708, stack(0x000000ad29c00000,0x000000ad29d00000)]
  0x00000227f002a050 JavaThread "Finalizer" daemon [_thread_blocked, id=10716, stack(0x000000ad29d00000,0x000000ad29e00000)]
  0x00000227e92fdb60 JavaThread "Signal Dispatcher" daemon [_thread_blocked, id=13660, stack(0x000000ad29e00000,0x000000ad29f00000)]
  0x00000227e92fe040 JavaThread "Attach Listener" daemon [_thread_blocked, id=10780, stack(0x000000ad29f00000,0x000000ad2a000000)]
  0x00000227e92fe520 JavaThread "Service Thread" daemon [_thread_blocked, id=7624, stack(0x000000ad2a000000,0x000000ad2a100000)]
  0x00000227e92feaf0 JavaThread "Monitor Deflation Thread" daemon [_thread_blocked, id=1060, stack(0x000000ad2a100000,0x000000ad2a200000)]
  0x00000227f0063df0 JavaThread "C2 CompilerThread0" daemon [_thread_in_native, id=4028, stack(0x000000ad2a200000,0x000000ad2a300000)]
  0x00000227f0065bb0 JavaThread "C1 CompilerThread0" daemon [_thread_blocked, id=584, stack(0x000000ad2a300000,0x000000ad2a400000)]
  0x00000227f00661c0 JavaThread "Sweeper thread" daemon [_thread_blocked, id=20672, stack(0x000000ad2a400000,0x000000ad2a500000)]
  0x00000227f024b010 JavaThread "Common-Cleaner" daemon [_thread_blocked, id=14080, stack(0x000000ad2a500000,0x000000ad2a600000)]
  0x00000227f024d570 JavaThread "Notification Thread" daemon [_thread_blocked, id=1344, stack(0x000000ad2a600000,0x000000ad2a700000)]
  0x00000227d1841f10 JavaThread "C2 CompilerThread1" daemon [_thread_in_native, id=8624, stack(0x000000ad2a800000,0x000000ad2a900000)]
  0x00000227f03254c0 JavaThread "mysql-cj-abandoned-connection-cleanup" daemon [_thread_blocked, id=19572, stack(0x000000ad2a900000,0x000000ad2aa00000)]
  0x00000227f053d830 JavaThread "RMI TCP Accept-36364" daemon [_thread_in_native, id=4252, stack(0x000000ad2aa00000,0x000000ad2ab00000)]
  0x00000227f03237b0 JavaThread "RMI TCP Accept-0" daemon [_thread_in_native, id=17528, stack(0x000000ad2ab00000,0x000000ad2ac00000)]
  0x00000227f0323c90 JavaThread "RMI Reaper" [_thread_blocked, id=8016, stack(0x000000ad2ac00000,0x000000ad2ad00000)]
  0x00000227f054b020 JavaThread "RMI GC Daemon" daemon [_thread_blocked, id=11536, stack(0x000000ad2ad00000,0x000000ad2ae00000)]
  0x00000227f05fead0 JavaThread "RMI TCP Connection(1)-127.0.0.1" daemon [_thread_in_native, id=14444, stack(0x000000ad2ae00000,0x000000ad2af00000)]
  0x00000227f05b7570 JavaThread "RMI TCP Connection(2)-127.0.0.1" daemon [_thread_in_native, id=2720, stack(0x000000ad2af00000,0x000000ad2b000000)]
  0x00000227f05c01f0 JavaThread "RMI TCP Connection(3)-127.0.0.1" daemon [_thread_in_native, id=21264, stack(0x000000ad2b000000,0x000000ad2b100000)]
=>0x00000227f05c1630 JavaThread "RMI TCP Connection(4)-127.0.0.1" daemon [_thread_in_vm, id=17620, stack(0x000000ad2b100000,0x000000ad2b200000)]
  0x00000227f05c1120 JavaThread "RMI Scheduler(0)" daemon [_thread_blocked, id=17184, stack(0x000000ad2b200000,0x000000ad2b300000)]
  0x00000227f05c0c10 JavaThread "RMI RenewClean-[127.0.0.1:4399]" daemon [_thread_blocked, id=2076, stack(0x000000ad2b300000,0x000000ad2b400000)]

Other Threads:
  0x00000227e92f8b30 VMThread "VM Thread" [stack: 0x000000ad29b00000,0x000000ad29c00000] [id=2520]
  0x00000227f024de60 WatcherThread [stack: 0x000000ad2a700000,0x000000ad2a800000] [id=11876]
  0x00000227d189bc30 GCTaskThread "GC Thread#0" [stack: 0x000000ad29600000,0x000000ad29700000] [id=4216]
  0x00000227e9142010 ConcurrentGCThread "G1 Main Marker" [stack: 0x000000ad29700000,0x000000ad29800000] [id=4044]
  0x00000227e9143070 ConcurrentGCThread "G1 Conc#0" [stack: 0x000000ad29800000,0x000000ad29900000] [id=8280]
  0x00000227d18ee870 ConcurrentGCThread "G1 Refine#0" [stack: 0x000000ad29900000,0x000000ad29a00000] [id=12088]
  0x00000227e916a210 ConcurrentGCThread "G1 Service" [stack: 0x000000ad29a00000,0x000000ad29b00000] [id=15200]

Threads with active compile tasks:
C2 CompilerThread0      452  968       4       jdk.internal.org.objectweb.asm.Frame::execute (2305 bytes)
C2 CompilerThread1      452  947       4       java.util.Properties$LineReader::readLine (584 bytes)

VM state: not at safepoint (normal execution)

VM Mutex/Monitor currently owned by a thread: None

Heap address: 0x0000000080000000, size: 2048 MB, Compressed Oops mode: 32-bit

CDS archive(s) not mapped
Compressed class space mapped at: 0x0000000100000000-0x0000000140000000, reserved size: 1073741824
Narrow klass base: 0x0000000000000000, Narrow klass shift: 3, Narrow klass range: 0x140000000

GC Precious Log:
 CPUs: 12 total, 12 available
 Memory: 7883M
 Large Page Support: Disabled
 NUMA Support: Disabled
 Compressed Oops: Enabled (32-bit)
 Heap Region Size: 1M
 Heap Min Capacity: 128M
 Heap Initial Capacity: 128M
 Heap Max Capacity: 2G
 Pre-touch: Disabled
 Parallel Workers: 10
 Concurrent Workers: 3
 Concurrent Refinement Workers: 10
 Periodic GC: Disabled

Heap:
 garbage-first heap   total 131072K, used 18432K [0x0000000080000000, 0x0000000100000000)
  region size 1024K, 16 young (16384K), 0 survivors (0K)
 Metaspace       used 14837K, committed 15104K, reserved 1114112K
  class space    used 1541K, committed 1664K, reserved 1048576K

Heap Regions: E=young(eden), S=young(survivor), O=old, HS=humongous(starts), HC=humongous(continues), CS=collection set, F=free, OA=open archive, CA=closed archive, TAMS=top-at-mark-start (previous, next)
|   0|0x0000000080000000, 0x0000000080100000, 0x0000000080100000|100%|HS|  |TAMS 0x0000000080000000, 0x0000000080000000| Complete 
|   1|0x0000000080100000, 0x0000000080200000, 0x0000000080200000|100%|HC|  |TAMS 0x0000000080100000, 0x0000000080100000| Complete 
|   2|0x0000000080200000, 0x0000000080300000, 0x0000000080300000|100%|HC|  |TAMS 0x0000000080200000, 0x0000000080200000| Complete 
|   3|0x0000000080300000, 0x0000000080400000, 0x0000000080400000|100%|HS|  |TAMS 0x0000000080300000, 0x0000000080300000| Complete 
|   4|0x0000000080400000, 0x0000000080400000, 0x0000000080500000|  0%| F|  |TAMS 0x0000000080400000, 0x0000000080400000| Untracked 
|   5|0x0000000080500000, 0x0000000080500000, 0x0000000080600000|  0%| F|  |TAMS 0x0000000080500000, 0x0000000080500000| Untracked 
|   6|0x0000000080600000, 0x0000000080600000, 0x0000000080700000|  0%| F|  |TAMS 0x0000000080600000, 0x0000000080600000| Untracked 
|   7|0x0000000080700000, 0x0000000080700000, 0x0000000080800000|  0%| F|  |TAMS 0x0000000080700000, 0x0000000080700000| Untracked 
|   8|0x0000000080800000, 0x0000000080800000, 0x0000000080900000|  0%| F|  |TAMS 0x0000000080800000, 0x0000000080800000| Untracked 
|   9|0x0000000080900000, 0x0000000080900000, 0x0000000080a00000|  0%| F|  |TAMS 0x0000000080900000, 0x0000000080900000| Untracked 
|  10|0x0000000080a00000, 0x0000000080a00000, 0x0000000080b00000|  0%| F|  |TAMS 0x0000000080a00000, 0x0000000080a00000| Untracked 
|  11|0x0000000080b00000, 0x0000000080b00000, 0x0000000080c00000|  0%| F|  |TAMS 0x0000000080b00000, 0x0000000080b00000| Untracked 
|  12|0x0000000080c00000, 0x0000000080c00000, 0x0000000080d00000|  0%| F|  |TAMS 0x0000000080c00000, 0x0000000080c00000| Untracked 
|  13|0x0000000080d00000, 0x0000000080d00000, 0x0000000080e00000|  0%| F|  |TAMS 0x0000000080d00000, 0x0000000080d00000| Untracked 
|  14|0x0000000080e00000, 0x0000000080e00000, 0x0000000080f00000|  0%| F|  |TAMS 0x0000000080e00000, 0x0000000080e00000| Untracked 
|  15|0x0000000080f00000, 0x0000000080f00000, 0x0000000081000000|  0%| F|  |TAMS 0x0000000080f00000, 0x0000000080f00000| Untracked 
|  16|0x0000000081000000, 0x0000000081000000, 0x0000000081100000|  0%| F|  |TAMS 0x0000000081000000, 0x0000000081000000| Untracked 
|  17|0x0000000081100000, 0x0000000081100000, 0x0000000081200000|  0%| F|  |TAMS 0x0000000081100000, 0x0000000081100000| Untracked 
|  18|0x0000000081200000, 0x0000000081200000, 0x0000000081300000|  0%| F|  |TAMS 0x0000000081200000, 0x0000000081200000| Untracked 
|  19|0x0000000081300000, 0x0000000081300000, 0x0000000081400000|  0%| F|  |TAMS 0x0000000081300000, 0x0000000081300000| Untracked 
|  20|0x0000000081400000, 0x0000000081400000, 0x0000000081500000|  0%| F|  |TAMS 0x0000000081400000, 0x0000000081400000| Untracked 
|  21|0x0000000081500000, 0x0000000081500000, 0x0000000081600000|  0%| F|  |TAMS 0x0000000081500000, 0x0000000081500000| Untracked 
|  22|0x0000000081600000, 0x0000000081600000, 0x0000000081700000|  0%| F|  |TAMS 0x0000000081600000, 0x0000000081600000| Untracked 
|  23|0x0000000081700000, 0x0000000081700000, 0x0000000081800000|  0%| F|  |TAMS 0x0000000081700000, 0x0000000081700000| Untracked 
|  24|0x0000000081800000, 0x0000000081800000, 0x0000000081900000|  0%| F|  |TAMS 0x0000000081800000, 0x0000000081800000| Untracked 
|  25|0x0000000081900000, 0x0000000081900000, 0x0000000081a00000|  0%| F|  |TAMS 0x0000000081900000, 0x0000000081900000| Untracked 
|  26|0x0000000081a00000, 0x0000000081a00000, 0x0000000081b00000|  0%| F|  |TAMS 0x0000000081a00000, 0x0000000081a00000| Untracked 
|  27|0x0000000081b00000, 0x0000000081b00000, 0x0000000081c00000|  0%| F|  |TAMS 0x0000000081b00000, 0x0000000081b00000| Untracked 
|  28|0x0000000081c00000, 0x0000000081c00000, 0x0000000081d00000|  0%| F|  |TAMS 0x0000000081c00000, 0x0000000081c00000| Untracked 
|  29|0x0000000081d00000, 0x0000000081d00000, 0x0000000081e00000|  0%| F|  |TAMS 0x0000000081d00000, 0x0000000081d00000| Untracked 
|  30|0x0000000081e00000, 0x0000000081e00000, 0x0000000081f00000|  0%| F|  |TAMS 0x0000000081e00000, 0x0000000081e00000| Untracked 
|  31|0x0000000081f00000, 0x0000000081f00000, 0x0000000082000000|  0%| F|  |TAMS 0x0000000081f00000, 0x0000000081f00000| Untracked 
|  32|0x0000000082000000, 0x0000000082000000, 0x0000000082100000|  0%| F|  |TAMS 0x0000000082000000, 0x0000000082000000| Untracked 
|  33|0x0000000082100000, 0x0000000082100000, 0x0000000082200000|  0%| F|  |TAMS 0x0000000082100000, 0x0000000082100000| Untracked 
|  34|0x0000000082200000, 0x0000000082200000, 0x0000000082300000|  0%| F|  |TAMS 0x0000000082200000, 0x0000000082200000| Untracked 
|  35|0x0000000082300000, 0x0000000082300000, 0x0000000082400000|  0%| F|  |TAMS 0x0000000082300000, 0x0000000082300000| Untracked 
|  36|0x0000000082400000, 0x0000000082400000, 0x0000000082500000|  0%| F|  |TAMS 0x0000000082400000, 0x0000000082400000| Untracked 
|  37|0x0000000082500000, 0x0000000082500000, 0x0000000082600000|  0%| F|  |TAMS 0x0000000082500000, 0x0000000082500000| Untracked 
|  38|0x0000000082600000, 0x0000000082600000, 0x0000000082700000|  0%| F|  |TAMS 0x0000000082600000, 0x0000000082600000| Untracked 
|  39|0x0000000082700000, 0x0000000082700000, 0x0000000082800000|  0%| F|  |TAMS 0x0000000082700000, 0x0000000082700000| Untracked 
|  40|0x0000000082800000, 0x0000000082800000, 0x0000000082900000|  0%| F|  |TAMS 0x0000000082800000, 0x0000000082800000| Untracked 
|  41|0x0000000082900000, 0x0000000082900000, 0x0000000082a00000|  0%| F|  |TAMS 0x0000000082900000, 0x0000000082900000| Untracked 
|  42|0x0000000082a00000, 0x0000000082a00000, 0x0000000082b00000|  0%| F|  |TAMS 0x0000000082a00000, 0x0000000082a00000| Untracked 
|  43|0x0000000082b00000, 0x0000000082b00000, 0x0000000082c00000|  0%| F|  |TAMS 0x0000000082b00000, 0x0000000082b00000| Untracked 
|  44|0x0000000082c00000, 0x0000000082c00000, 0x0000000082d00000|  0%| F|  |TAMS 0x0000000082c00000, 0x0000000082c00000| Untracked 
|  45|0x0000000082d00000, 0x0000000082d00000, 0x0000000082e00000|  0%| F|  |TAMS 0x0000000082d00000, 0x0000000082d00000| Untracked 
|  46|0x0000000082e00000, 0x0000000082e00000, 0x0000000082f00000|  0%| F|  |TAMS 0x0000000082e00000, 0x0000000082e00000| Untracked 
|  47|0x0000000082f00000, 0x0000000082f00000, 0x0000000083000000|  0%| F|  |TAMS 0x0000000082f00000, 0x0000000082f00000| Untracked 
|  48|0x0000000083000000, 0x0000000083000000, 0x0000000083100000|  0%| F|  |TAMS 0x0000000083000000, 0x0000000083000000| Untracked 
|  49|0x0000000083100000, 0x0000000083100000, 0x0000000083200000|  0%| F|  |TAMS 0x0000000083100000, 0x0000000083100000| Untracked 
|  50|0x0000000083200000, 0x0000000083200000, 0x0000000083300000|  0%| F|  |TAMS 0x0000000083200000, 0x0000000083200000| Untracked 
|  51|0x0000000083300000, 0x0000000083300000, 0x0000000083400000|  0%| F|  |TAMS 0x0000000083300000, 0x0000000083300000| Untracked 
|  52|0x0000000083400000, 0x0000000083400000, 0x0000000083500000|  0%| F|  |TAMS 0x0000000083400000, 0x0000000083400000| Untracked 
|  53|0x0000000083500000, 0x0000000083500000, 0x0000000083600000|  0%| F|  |TAMS 0x0000000083500000, 0x0000000083500000| Untracked 
|  54|0x0000000083600000, 0x0000000083600000, 0x0000000083700000|  0%| F|  |TAMS 0x0000000083600000, 0x0000000083600000| Untracked 
|  55|0x0000000083700000, 0x0000000083700000, 0x0000000083800000|  0%| F|  |TAMS 0x0000000083700000, 0x0000000083700000| Untracked 
|  56|0x0000000083800000, 0x0000000083800000, 0x0000000083900000|  0%| F|  |TAMS 0x0000000083800000, 0x0000000083800000| Untracked 
|  57|0x0000000083900000, 0x0000000083900000, 0x0000000083a00000|  0%| F|  |TAMS 0x0000000083900000, 0x0000000083900000| Untracked 
|  58|0x0000000083a00000, 0x0000000083a00000, 0x0000000083b00000|  0%| F|  |TAMS 0x0000000083a00000, 0x0000000083a00000| Untracked 
|  59|0x0000000083b00000, 0x0000000083b00000, 0x0000000083c00000|  0%| F|  |TAMS 0x0000000083b00000, 0x0000000083b00000| Untracked 
|  60|0x0000000083c00000, 0x0000000083c00000, 0x0000000083d00000|  0%| F|  |TAMS 0x0000000083c00000, 0x0000000083c00000| Untracked 
|  61|0x0000000083d00000, 0x0000000083d00000, 0x0000000083e00000|  0%| F|  |TAMS 0x0000000083d00000, 0x0000000083d00000| Untracked 
|  62|0x0000000083e00000, 0x0000000083e00000, 0x0000000083f00000|  0%| F|  |TAMS 0x0000000083e00000, 0x0000000083e00000| Untracked 
|  63|0x0000000083f00000, 0x0000000083f00000, 0x0000000084000000|  0%| F|  |TAMS 0x0000000083f00000, 0x0000000083f00000| Untracked 
|  64|0x0000000084000000, 0x0000000084000000, 0x0000000084100000|  0%| F|  |TAMS 0x0000000084000000, 0x0000000084000000| Untracked 
|  65|0x0000000084100000, 0x0000000084100000, 0x0000000084200000|  0%| F|  |TAMS 0x0000000084100000, 0x0000000084100000| Untracked 
|  66|0x0000000084200000, 0x0000000084200000, 0x0000000084300000|  0%| F|  |TAMS 0x0000000084200000, 0x0000000084200000| Untracked 
|  67|0x0000000084300000, 0x0000000084300000, 0x0000000084400000|  0%| F|  |TAMS 0x0000000084300000, 0x0000000084300000| Untracked 
|  68|0x0000000084400000, 0x0000000084400000, 0x0000000084500000|  0%| F|  |TAMS 0x0000000084400000, 0x0000000084400000| Untracked 
|  69|0x0000000084500000, 0x0000000084500000, 0x0000000084600000|  0%| F|  |TAMS 0x0000000084500000, 0x0000000084500000| Untracked 
|  70|0x0000000084600000, 0x0000000084600000, 0x0000000084700000|  0%| F|  |TAMS 0x0000000084600000, 0x0000000084600000| Untracked 
|  71|0x0000000084700000, 0x0000000084700000, 0x0000000084800000|  0%| F|  |TAMS 0x0000000084700000, 0x0000000084700000| Untracked 
|  72|0x0000000084800000, 0x0000000084800000, 0x0000000084900000|  0%| F|  |TAMS 0x0000000084800000, 0x0000000084800000| Untracked 
|  73|0x0000000084900000, 0x0000000084900000, 0x0000000084a00000|  0%| F|  |TAMS 0x0000000084900000, 0x0000000084900000| Untracked 
|  74|0x0000000084a00000, 0x0000000084a00000, 0x0000000084b00000|  0%| F|  |TAMS 0x0000000084a00000, 0x0000000084a00000| Untracked 
|  75|0x0000000084b00000, 0x0000000084b00000, 0x0000000084c00000|  0%| F|  |TAMS 0x0000000084b00000, 0x0000000084b00000| Untracked 
|  76|0x0000000084c00000, 0x0000000084c00000, 0x0000000084d00000|  0%| F|  |TAMS 0x0000000084c00000, 0x0000000084c00000| Untracked 
|  77|0x0000000084d00000, 0x0000000084d00000, 0x0000000084e00000|  0%| F|  |TAMS 0x0000000084d00000, 0x0000000084d00000| Untracked 
|  78|0x0000000084e00000, 0x0000000084e00000, 0x0000000084f00000|  0%| F|  |TAMS 0x0000000084e00000, 0x0000000084e00000| Untracked 
|  79|0x0000000084f00000, 0x0000000084f00000, 0x0000000085000000|  0%| F|  |TAMS 0x0000000084f00000, 0x0000000084f00000| Untracked 
|  80|0x0000000085000000, 0x0000000085000000, 0x0000000085100000|  0%| F|  |TAMS 0x0000000085000000, 0x0000000085000000| Untracked 
|  81|0x0000000085100000, 0x0000000085100000, 0x0000000085200000|  0%| F|  |TAMS 0x0000000085100000, 0x0000000085100000| Untracked 
|  82|0x0000000085200000, 0x0000000085200000, 0x0000000085300000|  0%| F|  |TAMS 0x0000000085200000, 0x0000000085200000| Untracked 
|  83|0x0000000085300000, 0x0000000085300000, 0x0000000085400000|  0%| F|  |TAMS 0x0000000085300000, 0x0000000085300000| Untracked 
|  84|0x0000000085400000, 0x0000000085400000, 0x0000000085500000|  0%| F|  |TAMS 0x0000000085400000, 0x0000000085400000| Untracked 
|  85|0x0000000085500000, 0x0000000085500000, 0x0000000085600000|  0%| F|  |TAMS 0x0000000085500000, 0x0000000085500000| Untracked 
|  86|0x0000000085600000, 0x0000000085600000, 0x0000000085700000|  0%| F|  |TAMS 0x0000000085600000, 0x0000000085600000| Untracked 
|  87|0x0000000085700000, 0x0000000085700000, 0x0000000085800000|  0%| F|  |TAMS 0x0000000085700000, 0x0000000085700000| Untracked 
|  88|0x0000000085800000, 0x0000000085800000, 0x0000000085900000|  0%| F|  |TAMS 0x0000000085800000, 0x0000000085800000| Untracked 
|  89|0x0000000085900000, 0x0000000085900000, 0x0000000085a00000|  0%| F|  |TAMS 0x0000000085900000, 0x0000000085900000| Untracked 
|  90|0x0000000085a00000, 0x0000000085a00000, 0x0000000085b00000|  0%| F|  |TAMS 0x0000000085a00000, 0x0000000085a00000| Untracked 
|  91|0x0000000085b00000, 0x0000000085b00000, 0x0000000085c00000|  0%| F|  |TAMS 0x0000000085b00000, 0x0000000085b00000| Untracked 
|  92|0x0000000085c00000, 0x0000000085c00000, 0x0000000085d00000|  0%| F|  |TAMS 0x0000000085c00000, 0x0000000085c00000| Untracked 
|  93|0x0000000085d00000, 0x0000000085d00000, 0x0000000085e00000|  0%| F|  |TAMS 0x0000000085d00000, 0x0000000085d00000| Untracked 
|  94|0x0000000085e00000, 0x0000000085e00000, 0x0000000085f00000|  0%| F|  |TAMS 0x0000000085e00000, 0x0000000085e00000| Untracked 
|  95|0x0000000085f00000, 0x0000000085f00000, 0x0000000086000000|  0%| F|  |TAMS 0x0000000085f00000, 0x0000000085f00000| Untracked 
|  96|0x0000000086000000, 0x0000000086000000, 0x0000000086100000|  0%| F|  |TAMS 0x0000000086000000, 0x0000000086000000| Untracked 
|  97|0x0000000086100000, 0x0000000086100000, 0x0000000086200000|  0%| F|  |TAMS 0x0000000086100000, 0x0000000086100000| Untracked 
|  98|0x0000000086200000, 0x0000000086200000, 0x0000000086300000|  0%| F|  |TAMS 0x0000000086200000, 0x0000000086200000| Untracked 
|  99|0x0000000086300000, 0x0000000086300000, 0x0000000086400000|  0%| F|  |TAMS 0x0000000086300000, 0x0000000086300000| Untracked 
| 100|0x0000000086400000, 0x0000000086400000, 0x0000000086500000|  0%| F|  |TAMS 0x0000000086400000, 0x0000000086400000| Untracked 
| 101|0x0000000086500000, 0x0000000086500000, 0x0000000086600000|  0%| F|  |TAMS 0x0000000086500000, 0x0000000086500000| Untracked 
| 102|0x0000000086600000, 0x0000000086600000, 0x0000000086700000|  0%| F|  |TAMS 0x0000000086600000, 0x0000000086600000| Untracked 
| 103|0x0000000086700000, 0x0000000086700000, 0x0000000086800000|  0%| F|  |TAMS 0x0000000086700000, 0x0000000086700000| Untracked 
| 104|0x0000000086800000, 0x0000000086800000, 0x0000000086900000|  0%| F|  |TAMS 0x0000000086800000, 0x0000000086800000| Untracked 
| 105|0x0000000086900000, 0x0000000086900000, 0x0000000086a00000|  0%| F|  |TAMS 0x0000000086900000, 0x0000000086900000| Untracked 
| 106|0x0000000086a00000, 0x0000000086a00000, 0x0000000086b00000|  0%| F|  |TAMS 0x0000000086a00000, 0x0000000086a00000| Untracked 
| 107|0x0000000086b00000, 0x0000000086b00000, 0x0000000086c00000|  0%| F|  |TAMS 0x0000000086b00000, 0x0000000086b00000| Untracked 
| 108|0x0000000086c00000, 0x0000000086c00000, 0x0000000086d00000|  0%| F|  |TAMS 0x0000000086c00000, 0x0000000086c00000| Untracked 
| 109|0x0000000086d00000, 0x0000000086d00000, 0x0000000086e00000|  0%| F|  |TAMS 0x0000000086d00000, 0x0000000086d00000| Untracked 
| 110|0x0000000086e00000, 0x0000000086e00000, 0x0000000086f00000|  0%| F|  |TAMS 0x0000000086e00000, 0x0000000086e00000| Untracked 
| 111|0x0000000086f00000, 0x0000000086f00000, 0x0000000087000000|  0%| F|  |TAMS 0x0000000086f00000, 0x0000000086f00000| Untracked 
| 112|0x0000000087000000, 0x0000000087100000, 0x0000000087100000|100%| E|  |TAMS 0x0000000087000000, 0x0000000087000000| Complete 
| 113|0x0000000087100000, 0x0000000087200000, 0x0000000087200000|100%| E|CS|TAMS 0x0000000087100000, 0x0000000087100000| Complete 
| 114|0x0000000087200000, 0x0000000087300000, 0x0000000087300000|100%| E|CS|TAMS 0x0000000087200000, 0x0000000087200000| Complete 
| 115|0x0000000087300000, 0x0000000087400000, 0x0000000087400000|100%| E|CS|TAMS 0x0000000087300000, 0x0000000087300000| Complete 
| 116|0x0000000087400000, 0x0000000087500000, 0x0000000087500000|100%| E|CS|TAMS 0x0000000087400000, 0x0000000087400000| Complete 
| 117|0x0000000087500000, 0x0000000087600000, 0x0000000087600000|100%| E|CS|TAMS 0x0000000087500000, 0x0000000087500000| Complete 
| 118|0x0000000087600000, 0x0000000087700000, 0x0000000087700000|100%| E|CS|TAMS 0x0000000087600000, 0x0000000087600000| Complete 
| 119|0x0000000087700000, 0x0000000087800000, 0x0000000087800000|100%| E|CS|TAMS 0x0000000087700000, 0x0000000087700000| Complete 
| 120|0x0000000087800000, 0x0000000087900000, 0x0000000087900000|100%| E|CS|TAMS 0x0000000087800000, 0x0000000087800000| Complete 
| 121|0x0000000087900000, 0x0000000087a00000, 0x0000000087a00000|100%| E|CS|TAMS 0x0000000087900000, 0x0000000087900000| Complete 
| 122|0x0000000087a00000, 0x0000000087b00000, 0x0000000087b00000|100%| E|CS|TAMS 0x0000000087a00000, 0x0000000087a00000| Complete 
| 123|0x0000000087b00000, 0x0000000087c00000, 0x0000000087c00000|100%| E|CS|TAMS 0x0000000087b00000, 0x0000000087b00000| Complete 
| 124|0x0000000087c00000, 0x0000000087d00000, 0x0000000087d00000|100%| E|CS|TAMS 0x0000000087c00000, 0x0000000087c00000| Complete 
| 125|0x0000000087d00000, 0x0000000087e00000, 0x0000000087e00000|100%| E|CS|TAMS 0x0000000087d00000, 0x0000000087d00000| Complete 
| 126|0x0000000087e00000, 0x0000000087f00000, 0x0000000087f00000|100%| E|  |TAMS 0x0000000087e00000, 0x0000000087e00000| Complete 
| 127|0x0000000087f00000, 0x0000000088000000, 0x0000000088000000|100%| E|CS|TAMS 0x0000000087f00000, 0x0000000087f00000| Complete 

Card table byte_map: [0x00000227e4900000,0x00000227e4d00000] _byte_map_base: 0x00000227e4500000

Marking Bits (Prev, Next): (CMBitMap*) 0x00000227d189c0f0, (CMBitMap*) 0x00000227d189c130
 Prev Bits: [0x00000227e5100000, 0x00000227e7100000)
 Next Bits: [0x00000227e7100000, 0x00000227e9100000)

Polling page: 0x00000227cf810000

Metaspace:

Usage:
  Non-class:     12.99 MB used.
      Class:      1.51 MB used.
       Both:     14.49 MB used.

Virtual space:
  Non-class space:       64.00 MB reserved,      13.12 MB ( 21%) committed,  1 nodes.
      Class space:        1.00 GB reserved,       1.62 MB ( <1%) committed,  1 nodes.
             Both:        1.06 GB reserved,      14.75 MB (  1%) committed. 

Chunk freelists:
   Non-Class:  2.22 MB
       Class:  14.21 MB
        Both:  16.43 MB

MaxMetaspaceSize: unlimited
CompressedClassSpaceSize: 1.00 GB
Initial GC threshold: 21.00 MB
Current GC threshold: 21.00 MB
CDS: off
MetaspaceReclaimPolicy: balanced
 - commit_granule_bytes: 65536.
 - commit_granule_words: 8192.
 - virtual_space_node_default_size: 8388608.
 - enlarge_chunks_in_place: 1.
 - new_chunks_are_fully_committed: 0.
 - uncommit_free_chunks: 1.
 - use_allocation_guard: 0.
 - handle_deallocations: 1.


Internal statistics:

num_allocs_failed_limit: 0.
num_arena_births: 260.
num_arena_deaths: 0.
num_vsnodes_births: 2.
num_vsnodes_deaths: 0.
num_space_committed: 236.
num_space_uncommitted: 0.
num_chunks_returned_to_freelist: 0.
num_chunks_taken_from_freelist: 464.
num_chunk_merges: 0.
num_chunk_splits: 271.
num_chunks_enlarged: 118.
num_inconsistent_stats: 0.

CodeHeap 'non-profiled nmethods': size=120000Kb used=328Kb max_used=328Kb free=119671Kb
 bounds [0x00000227dca80000, 0x00000227dccf0000, 0x00000227e3fb0000]
CodeHeap 'profiled nmethods': size=120000Kb used=1543Kb max_used=1543Kb free=118457Kb
 bounds [0x00000227d4fb0000, 0x00000227d5220000, 0x00000227dc4e0000]
CodeHeap 'non-nmethods': size=5760Kb used=1175Kb max_used=1193Kb free=4584Kb
 bounds [0x00000227dc4e0000, 0x00000227dc750000, 0x00000227dca80000]
 total_blobs=1458 nmethods=984 adapters=387
 compilation: enabled
              stopped_count=0, restarted_count=0
 full_count=0

Compilation events (20 events):
Event: 0.432 Thread 0x00000227f0065bb0 nmethod 976 0x00000227d512b710 code [0x00000227d512b960, 0x00000227d512c458]
Event: 0.432 Thread 0x00000227f0065bb0  977       3       jdk.internal.jimage.ImageLocation::verifyName (161 bytes)
Event: 0.432 Thread 0x00000227f0063df0 nmethod 941 0x00000227dcacfd10 code [0x00000227dcacff20, 0x00000227dcad11f0]
Event: 0.432 Thread 0x00000227f0063df0  968       4       jdk.internal.org.objectweb.asm.Frame::execute (2305 bytes)
Event: 0.433 Thread 0x00000227f0065bb0 nmethod 977 0x00000227d512c790 code [0x00000227d512cac0, 0x00000227d512e078]
Event: 0.433 Thread 0x00000227f0065bb0  978       3       java.util.zip.ZipCoder$UTF8ZipCoder::toString (12 bytes)
Event: 0.433 Thread 0x00000227f0065bb0 nmethod 978 0x00000227d512ea10 code [0x00000227d512ebc0, 0x00000227d512ed68]
Event: 0.433 Thread 0x00000227f0065bb0  979       3       java.lang.System$2::newStringUTF8NoRepl (7 bytes)
Event: 0.433 Thread 0x00000227f0065bb0 nmethod 979 0x00000227d512ee90 code [0x00000227d512f020, 0x00000227d512f168]
Event: 0.435 Thread 0x00000227f0065bb0  982   !   3       java.lang.ClassLoader::addClass (27 bytes)
Event: 0.436 Thread 0x00000227f0065bb0 nmethod 982 0x00000227d512f210 code [0x00000227d512f3e0, 0x00000227d512f988]
Event: 0.436 Thread 0x00000227f0065bb0  983       3       jdk.internal.ref.CleanerImpl$PhantomCleanableRef::<init> (12 bytes)
Event: 0.437 Thread 0x00000227f0065bb0 nmethod 983 0x00000227d512fc90 code [0x00000227d512fe40, 0x00000227d512ffe8]
Event: 0.437 Thread 0x00000227f0065bb0  984       3       java.util.jar.Attributes::getValue (9 bytes)
Event: 0.437 Thread 0x00000227f0065bb0 nmethod 984 0x00000227d5130090 code [0x00000227d5130240, 0x00000227d5130548]
Event: 0.437 Thread 0x00000227f0065bb0  985       3       java.util.jar.Attributes::get (11 bytes)
Event: 0.437 Thread 0x00000227f0065bb0 nmethod 985 0x00000227d5130690 code [0x00000227d5130840, 0x00000227d5130a08]
Event: 0.437 Thread 0x00000227f0065bb0  986       3       java.util.jar.JavaUtilJarAccessImpl::entryFor (6 bytes)
Event: 0.437 Thread 0x00000227f0065bb0 nmethod 986 0x00000227d5130b10 code [0x00000227d5130ce0, 0x00000227d5131108]
Event: 0.437 Thread 0x00000227f0065bb0  987       3       java.lang.String::equalsIgnoreCase (45 bytes)

GC Heap History (0 events):
No events

Dll operation events (1 events):
Event: 0.010 Loaded shared library C:\Program Files\JetBrains\IntelliJ IDEA 2023.2.5\jbr\bin\java.dll

Deoptimization events (20 events):
Event: 0.161 Thread 0x00000227f03254c0 DEOPT PACKING pc=0x00000227d4fec0fc sp=0x000000ad2a9fe3b0
Event: 0.161 Thread 0x00000227f03254c0 DEOPT UNPACKING pc=0x00000227dc537143 sp=0x000000ad2a9fd840 mode 0
Event: 0.161 Thread 0x00000227f03254c0 DEOPT PACKING pc=0x00000227d4fec0fc sp=0x000000ad2a9fe3b0
Event: 0.161 Thread 0x00000227f03254c0 DEOPT UNPACKING pc=0x00000227dc537143 sp=0x000000ad2a9fd840 mode 0
Event: 0.165 Thread 0x00000227d1841640 DEOPT PACKING pc=0x00000227d4fec0fc sp=0x000000ad295f9ec0
Event: 0.165 Thread 0x00000227d1841640 DEOPT UNPACKING pc=0x00000227dc537143 sp=0x000000ad295f9350 mode 0
Event: 0.165 Thread 0x00000227d1841640 DEOPT PACKING pc=0x00000227d4fec0fc sp=0x000000ad295f9ec0
Event: 0.165 Thread 0x00000227d1841640 DEOPT UNPACKING pc=0x00000227dc537143 sp=0x000000ad295f9350 mode 0
Event: 0.262 Thread 0x00000227d1841640 DEOPT PACKING pc=0x00000227d4fc88e7 sp=0x000000ad295fd090
Event: 0.262 Thread 0x00000227d1841640 DEOPT UNPACKING pc=0x00000227dc537143 sp=0x000000ad295fc4b0 mode 0
Event: 0.269 Thread 0x00000227d1841640 DEOPT PACKING pc=0x00000227d4fc3a51 sp=0x000000ad295fe030
Event: 0.269 Thread 0x00000227d1841640 DEOPT UNPACKING pc=0x00000227dc537143 sp=0x000000ad295fd4a8 mode 0
Event: 0.302 Thread 0x00000227f05fead0 Uncommon trap: trap_request=0xffffff45 fr.pc=0x00000227dcaabe18 relative=0x0000000000000178
Event: 0.302 Thread 0x00000227f05b7570 Uncommon trap: trap_request=0xffffff45 fr.pc=0x00000227dcaabe18 relative=0x0000000000000178
Event: 0.302 Thread 0x00000227f05fead0 Uncommon trap: reason=unstable_if action=reinterpret pc=0x00000227dcaabe18 method=java.lang.invoke.VarHandle.checkExactAccessMode(Ljava/lang/invoke/VarHandle$AccessDescriptor;)V @ 4 c2
Event: 0.302 Thread 0x00000227f05b7570 Uncommon trap: reason=unstable_if action=reinterpret pc=0x00000227dcaabe18 method=java.lang.invoke.VarHandle.checkExactAccessMode(Ljava/lang/invoke/VarHandle$AccessDescriptor;)V @ 4 c2
Event: 0.302 Thread 0x00000227f05b7570 DEOPT PACKING pc=0x00000227dcaabe18 sp=0x000000ad2affefe0
Event: 0.302 Thread 0x00000227f05b7570 DEOPT UNPACKING pc=0x00000227dc5369a3 sp=0x000000ad2affefc0 mode 2
Event: 0.302 Thread 0x00000227f05fead0 DEOPT PACKING pc=0x00000227dcaabe18 sp=0x000000ad2aefefc0
Event: 0.302 Thread 0x00000227f05fead0 DEOPT UNPACKING pc=0x00000227dc5369a3 sp=0x000000ad2aefefa0 mode 2

Classes unloaded (0 events):
No events

Classes redefined (0 events):
No events

Internal exceptions (20 events):
Event: 0.186 Thread 0x00000227d1841640 Exception <a 'java/lang/IncompatibleClassChangeError'{0x0000000087b3dcc0}: Found class java.lang.Object, but interface was expected> (0x0000000087b3dcc0) 
thrown [s\src\hotspot\share\interpreter\linkResolver.cpp, line 838]
Event: 0.187 Thread 0x00000227d1841640 Exception <a 'java/lang/IncompatibleClassChangeError'{0x0000000087b3f1d8}: Found class java.lang.Object, but interface was expected> (0x0000000087b3f1d8) 
thrown [s\src\hotspot\share\interpreter\linkResolver.cpp, line 838]
Event: 0.187 Thread 0x00000227d1841640 Exception <a 'java/lang/IncompatibleClassChangeError'{0x0000000087b40150}: Found class java.lang.Object, but interface was expected> (0x0000000087b40150) 
thrown [s\src\hotspot\share\interpreter\linkResolver.cpp, line 838]
Event: 0.187 Thread 0x00000227d1841640 Exception <a 'java/lang/IncompatibleClassChangeError'{0x0000000087b41228}: Found class java.lang.Object, but interface was expected> (0x0000000087b41228) 
thrown [s\src\hotspot\share\interpreter\linkResolver.cpp, line 838]
Event: 0.187 Thread 0x00000227d1841640 Exception <a 'java/lang/IncompatibleClassChangeError'{0x0000000087b426e8}: Found class java.lang.Object, but interface was expected> (0x0000000087b426e8) 
thrown [s\src\hotspot\share\interpreter\linkResolver.cpp, line 838]
Event: 0.187 Thread 0x00000227d1841640 Exception <a 'java/lang/NoSuchMethodError'{0x0000000087b453b8}: 'void java.lang.invoke.DirectMethodHandle$Holder.invokeStatic(java.lang.Object, java.lang.Object)'> (0x0000000087b453b8) 
thrown [s\src\hotspot\share\interpreter\linkResolver.cpp, line 771]
Event: 0.187 Thread 0x00000227d1841640 Exception <a 'java/lang/NoSuchMethodError'{0x0000000087b48a28}: 'void java.lang.invoke.DirectMethodHandle$Holder.invokeStaticInit(java.lang.Object, java.lang.Object)'> (0x0000000087b48a28) 
thrown [s\src\hotspot\share\interpreter\linkResolver.cpp, line 771]
Event: 0.200 Thread 0x00000227d1841640 Exception <a 'java/lang/NoSuchMethodError'{0x0000000087b5b5e8}: 'java.lang.Object java.lang.invoke.DirectMethodHandle$Holder.invokeStaticInit(java.lang.Object)'> (0x0000000087b5b5e8) 
thrown [s\src\hotspot\share\interpreter\linkResolver.cpp, line 771]
Event: 0.223 Thread 0x00000227d1841640 Exception <a 'java/lang/NoSuchMethodError'{0x0000000087bedcd8}: 'java.lang.Object java.lang.invoke.DirectMethodHandle$Holder.invokeStaticInit(java.lang.Object, int, int, int, int)'> (0x0000000087bedcd8) 
thrown [s\src\hotspot\share\interpreter\linkResolver.cpp, line 771]
Event: 0.245 Thread 0x00000227d1841640 Exception <a 'java/lang/NoSuchMethodError'{0x0000000087abce60}: 'java.lang.Object java.lang.invoke.DirectMethodHandle$Holder.invokeStaticInit(java.lang.Object, java.lang.Object, int, int, int, int)'> (0x0000000087abce60) 
thrown [s\src\hotspot\share\interpreter\linkResolver.cpp, line 771]
Event: 0.294 Thread 0x00000227d1841640 Exception <a 'java/lang/NoSuchMethodError'{0x0000000087735c10}: 'java.lang.Object java.lang.invoke.Invokers$Holder.linkToTargetMethod(java.lang.Object, long, java.lang.Object)'> (0x0000000087735c10) 
thrown [s\src\hotspot\share\interpreter\linkResolver.cpp, line 771]
Event: 0.331 Thread 0x00000227f05c1630 Exception <a 'java/lang/NoSuchMethodError'{0x0000000087522fe8}: static [B.<clinit>()V> (0x0000000087522fe8) 
thrown [s\src\hotspot\share\prims\jni.cpp, line 1108]
Event: 0.331 Thread 0x00000227f05c01f0 Exception <a 'java/lang/NoSuchMethodError'{0x000000008759a5e0}: static [B.<clinit>()V> (0x000000008759a5e0) 
thrown [s\src\hotspot\share\prims\jni.cpp, line 1108]
Event: 0.339 Thread 0x00000227f05c1630 Exception <a 'java/lang/NoSuchMethodError'{0x0000000087550870}: static [Ljava/rmi/server/ObjID;.<clinit>()V> (0x0000000087550870) 
thrown [s\src\hotspot\share\prims\jni.cpp, line 1108]
Event: 0.341 Thread 0x00000227f05c0c10 Exception <a 'java/lang/InterruptedException'{0x0000000087400000}> (0x0000000087400000) 
thrown [s\src\hotspot\share\runtime\objectMonitor.cpp, line 1658]
Event: 0.341 Thread 0x00000227f05c1630 Exception <a 'java/lang/NoSuchMethodError'{0x00000000875582d8}: 'void java.lang.invoke.DirectMethodHandle$Holder.invokeSpecial(java.lang.Object, java.lang.Object, java.lang.Object)'> (0x00000000875582d8) 
thrown [s\src\hotspot\share\interpreter\linkResolver.cpp, line 771]
Event: 0.342 Thread 0x00000227f05c1630 Exception <a 'java/lang/NoSuchMethodError'{0x000000008755b840}: 'void java.lang.invoke.Invokers$Holder.invoke_MT(java.lang.Object, java.lang.Object, java.lang.Object)'> (0x000000008755b840) 
thrown [s\src\hotspot\share\interpreter\linkResolver.cpp, line 771]
Event: 0.343 Thread 0x00000227f05c0c10 Exception <a 'java/lang/NoSuchMethodError'{0x0000000087408a00}: 'java.lang.Object java.lang.invoke.DirectMethodHandle$Holder.newInvokeSpecial(java.lang.Object, java.lang.Object, int, java.lang.Object, long)'> (0x0000000087408a00) 
thrown [s\src\hotspot\share\interpreter\linkResolver.cpp, line 771]
Event: 0.404 Thread 0x00000227f05c1630 Exception <a 'java/lang/NoSuchMethodError'{0x000000008714a670}: 'java.lang.Object java.lang.invoke.DirectMethodHandle$Holder.invokeInterface(java.lang.Object, java.lang.Object)'> (0x000000008714a670) 
thrown [s\src\hotspot\share\interpreter\linkResolver.cpp, line 771]
Event: 0.424 Thread 0x00000227f05c1630 Exception <a 'java/lang/NoSuchMethodError'{0x00000000871d29d0}: 'java.lang.Object java.lang.invoke.DirectMethodHandle$Holder.invokeVirtual(java.lang.Object, java.lang.Object, java.lang.Object)'> (0x00000000871d29d0) 
thrown [s\src\hotspot\share\interpreter\linkResolver.cpp, line 771]

VM Operations (6 events):
Event: 0.126 Executing VM operation: HandshakeAllThreads
Event: 0.126 Executing VM operation: HandshakeAllThreads done
Event: 0.158 Executing VM operation: HandshakeAllThreads
Event: 0.158 Executing VM operation: HandshakeAllThreads done
Event: 0.191 Executing VM operation: HandshakeAllThreads
Event: 0.191 Executing VM operation: HandshakeAllThreads done

Events (20 events):
Event: 0.421 loading class java/math/MathContext
Event: 0.421 loading class java/math/MathContext done
Event: 0.421 loading class java/math/RoundingMode
Event: 0.421 loading class java/math/RoundingMode done
Event: 0.422 loading class java/util/Collections$UnmodifiableMap$UnmodifiableEntrySet
Event: 0.422 loading class java/util/Collections$UnmodifiableMap$UnmodifiableEntrySet done
Event: 0.422 loading class java/util/Collections$UnmodifiableMap$UnmodifiableEntrySet$UnmodifiableEntrySetSpliterator
Event: 0.422 loading class java/util/Collections$UnmodifiableMap$UnmodifiableEntrySet$UnmodifiableEntrySetSpliterator done
Event: 0.422 loading class java/util/HashMap$EntrySpliterator
Event: 0.422 loading class java/util/HashMap$EntrySpliterator done
Event: 0.422 loading class java/lang/invoke/DirectMethodHandle$Special
Event: 0.422 loading class java/lang/invoke/DirectMethodHandle$Special done
Event: 0.425 loading class java/util/stream/ForEachOps
Event: 0.425 loading class java/util/stream/ForEachOps done
Event: 0.425 loading class java/util/stream/ForEachOps$ForEachOp$OfRef
Event: 0.425 loading class java/util/stream/ForEachOps$ForEachOp
Event: 0.425 loading class java/util/stream/ForEachOps$ForEachOp done
Event: 0.425 loading class java/util/stream/ForEachOps$ForEachOp$OfRef done
Event: 0.425 loading class java/lang/NoSuchFieldError
Event: 0.425 loading class java/lang/NoSuchFieldError done


Dynamic libraries:
0x00007ff7b1150000 - 0x00007ff7b115a000 	C:\Program Files\JetBrains\IntelliJ IDEA 2023.2.5\jbr\bin\java.exe
0x00007ffed6470000 - 0x00007ffed6687000 	C:\WINDOWS\SYSTEM32\ntdll.dll
0x00007ffed4eb0000 - 0x00007ffed4f74000 	C:\WINDOWS\System32\KERNEL32.DLL
0x00007ffed3d50000 - 0x00007ffed410a000 	C:\WINDOWS\System32\KERNELBASE.dll
0x00007ffed3c30000 - 0x00007ffed3d41000 	C:\WINDOWS\System32\ucrtbase.dll
0x00007ffec0d30000 - 0x00007ffec0d4b000 	C:\Program Files\JetBrains\IntelliJ IDEA 2023.2.5\jbr\bin\VCRUNTIME140.dll
0x00007ffeb6330000 - 0x00007ffeb6347000 	C:\Program Files\JetBrains\IntelliJ IDEA 2023.2.5\jbr\bin\jli.dll
0x00007ffed61c0000 - 0x00007ffed636e000 	C:\WINDOWS\System32\USER32.dll
0x00007ffed4140000 - 0x00007ffed4166000 	C:\WINDOWS\System32\win32u.dll
0x00007ffec6eb0000 - 0x00007ffec7142000 	C:\WINDOWS\WinSxS\amd64_microsoft.windows.common-controls_6595b64144ccf1df_6.0.22621.4541_none_2710d1c57384c085\COMCTL32.dll
0x00007ffed4470000 - 0x00007ffed4499000 	C:\WINDOWS\System32\GDI32.dll
0x00007ffed55f0000 - 0x00007ffed5697000 	C:\WINDOWS\System32\msvcrt.dll
0x00007ffed3b10000 - 0x00007ffed3c2b000 	C:\WINDOWS\System32\gdi32full.dll
0x00007ffed39b0000 - 0x00007ffed3a4a000 	C:\WINDOWS\System32\msvcp_win.dll
0x00007ffed6370000 - 0x00007ffed63a1000 	C:\WINDOWS\System32\IMM32.DLL
0x00007ffecad60000 - 0x00007ffecad6c000 	C:\Program Files\JetBrains\IntelliJ IDEA 2023.2.5\jbr\bin\vcruntime140_1.dll
0x00007ffeb2720000 - 0x00007ffeb27ad000 	C:\Program Files\JetBrains\IntelliJ IDEA 2023.2.5\jbr\bin\msvcp140.dll
0x00007ffe5f250000 - 0x00007ffe5fed3000 	C:\Program Files\JetBrains\IntelliJ IDEA 2023.2.5\jbr\bin\server\jvm.dll
0x00007ffed6100000 - 0x00007ffed61b2000 	C:\WINDOWS\System32\ADVAPI32.dll
0x00007ffed43c0000 - 0x00007ffed4467000 	C:\WINDOWS\System32\sechost.dll
0x00007ffed4110000 - 0x00007ffed4138000 	C:\WINDOWS\System32\bcrypt.dll
0x00007ffed4170000 - 0x00007ffed4284000 	C:\WINDOWS\System32\RPCRT4.dll
0x00007ffed3560000 - 0x00007ffed35ad000 	C:\WINDOWS\SYSTEM32\POWRPROF.dll
0x00007ffeca700000 - 0x00007ffeca734000 	C:\WINDOWS\SYSTEM32\WINMM.dll
0x00007ffec2d00000 - 0x00007ffec2d09000 	C:\WINDOWS\SYSTEM32\WSOCK32.dll
0x00007ffec6be0000 - 0x00007ffec6bea000 	C:\WINDOWS\SYSTEM32\VERSION.dll
0x00007ffed63b0000 - 0x00007ffed6421000 	C:\WINDOWS\System32\WS2_32.dll
0x00007ffed3540000 - 0x00007ffed3553000 	C:\WINDOWS\SYSTEM32\UMPDC.dll
0x00007ffed2740000 - 0x00007ffed2758000 	C:\WINDOWS\SYSTEM32\kernel.appcore.dll
0x00007ffec2cc0000 - 0x00007ffec2cca000 	C:\Program Files\JetBrains\IntelliJ IDEA 2023.2.5\jbr\bin\jimage.dll
0x00007ffed0d60000 - 0x00007ffed0f92000 	C:\WINDOWS\SYSTEM32\DBGHELP.DLL
0x00007ffed4f90000 - 0x00007ffed531f000 	C:\WINDOWS\System32\combase.dll
0x00007ffed44a0000 - 0x00007ffed4577000 	C:\WINDOWS\System32\OLEAUT32.dll
0x00007ffec3330000 - 0x00007ffec3362000 	C:\WINDOWS\SYSTEM32\dbgcore.DLL
0x00007ffed3740000 - 0x00007ffed37bb000 	C:\WINDOWS\System32\bcryptPrimitives.dll
0x00007ffeb6ac0000 - 0x00007ffeb6ae5000 	C:\Program Files\JetBrains\IntelliJ IDEA 2023.2.5\jbr\bin\java.dll
0x00007ffebab90000 - 0x00007ffebaba8000 	C:\Program Files\JetBrains\IntelliJ IDEA 2023.2.5\jbr\bin\zip.dll
0x00007ffed5700000 - 0x00007ffed5f78000 	C:\WINDOWS\System32\SHELL32.dll
0x00007ffed1630000 - 0x00007ffed1f38000 	C:\WINDOWS\SYSTEM32\windows.storage.dll
0x00007ffed14f0000 - 0x00007ffed162f000 	C:\WINDOWS\SYSTEM32\wintypes.dll
0x00007ffed5490000 - 0x00007ffed558a000 	C:\WINDOWS\System32\SHCORE.dll
0x00007ffed5590000 - 0x00007ffed55ee000 	C:\WINDOWS\System32\shlwapi.dll
0x00007ffed3670000 - 0x00007ffed369b000 	C:\WINDOWS\SYSTEM32\profapi.dll
0x00007ffec0e90000 - 0x00007ffec0ea9000 	C:\Program Files\JetBrains\IntelliJ IDEA 2023.2.5\jbr\bin\net.dll
0x00007ffecfdf0000 - 0x00007ffecff26000 	C:\WINDOWS\SYSTEM32\WINHTTP.dll
0x00007ffed2bb0000 - 0x00007ffed2c19000 	C:\WINDOWS\system32\mswsock.dll
0x00007ffec0e70000 - 0x00007ffec0e86000 	C:\Program Files\JetBrains\IntelliJ IDEA 2023.2.5\jbr\bin\nio.dll
0x00007ffed2190000 - 0x00007ffed21bd000 	C:\WINDOWS\SYSTEM32\IPHLPAPI.DLL
0x00007ffed43b0000 - 0x00007ffed43b9000 	C:\WINDOWS\System32\NSI.dll
0x00007ffeccf30000 - 0x00007ffeccf49000 	C:\WINDOWS\SYSTEM32\dhcpcsvc6.DLL
0x00007ffecc800000 - 0x00007ffecc81f000 	C:\WINDOWS\SYSTEM32\dhcpcsvc.DLL
0x00007ffed21c0000 - 0x00007ffed22c2000 	C:\WINDOWS\SYSTEM32\DNSAPI.dll
0x00007ffed2f00000 - 0x00007ffed2f1b000 	C:\WINDOWS\SYSTEM32\CRYPTSP.dll
0x00007ffed26a0000 - 0x00007ffed26d5000 	C:\WINDOWS\system32\rsaenh.dll
0x00007ffed2c50000 - 0x00007ffed2c78000 	C:\WINDOWS\SYSTEM32\USERENV.dll
0x00007ffed2ee0000 - 0x00007ffed2eec000 	C:\WINDOWS\SYSTEM32\CRYPTBASE.dll
0x00007ffec0130000 - 0x00007ffec0137000 	C:\Program Files\JetBrains\IntelliJ IDEA 2023.2.5\jbr\bin\rmi.dll

dbghelp: loaded successfully - version: 4.0.5 - missing functions: none
symbol engine: initialized successfully - sym options: 0x614 - pdb path: .;C:\Program Files\JetBrains\IntelliJ IDEA 2023.2.5\jbr\bin;C:\WINDOWS\SYSTEM32;C:\WINDOWS\WinSxS\amd64_microsoft.windows.common-controls_6595b64144ccf1df_6.0.22621.4541_none_2710d1c57384c085;C:\Program Files\JetBrains\IntelliJ IDEA 2023.2.5\jbr\bin\server

VM Arguments:
jvm_args: -Djava.rmi.server.hostname=127.0.0.1 -Duser.timezone=UTC -Xmx2048m -Xms128m -Djna.boot.library.path=C:\Program Files\JetBrains\IntelliJ IDEA 2023.2.5/lib/jna/amd64 -Djna.nosys=true -Djna.noclasspath=true -Djdbc.classpath=C:\Program Files\JetBrains\IntelliJ IDEA 2023.2.5\plugins\DatabaseTools\lib\jdbc-console.jar;C:\Users\Asus\AppData\Roaming\JetBrains\IntelliJIdea2023.2\jdbc-drivers\MySQL ConnectorJ\8.2.0\com\mysql\mysql-connector-j\8.2.0\mysql-connector-j-8.2.0.jar;C:\Users\Asus\AppData\Roaming\JetBrains\IntelliJIdea2023.2\jdbc-drivers\MySQL ConnectorJ\8.2.0\com\google\protobuf\protobuf-java\3.21.9\protobuf-java-3.21.9.jar --add-exports=java.desktop/sun.awt=ALL-UNNAMED --add-exports=java.desktop/java.awt.peer=ALL-UNNAMED --add-opens=java.desktop/java.awt=ALL-UNNAMED --add-opens=jdk.unsupported/sun.misc=ALL-UNNAMED --add-opens=java.base/java.nio=ALL-UNNAMED --add-opens=java.base/java.util=ALL-UNNAMED -Dfile.encoding=UTF-8 
java_command: com.intellij.database.remote.RemoteJdbcServer com.mysql.cj.jdbc.Driver
java_class_path (initial): C:\Program Files\JetBrains\IntelliJ IDEA 2023.2.5\lib\util_rt.jar;C:\Program Files\JetBrains\IntelliJ IDEA 2023.2.5\lib\util-8.jar;C:\Program Files\JetBrains\IntelliJ IDEA 2023.2.5\lib\groovy.jar;C:\Program Files\JetBrains\IntelliJ IDEA 2023.2.5\plugins\DatabaseTools\lib\jdbc-console.jar;C:\Program Files\JetBrains\IntelliJ IDEA 2023.2.5\plugins\grid-core-impl\lib\jdbc-console-types.jar;C:\Program Files\JetBrains\IntelliJ IDEA 2023.2.5\lib\util.jar;C:\Program Files\JetBrains\IntelliJ IDEA 2023.2.5\lib\bouncy-castle.jar
Launcher Type: SUN_STANDARD

[Global flags]
     intx CICompilerCount                          = 4                                         {product} {ergonomic}
     uint ConcGCThreads                            = 3                                         {product} {ergonomic}
     uint G1ConcRefinementThreads                  = 10                                        {product} {ergonomic}
   size_t G1HeapRegionSize                         = 1048576                                   {product} {ergonomic}
    uintx GCDrainStackTargetSize                   = 64                                        {product} {ergonomic}
   size_t InitialHeapSize                          = 134217728                                 {product} {command line}
   size_t MarkStackSize                            = 4194304                                   {product} {ergonomic}
   size_t MaxHeapSize                              = 2147483648                                {product} {command line}
   size_t MaxNewSize                               = 1287651328                                {product} {ergonomic}
   size_t MinHeapDeltaBytes                        = 1048576                                   {product} {ergonomic}
   size_t MinHeapSize                              = 134217728                                 {product} {command line}
    uintx NonNMethodCodeHeapSize                   = 5839372                                {pd product} {ergonomic}
    uintx NonProfiledCodeHeapSize                  = 122909434                              {pd product} {ergonomic}
    uintx ProfiledCodeHeapSize                     = 122909434                              {pd product} {ergonomic}
    uintx ReservedCodeCacheSize                    = 251658240                              {pd product} {ergonomic}
     bool SegmentedCodeCache                       = true                                      {product} {ergonomic}
   size_t SoftMaxHeapSize                          = 2147483648                             {manageable} {ergonomic}
     bool UseCompressedClassPointers               = true                           {product lp64_product} {ergonomic}
     bool UseCompressedOops                        = true                           {product lp64_product} {ergonomic}
     bool UseG1GC                                  = true                                      {product} {ergonomic}
     bool UseLargePagesIndividualAllocation        = false                                  {pd product} {ergonomic}

Logging:
Log output configuration:
 #0: stdout all=warning uptime,level,tags
 #1: stderr all=off uptime,level,tags

Environment Variables:
JAVA_HOME=C:\Program Files\Java\jdk-17
PATH=C:\Program Files\Java\jdk-17\bin;C:\Program Files\Java\jdk-17\bin;C:\Program Files\Java\jdk1.8.0_291\bin;C:\src\flutter\bin;C:\WINDOWS\system32;C:\WINDOWS;C:\WINDOWS\System32\Wbem;C:\WINDOWS\System32\WindowsPowerShell\v1.0\;C:\WINDOWS\System32\OpenSSH\;C:\xampp\mysql\bin;C:\Program Files\MySQL\MySQL Server 8.0\bin;C:\Program Files\Docker\Docker\resources\bin;C:\Program Files\Apache\apache-maven-3.9.6\bin;C:\Program Files\Git\bin;C:\Program Files (x86)\Microsoft SQL Server\160\Tools\Binn\;C:\Program Files\Microsoft SQL Server\160\Tools\Binn\;C:\Program Files\Microsoft SQL Server\Client SDK\ODBC\170\Tools\Binn\;C:\Program Files\Microsoft SQL Server\160\DTS\Binn\;C:\Program Files (x86)\Microsoft SQL Server\160\DTS\Binn\;C:\Program Files\Microsoft SQL Server\150\Tools\Binn\;C:\Program Files\Docker\Docker\resources\bin;C:\Program Files\dotnet\;C:\Program Files (x86)\Windows Kits\10\Windows Performance Toolkit\;C:\Users\Asus\AppData\Roaming\nvm;C:\Program Files\nodejs;C:\Program Files\Java\jdk-17\bin;C:\Program Files\MySQL\MySQL Shell 8.0\bin\;C:\Users\Asus\AppData\Local\Microsoft\WindowsApps;C:\Users\Asus\AppData\Local\Programs\Microsoft VS Code\bin;C:\src\flutter\bin;C:\Program Files\JetBrains\IntelliJ IDEA 2023.2.5\bin;;C:\Users\Asus\AppData\Roaming\npm;C:\Users\Asus\.dotnet\tools;C:\Users\Asus\AppData\Roaming\nvm;C:\Program Files\nodejs;C:\Users\Asus\AppData\Roaming\nvm;C:\Users\Asus\AppData\Local\GitHubDesktop\bin
USERNAME=Asus
OS=Windows_NT
PROCESSOR_IDENTIFIER=Intel64 Family 6 Model 154 Stepping 4, GenuineIntel
TMP=C:\Users\Asus\AppData\Local\Temp
TEMP=C:\Users\Asus\AppData\Local\Temp



Periodic native trim disabled

JNI global refs:
JNI global refs: 17, weak refs: 0

JNI global refs memory usage: 843, weak refs: 841

OOME stack traces (most recent first):
Classloader memory used:
Loader bootstrap                                                                       : 1606K
Loader jdk.internal.loader.ClassLoaders$AppClassLoader                                 : 135K
Loader com.intellij.database.remote.jdbc.impl.JdbcClassLoader$JdbcClassLoaderImpl      : 75041B
Loader jdk.internal.loader.ClassLoaders$PlatformClassLoader                            : 30760B
Loader jdk.internal.reflect.DelegatingClassLoader                                      : 9365B


---------------  S Y S T E M  ---------------

OS:
 Windows 11 , 64 bit Build 22621 (10.0.22621.4391)
OS uptime: 3 days 2:29 hours
Hyper-V role detected

CPU: total 12 (initial active 12) (6 cores per cpu, 2 threads per core) family 6 model 154 stepping 4 microcode 0x429, cx8, cmov, fxsr, ht, mmx, 3dnowpref, sse, sse2, sse3, ssse3, sse4.1, sse4.2, popcnt, lzcnt, tsc, tscinvbit, avx, avx2, aes, erms, clmul, bmi1, bmi2, adx, sha, fma, vzeroupper, clflush, clflushopt, clwb, hv
Processor Information for processor 0
  Max Mhz: 1700, Current Mhz: 1700, Mhz Limit: 1700
Processor Information for processor 1
  Max Mhz: 1700, Current Mhz: 1700, Mhz Limit: 1700
Processor Information for processor 2
  Max Mhz: 1700, Current Mhz: 1457, Mhz Limit: 1700
Processor Information for processor 3
  Max Mhz: 1700, Current Mhz: 1700, Mhz Limit: 1700
Processor Information for processor 4
  Max Mhz: 1700, Current Mhz: 1200, Mhz Limit: 1190
Processor Information for processor 5
  Max Mhz: 1700, Current Mhz: 1200, Mhz Limit: 1190
Processor Information for processor 6
  Max Mhz: 1700, Current Mhz: 1200, Mhz Limit: 1190
Processor Information for processor 7
  Max Mhz: 1700, Current Mhz: 1200, Mhz Limit: 1190
Processor Information for processor 8
  Max Mhz: 1700, Current Mhz: 1200, Mhz Limit: 1190
Processor Information for processor 9
  Max Mhz: 1700, Current Mhz: 1200, Mhz Limit: 1190
Processor Information for processor 10
  Max Mhz: 1700, Current Mhz: 1200, Mhz Limit: 1190
Processor Information for processor 11
  Max Mhz: 1700, Current Mhz: 1200, Mhz Limit: 1190

Memory: 4k page, system-wide physical 7883M (943M free)
TotalPageFile size 32459M (AvailPageFile size 1M)
current process WorkingSet (physical memory assigned to process): 74M, peak: 74M
current process commit charge ("private bytes"): 230M, peak: 231M

vm_info: OpenJDK 64-Bit Server VM (17.0.9+7-b1000.46) for windows-amd64 JRE (17.0.9+7-b1000.46), built on 2023-10-27 by "builduser" with MS VC++ 16.10 / 16.11 (VS2019)

END.
