#
# There is insufficient memory for the Java Runtime Environment to continue.
# Native memory allocation (malloc) failed to allocate 1609616 bytes for Chunk::new
# Possible reasons:
#   The system is out of physical RAM or swap space
#   The process is running with CompressedOops enabled, and the Java Heap may be blocking the growth of the native heap
# Possible solutions:
#   Reduce memory load on the system
#   Increase physical memory or swap space
#   Check if swap backing store is full
#   Decrease Java heap size (-Xmx/-Xms)
#   Decrease number of Java threads
#   Decrease Java thread stack sizes (-Xss)
#   Set larger code cache with -XX:ReservedCodeCacheSize=
#   JVM is running with Unscaled Compressed Oops mode in which the Java heap is
#     placed in the first 4GB address space. The Java Heap base address is the
#     maximum limit for the native heap growth. Please use -XX:HeapBaseMinAddress
#     to set the Java Heap base and to place the Java Heap above 4GB virtual address.
# This output file may be truncated or incomplete.
#
#  Out of Memory Error (arena.cpp:191), pid=19936, tid=17412
#
# JRE version: OpenJDK Runtime Environment JBR-17.0.9+7-1000.46-jcef (17.0.9+7) (build 17.0.9+7-b1000.46)
# Java VM: OpenJDK 64-Bit Server VM JBR-17.0.9+7-1000.46-jcef (17.0.9+7-b1000.46, mixed mode, tiered, compressed oops, compressed class ptrs, g1 gc, windows-amd64)
# No core dump will be written. Minidumps are not enabled by default on client versions of Windows
#

---------------  S U M M A R Y ------------

Command Line: -Djava.rmi.server.hostname=127.0.0.1 -Duser.timezone=UTC -Xmx2048m -Xms128m -Djna.boot.library.path=C:\Program Files\JetBrains\IntelliJ IDEA 2023.2.5/lib/jna/amd64 -Djna.nosys=true -Djna.noclasspath=true -Djdbc.classpath=C:\Program Files\JetBrains\IntelliJ IDEA 2023.2.5\plugins\DatabaseTools\lib\jdbc-console.jar;C:\Users\Asus\AppData\Roaming\JetBrains\IntelliJIdea2023.2\jdbc-drivers\MySQL ConnectorJ\8.2.0\com\mysql\mysql-connector-j\8.2.0\mysql-connector-j-8.2.0.jar;C:\Users\Asus\AppData\Roaming\JetBrains\IntelliJIdea2023.2\jdbc-drivers\MySQL ConnectorJ\8.2.0\com\google\protobuf\protobuf-java\3.21.9\protobuf-java-3.21.9.jar --add-exports=java.desktop/sun.awt=ALL-UNNAMED --add-exports=java.desktop/java.awt.peer=ALL-UNNAMED --add-opens=java.desktop/java.awt=ALL-UNNAMED --add-opens=jdk.unsupported/sun.misc=ALL-UNNAMED --add-opens=java.base/java.nio=ALL-UNNAMED --add-opens=java.base/java.util=ALL-UNNAMED -Dfile.encoding=UTF-8 com.intellij.database.remote.RemoteJdbcServer com.mysql.cj.jdbc.Driver

Host: 12th Gen Intel(R) Core(TM) i7-1255U, 12 cores, 7G,  Windows 11 , 64 bit Build 22621 (10.0.22621.4391)
Time: Mon Jan  6 13:36:20 2025 Sri Lanka Standard Time elapsed time: 0.517575 seconds (0d 0h 0m 0s)

---------------  T H R E A D  ---------------

Current thread (0x000001ca79e03b90):  JavaThread "C2 CompilerThread1" daemon [_thread_in_native, id=17412, stack(0x0000009bee900000,0x0000009beea00000)]


Current CompileTask:
C2:    517  931       4       jdk.internal.org.objectweb.asm.Frame::execute (2305 bytes)

Stack: [0x0000009bee900000,0x0000009beea00000]
Native frames: (J=compiled Java code, j=interpreted, Vv=VM code, C=native code)
V  [jvm.dll+0x6886e9]
V  [jvm.dll+0x841e4a]
V  [jvm.dll+0x843a8e]
V  [jvm.dll+0x8440f3]
V  [jvm.dll+0x24c14f]
V  [jvm.dll+0xac44c]
V  [jvm.dll+0xaca9c]
V  [jvm.dll+0x36c1a2]
V  [jvm.dll+0x33651a]
V  [jvm.dll+0x3359ba]
V  [jvm.dll+0x21ddb1]
V  [jvm.dll+0x21d1d1]
V  [jvm.dll+0x1a674d]
V  [jvm.dll+0x22d088]
V  [jvm.dll+0x22b1c0]
V  [jvm.dll+0x7f62f7]
V  [jvm.dll+0x7f06aa]
V  [jvm.dll+0x687565]
C  [ucrtbase.dll+0x29333]
C  [KERNEL32.DLL+0x1259d]
C  [ntdll.dll+0x5af38]


---------------  P R O C E S S  ---------------

Threads class SMR info:
_java_thread_list=0x000001ca1929dc20, length=24, elements={
0x000001ca79e02fd0, 0x000001ca7f4d3020, 0x000001ca7f3564c0, 0x000001ca7f4ddfd0,
0x000001ca7f4deaa0, 0x000001ca7f4e1570, 0x000001ca7f4e1f30, 0x000001ca7f4a92d0,
0x000001ca7f4ab530, 0x000001ca7f4abf30, 0x000001ca7f677040, 0x000001ca7f677520,
0x000001ca79e03b90, 0x000001ca7f8241b0, 0x000001ca7f89e790, 0x000001ca191308b0,
0x000001ca191a5dc0, 0x000001ca191ae2b0, 0x000001ca1920d670, 0x000001ca192622d0,
0x000001ca19202380, 0x000001ca19202890, 0x000001ca19202da0, 0x000001ca19201e70
}

Java Threads: ( => current thread )
  0x000001ca79e02fd0 JavaThread "main" [_thread_blocked, id=11420, stack(0x0000009bed600000,0x0000009bed700000)]
  0x000001ca7f4d3020 JavaThread "Reference Handler" daemon [_thread_blocked, id=8600, stack(0x0000009bedd00000,0x0000009bede00000)]
  0x000001ca7f3564c0 JavaThread "Finalizer" daemon [_thread_blocked, id=21048, stack(0x0000009bede00000,0x0000009bedf00000)]
  0x000001ca7f4ddfd0 JavaThread "Signal Dispatcher" daemon [_thread_blocked, id=4676, stack(0x0000009bedf00000,0x0000009bee000000)]
  0x000001ca7f4deaa0 JavaThread "Attach Listener" daemon [_thread_blocked, id=12600, stack(0x0000009bee000000,0x0000009bee100000)]
  0x000001ca7f4e1570 JavaThread "Service Thread" daemon [_thread_blocked, id=20708, stack(0x0000009bee100000,0x0000009bee200000)]
  0x000001ca7f4e1f30 JavaThread "Monitor Deflation Thread" daemon [_thread_blocked, id=6044, stack(0x0000009bee200000,0x0000009bee300000)]
  0x000001ca7f4a92d0 JavaThread "C2 CompilerThread0" daemon [_thread_blocked, id=2640, stack(0x0000009bee300000,0x0000009bee400000)]
  0x000001ca7f4ab530 JavaThread "C1 CompilerThread0" daemon [_thread_blocked, id=8652, stack(0x0000009bee400000,0x0000009bee500000)]
  0x000001ca7f4abf30 JavaThread "Sweeper thread" daemon [_thread_blocked, id=5644, stack(0x0000009bee500000,0x0000009bee600000)]
  0x000001ca7f677040 JavaThread "Common-Cleaner" daemon [_thread_blocked, id=3368, stack(0x0000009bee600000,0x0000009bee700000)]
  0x000001ca7f677520 JavaThread "Notification Thread" daemon [_thread_blocked, id=5948, stack(0x0000009bee700000,0x0000009bee800000)]
=>0x000001ca79e03b90 JavaThread "C2 CompilerThread1" daemon [_thread_in_native, id=17412, stack(0x0000009bee900000,0x0000009beea00000)]
  0x000001ca7f8241b0 JavaThread "mysql-cj-abandoned-connection-cleanup" daemon [_thread_blocked, id=21388, stack(0x0000009beea00000,0x0000009beeb00000)]
  0x000001ca7f89e790 JavaThread "RMI TCP Accept-61031" daemon [_thread_in_native, id=16380, stack(0x0000009beeb00000,0x0000009beec00000)]
  0x000001ca191308b0 JavaThread "RMI TCP Accept-0" daemon [_thread_in_native, id=2996, stack(0x0000009beec00000,0x0000009beed00000)]
  0x000001ca191a5dc0 JavaThread "RMI Reaper" [_thread_blocked, id=8128, stack(0x0000009beed00000,0x0000009beee00000)]
  0x000001ca191ae2b0 JavaThread "RMI GC Daemon" daemon [_thread_blocked, id=17712, stack(0x0000009beee00000,0x0000009beef00000)]
  0x000001ca1920d670 JavaThread "RMI TCP Connection(1)-127.0.0.1" daemon [_thread_in_native, id=16604, stack(0x0000009beef00000,0x0000009bef000000)]
  0x000001ca192622d0 JavaThread "RMI TCP Connection(2)-127.0.0.1" daemon [_thread_in_native, id=9844, stack(0x0000009bef000000,0x0000009bef100000)]
  0x000001ca19202380 JavaThread "RMI TCP Connection(3)-127.0.0.1" daemon [_thread_in_native, id=8840, stack(0x0000009bef100000,0x0000009bef200000)]
  0x000001ca19202890 JavaThread "RMI TCP Connection(4)-127.0.0.1" daemon [_thread_in_vm, id=10512, stack(0x0000009bef200000,0x0000009bef300000)]
  0x000001ca19202da0 JavaThread "RMI Scheduler(0)" daemon [_thread_blocked, id=6996, stack(0x0000009bef300000,0x0000009bef400000)]
  0x000001ca19201e70 JavaThread "RMI RenewClean-[127.0.0.1:4399]" daemon [_thread_blocked, id=7768, stack(0x0000009bef400000,0x0000009bef500000)]

Other Threads:
  0x000001ca7f362ca0 VMThread "VM Thread" [stack: 0x0000009bedc00000,0x0000009bedd00000] [id=21076]
  0x000001ca7f682030 WatcherThread [stack: 0x0000009bee800000,0x0000009bee900000] [id=6740]
  0x000001ca79e5dfb0 GCTaskThread "GC Thread#0" [stack: 0x0000009bed700000,0x0000009bed800000] [id=10272]
  0x000001ca79e6eda0 ConcurrentGCThread "G1 Main Marker" [stack: 0x0000009bed800000,0x0000009bed900000] [id=9196]
  0x000001ca79e6f660 ConcurrentGCThread "G1 Conc#0" [stack: 0x0000009bed900000,0x0000009beda00000] [id=19636]
  0x000001ca79eae910 ConcurrentGCThread "G1 Refine#0" [stack: 0x0000009beda00000,0x0000009bedb00000] [id=14900]
  0x000001ca7f1c6530 ConcurrentGCThread "G1 Service" [stack: 0x0000009bedb00000,0x0000009bedc00000] [id=13808]

Threads with active compile tasks:
C2 CompilerThread1      524  931       4       jdk.internal.org.objectweb.asm.Frame::execute (2305 bytes)

VM state: not at safepoint (normal execution)

VM Mutex/Monitor currently owned by a thread: None

Heap address: 0x0000000080000000, size: 2048 MB, Compressed Oops mode: 32-bit

CDS archive(s) not mapped
Compressed class space mapped at: 0x0000000100000000-0x0000000140000000, reserved size: 1073741824
Narrow klass base: 0x0000000000000000, Narrow klass shift: 3, Narrow klass range: 0x140000000

GC Precious Log:
 CPUs: 12 total, 12 available
 Memory: 7883M
 Large Page Support: Disabled
 NUMA Support: Disabled
 Compressed Oops: Enabled (32-bit)
 Heap Region Size: 1M
 Heap Min Capacity: 128M
 Heap Initial Capacity: 128M
 Heap Max Capacity: 2G
 Pre-touch: Disabled
 Parallel Workers: 10
 Concurrent Workers: 3
 Concurrent Refinement Workers: 10
 Periodic GC: Disabled

Heap:
 garbage-first heap   total 131072K, used 21504K [0x0000000080000000, 0x0000000100000000)
  region size 1024K, 19 young (19456K), 0 survivors (0K)
 Metaspace       used 15781K, committed 16000K, reserved 1114112K
  class space    used 1633K, committed 1728K, reserved 1048576K

Heap Regions: E=young(eden), S=young(survivor), O=old, HS=humongous(starts), HC=humongous(continues), CS=collection set, F=free, OA=open archive, CA=closed archive, TAMS=top-at-mark-start (previous, next)
|   0|0x0000000080000000, 0x0000000080100000, 0x0000000080100000|100%|HS|  |TAMS 0x0000000080000000, 0x0000000080000000| Complete 
|   1|0x0000000080100000, 0x0000000080200000, 0x0000000080200000|100%|HC|  |TAMS 0x0000000080100000, 0x0000000080100000| Complete 
|   2|0x0000000080200000, 0x0000000080300000, 0x0000000080300000|100%|HC|  |TAMS 0x0000000080200000, 0x0000000080200000| Complete 
|   3|0x0000000080300000, 0x0000000080400000, 0x0000000080400000|100%|HS|  |TAMS 0x0000000080300000, 0x0000000080300000| Complete 
|   4|0x0000000080400000, 0x0000000080400000, 0x0000000080500000|  0%| F|  |TAMS 0x0000000080400000, 0x0000000080400000| Untracked 
|   5|0x0000000080500000, 0x0000000080500000, 0x0000000080600000|  0%| F|  |TAMS 0x0000000080500000, 0x0000000080500000| Untracked 
|   6|0x0000000080600000, 0x0000000080600000, 0x0000000080700000|  0%| F|  |TAMS 0x0000000080600000, 0x0000000080600000| Untracked 
|   7|0x0000000080700000, 0x0000000080700000, 0x0000000080800000|  0%| F|  |TAMS 0x0000000080700000, 0x0000000080700000| Untracked 
|   8|0x0000000080800000, 0x0000000080800000, 0x0000000080900000|  0%| F|  |TAMS 0x0000000080800000, 0x0000000080800000| Untracked 
|   9|0x0000000080900000, 0x0000000080900000, 0x0000000080a00000|  0%| F|  |TAMS 0x0000000080900000, 0x0000000080900000| Untracked 
|  10|0x0000000080a00000, 0x0000000080a00000, 0x0000000080b00000|  0%| F|  |TAMS 0x0000000080a00000, 0x0000000080a00000| Untracked 
|  11|0x0000000080b00000, 0x0000000080b00000, 0x0000000080c00000|  0%| F|  |TAMS 0x0000000080b00000, 0x0000000080b00000| Untracked 
|  12|0x0000000080c00000, 0x0000000080c00000, 0x0000000080d00000|  0%| F|  |TAMS 0x0000000080c00000, 0x0000000080c00000| Untracked 
|  13|0x0000000080d00000, 0x0000000080d00000, 0x0000000080e00000|  0%| F|  |TAMS 0x0000000080d00000, 0x0000000080d00000| Untracked 
|  14|0x0000000080e00000, 0x0000000080e00000, 0x0000000080f00000|  0%| F|  |TAMS 0x0000000080e00000, 0x0000000080e00000| Untracked 
|  15|0x0000000080f00000, 0x0000000080f00000, 0x0000000081000000|  0%| F|  |TAMS 0x0000000080f00000, 0x0000000080f00000| Untracked 
|  16|0x0000000081000000, 0x0000000081000000, 0x0000000081100000|  0%| F|  |TAMS 0x0000000081000000, 0x0000000081000000| Untracked 
|  17|0x0000000081100000, 0x0000000081100000, 0x0000000081200000|  0%| F|  |TAMS 0x0000000081100000, 0x0000000081100000| Untracked 
|  18|0x0000000081200000, 0x0000000081200000, 0x0000000081300000|  0%| F|  |TAMS 0x0000000081200000, 0x0000000081200000| Untracked 
|  19|0x0000000081300000, 0x0000000081300000, 0x0000000081400000|  0%| F|  |TAMS 0x0000000081300000, 0x0000000081300000| Untracked 
|  20|0x0000000081400000, 0x0000000081400000, 0x0000000081500000|  0%| F|  |TAMS 0x0000000081400000, 0x0000000081400000| Untracked 
|  21|0x0000000081500000, 0x0000000081500000, 0x0000000081600000|  0%| F|  |TAMS 0x0000000081500000, 0x0000000081500000| Untracked 
|  22|0x0000000081600000, 0x0000000081600000, 0x0000000081700000|  0%| F|  |TAMS 0x0000000081600000, 0x0000000081600000| Untracked 
|  23|0x0000000081700000, 0x0000000081700000, 0x0000000081800000|  0%| F|  |TAMS 0x0000000081700000, 0x0000000081700000| Untracked 
|  24|0x0000000081800000, 0x0000000081800000, 0x0000000081900000|  0%| F|  |TAMS 0x0000000081800000, 0x0000000081800000| Untracked 
|  25|0x0000000081900000, 0x0000000081900000, 0x0000000081a00000|  0%| F|  |TAMS 0x0000000081900000, 0x0000000081900000| Untracked 
|  26|0x0000000081a00000, 0x0000000081a00000, 0x0000000081b00000|  0%| F|  |TAMS 0x0000000081a00000, 0x0000000081a00000| Untracked 
|  27|0x0000000081b00000, 0x0000000081b00000, 0x0000000081c00000|  0%| F|  |TAMS 0x0000000081b00000, 0x0000000081b00000| Untracked 
|  28|0x0000000081c00000, 0x0000000081c00000, 0x0000000081d00000|  0%| F|  |TAMS 0x0000000081c00000, 0x0000000081c00000| Untracked 
|  29|0x0000000081d00000, 0x0000000081d00000, 0x0000000081e00000|  0%| F|  |TAMS 0x0000000081d00000, 0x0000000081d00000| Untracked 
|  30|0x0000000081e00000, 0x0000000081e00000, 0x0000000081f00000|  0%| F|  |TAMS 0x0000000081e00000, 0x0000000081e00000| Untracked 
|  31|0x0000000081f00000, 0x0000000081f00000, 0x0000000082000000|  0%| F|  |TAMS 0x0000000081f00000, 0x0000000081f00000| Untracked 
|  32|0x0000000082000000, 0x0000000082000000, 0x0000000082100000|  0%| F|  |TAMS 0x0000000082000000, 0x0000000082000000| Untracked 
|  33|0x0000000082100000, 0x0000000082100000, 0x0000000082200000|  0%| F|  |TAMS 0x0000000082100000, 0x0000000082100000| Untracked 
|  34|0x0000000082200000, 0x0000000082200000, 0x0000000082300000|  0%| F|  |TAMS 0x0000000082200000, 0x0000000082200000| Untracked 
|  35|0x0000000082300000, 0x0000000082300000, 0x0000000082400000|  0%| F|  |TAMS 0x0000000082300000, 0x0000000082300000| Untracked 
|  36|0x0000000082400000, 0x0000000082400000, 0x0000000082500000|  0%| F|  |TAMS 0x0000000082400000, 0x0000000082400000| Untracked 
|  37|0x0000000082500000, 0x0000000082500000, 0x0000000082600000|  0%| F|  |TAMS 0x0000000082500000, 0x0000000082500000| Untracked 
|  38|0x0000000082600000, 0x0000000082600000, 0x0000000082700000|  0%| F|  |TAMS 0x0000000082600000, 0x0000000082600000| Untracked 
|  39|0x0000000082700000, 0x0000000082700000, 0x0000000082800000|  0%| F|  |TAMS 0x0000000082700000, 0x0000000082700000| Untracked 
|  40|0x0000000082800000, 0x0000000082800000, 0x0000000082900000|  0%| F|  |TAMS 0x0000000082800000, 0x0000000082800000| Untracked 
|  41|0x0000000082900000, 0x0000000082900000, 0x0000000082a00000|  0%| F|  |TAMS 0x0000000082900000, 0x0000000082900000| Untracked 
|  42|0x0000000082a00000, 0x0000000082a00000, 0x0000000082b00000|  0%| F|  |TAMS 0x0000000082a00000, 0x0000000082a00000| Untracked 
|  43|0x0000000082b00000, 0x0000000082b00000, 0x0000000082c00000|  0%| F|  |TAMS 0x0000000082b00000, 0x0000000082b00000| Untracked 
|  44|0x0000000082c00000, 0x0000000082c00000, 0x0000000082d00000|  0%| F|  |TAMS 0x0000000082c00000, 0x0000000082c00000| Untracked 
|  45|0x0000000082d00000, 0x0000000082d00000, 0x0000000082e00000|  0%| F|  |TAMS 0x0000000082d00000, 0x0000000082d00000| Untracked 
|  46|0x0000000082e00000, 0x0000000082e00000, 0x0000000082f00000|  0%| F|  |TAMS 0x0000000082e00000, 0x0000000082e00000| Untracked 
|  47|0x0000000082f00000, 0x0000000082f00000, 0x0000000083000000|  0%| F|  |TAMS 0x0000000082f00000, 0x0000000082f00000| Untracked 
|  48|0x0000000083000000, 0x0000000083000000, 0x0000000083100000|  0%| F|  |TAMS 0x0000000083000000, 0x0000000083000000| Untracked 
|  49|0x0000000083100000, 0x0000000083100000, 0x0000000083200000|  0%| F|  |TAMS 0x0000000083100000, 0x0000000083100000| Untracked 
|  50|0x0000000083200000, 0x0000000083200000, 0x0000000083300000|  0%| F|  |TAMS 0x0000000083200000, 0x0000000083200000| Untracked 
|  51|0x0000000083300000, 0x0000000083300000, 0x0000000083400000|  0%| F|  |TAMS 0x0000000083300000, 0x0000000083300000| Untracked 
|  52|0x0000000083400000, 0x0000000083400000, 0x0000000083500000|  0%| F|  |TAMS 0x0000000083400000, 0x0000000083400000| Untracked 
|  53|0x0000000083500000, 0x0000000083500000, 0x0000000083600000|  0%| F|  |TAMS 0x0000000083500000, 0x0000000083500000| Untracked 
|  54|0x0000000083600000, 0x0000000083600000, 0x0000000083700000|  0%| F|  |TAMS 0x0000000083600000, 0x0000000083600000| Untracked 
|  55|0x0000000083700000, 0x0000000083700000, 0x0000000083800000|  0%| F|  |TAMS 0x0000000083700000, 0x0000000083700000| Untracked 
|  56|0x0000000083800000, 0x0000000083800000, 0x0000000083900000|  0%| F|  |TAMS 0x0000000083800000, 0x0000000083800000| Untracked 
|  57|0x0000000083900000, 0x0000000083900000, 0x0000000083a00000|  0%| F|  |TAMS 0x0000000083900000, 0x0000000083900000| Untracked 
|  58|0x0000000083a00000, 0x0000000083a00000, 0x0000000083b00000|  0%| F|  |TAMS 0x0000000083a00000, 0x0000000083a00000| Untracked 
|  59|0x0000000083b00000, 0x0000000083b00000, 0x0000000083c00000|  0%| F|  |TAMS 0x0000000083b00000, 0x0000000083b00000| Untracked 
|  60|0x0000000083c00000, 0x0000000083c00000, 0x0000000083d00000|  0%| F|  |TAMS 0x0000000083c00000, 0x0000000083c00000| Untracked 
|  61|0x0000000083d00000, 0x0000000083d00000, 0x0000000083e00000|  0%| F|  |TAMS 0x0000000083d00000, 0x0000000083d00000| Untracked 
|  62|0x0000000083e00000, 0x0000000083e00000, 0x0000000083f00000|  0%| F|  |TAMS 0x0000000083e00000, 0x0000000083e00000| Untracked 
|  63|0x0000000083f00000, 0x0000000083f00000, 0x0000000084000000|  0%| F|  |TAMS 0x0000000083f00000, 0x0000000083f00000| Untracked 
|  64|0x0000000084000000, 0x0000000084000000, 0x0000000084100000|  0%| F|  |TAMS 0x0000000084000000, 0x0000000084000000| Untracked 
|  65|0x0000000084100000, 0x0000000084100000, 0x0000000084200000|  0%| F|  |TAMS 0x0000000084100000, 0x0000000084100000| Untracked 
|  66|0x0000000084200000, 0x0000000084200000, 0x0000000084300000|  0%| F|  |TAMS 0x0000000084200000, 0x0000000084200000| Untracked 
|  67|0x0000000084300000, 0x0000000084300000, 0x0000000084400000|  0%| F|  |TAMS 0x0000000084300000, 0x0000000084300000| Untracked 
|  68|0x0000000084400000, 0x0000000084400000, 0x0000000084500000|  0%| F|  |TAMS 0x0000000084400000, 0x0000000084400000| Untracked 
|  69|0x0000000084500000, 0x0000000084500000, 0x0000000084600000|  0%| F|  |TAMS 0x0000000084500000, 0x0000000084500000| Untracked 
|  70|0x0000000084600000, 0x0000000084600000, 0x0000000084700000|  0%| F|  |TAMS 0x0000000084600000, 0x0000000084600000| Untracked 
|  71|0x0000000084700000, 0x0000000084700000, 0x0000000084800000|  0%| F|  |TAMS 0x0000000084700000, 0x0000000084700000| Untracked 
|  72|0x0000000084800000, 0x0000000084800000, 0x0000000084900000|  0%| F|  |TAMS 0x0000000084800000, 0x0000000084800000| Untracked 
|  73|0x0000000084900000, 0x0000000084900000, 0x0000000084a00000|  0%| F|  |TAMS 0x0000000084900000, 0x0000000084900000| Untracked 
|  74|0x0000000084a00000, 0x0000000084a00000, 0x0000000084b00000|  0%| F|  |TAMS 0x0000000084a00000, 0x0000000084a00000| Untracked 
|  75|0x0000000084b00000, 0x0000000084b00000, 0x0000000084c00000|  0%| F|  |TAMS 0x0000000084b00000, 0x0000000084b00000| Untracked 
|  76|0x0000000084c00000, 0x0000000084c00000, 0x0000000084d00000|  0%| F|  |TAMS 0x0000000084c00000, 0x0000000084c00000| Untracked 
|  77|0x0000000084d00000, 0x0000000084d00000, 0x0000000084e00000|  0%| F|  |TAMS 0x0000000084d00000, 0x0000000084d00000| Untracked 
|  78|0x0000000084e00000, 0x0000000084e00000, 0x0000000084f00000|  0%| F|  |TAMS 0x0000000084e00000, 0x0000000084e00000| Untracked 
|  79|0x0000000084f00000, 0x0000000084f00000, 0x0000000085000000|  0%| F|  |TAMS 0x0000000084f00000, 0x0000000084f00000| Untracked 
|  80|0x0000000085000000, 0x0000000085000000, 0x0000000085100000|  0%| F|  |TAMS 0x0000000085000000, 0x0000000085000000| Untracked 
|  81|0x0000000085100000, 0x0000000085100000, 0x0000000085200000|  0%| F|  |TAMS 0x0000000085100000, 0x0000000085100000| Untracked 
|  82|0x0000000085200000, 0x0000000085200000, 0x0000000085300000|  0%| F|  |TAMS 0x0000000085200000, 0x0000000085200000| Untracked 
|  83|0x0000000085300000, 0x0000000085300000, 0x0000000085400000|  0%| F|  |TAMS 0x0000000085300000, 0x0000000085300000| Untracked 
|  84|0x0000000085400000, 0x0000000085400000, 0x0000000085500000|  0%| F|  |TAMS 0x0000000085400000, 0x0000000085400000| Untracked 
|  85|0x0000000085500000, 0x0000000085500000, 0x0000000085600000|  0%| F|  |TAMS 0x0000000085500000, 0x0000000085500000| Untracked 
|  86|0x0000000085600000, 0x0000000085600000, 0x0000000085700000|  0%| F|  |TAMS 0x0000000085600000, 0x0000000085600000| Untracked 
|  87|0x0000000085700000, 0x0000000085700000, 0x0000000085800000|  0%| F|  |TAMS 0x0000000085700000, 0x0000000085700000| Untracked 
|  88|0x0000000085800000, 0x0000000085800000, 0x0000000085900000|  0%| F|  |TAMS 0x0000000085800000, 0x0000000085800000| Untracked 
|  89|0x0000000085900000, 0x0000000085900000, 0x0000000085a00000|  0%| F|  |TAMS 0x0000000085900000, 0x0000000085900000| Untracked 
|  90|0x0000000085a00000, 0x0000000085a00000, 0x0000000085b00000|  0%| F|  |TAMS 0x0000000085a00000, 0x0000000085a00000| Untracked 
|  91|0x0000000085b00000, 0x0000000085b00000, 0x0000000085c00000|  0%| F|  |TAMS 0x0000000085b00000, 0x0000000085b00000| Untracked 
|  92|0x0000000085c00000, 0x0000000085c00000, 0x0000000085d00000|  0%| F|  |TAMS 0x0000000085c00000, 0x0000000085c00000| Untracked 
|  93|0x0000000085d00000, 0x0000000085d00000, 0x0000000085e00000|  0%| F|  |TAMS 0x0000000085d00000, 0x0000000085d00000| Untracked 
|  94|0x0000000085e00000, 0x0000000085e00000, 0x0000000085f00000|  0%| F|  |TAMS 0x0000000085e00000, 0x0000000085e00000| Untracked 
|  95|0x0000000085f00000, 0x0000000085f00000, 0x0000000086000000|  0%| F|  |TAMS 0x0000000085f00000, 0x0000000085f00000| Untracked 
|  96|0x0000000086000000, 0x0000000086000000, 0x0000000086100000|  0%| F|  |TAMS 0x0000000086000000, 0x0000000086000000| Untracked 
|  97|0x0000000086100000, 0x0000000086100000, 0x0000000086200000|  0%| F|  |TAMS 0x0000000086100000, 0x0000000086100000| Untracked 
|  98|0x0000000086200000, 0x0000000086200000, 0x0000000086300000|  0%| F|  |TAMS 0x0000000086200000, 0x0000000086200000| Untracked 
|  99|0x0000000086300000, 0x0000000086300000, 0x0000000086400000|  0%| F|  |TAMS 0x0000000086300000, 0x0000000086300000| Untracked 
| 100|0x0000000086400000, 0x0000000086400000, 0x0000000086500000|  0%| F|  |TAMS 0x0000000086400000, 0x0000000086400000| Untracked 
| 101|0x0000000086500000, 0x0000000086500000, 0x0000000086600000|  0%| F|  |TAMS 0x0000000086500000, 0x0000000086500000| Untracked 
| 102|0x0000000086600000, 0x0000000086600000, 0x0000000086700000|  0%| F|  |TAMS 0x0000000086600000, 0x0000000086600000| Untracked 
| 103|0x0000000086700000, 0x0000000086700000, 0x0000000086800000|  0%| F|  |TAMS 0x0000000086700000, 0x0000000086700000| Untracked 
| 104|0x0000000086800000, 0x0000000086800000, 0x0000000086900000|  0%| F|  |TAMS 0x0000000086800000, 0x0000000086800000| Untracked 
| 105|0x0000000086900000, 0x0000000086900000, 0x0000000086a00000|  0%| F|  |TAMS 0x0000000086900000, 0x0000000086900000| Untracked 
| 106|0x0000000086a00000, 0x0000000086a00000, 0x0000000086b00000|  0%| F|  |TAMS 0x0000000086a00000, 0x0000000086a00000| Untracked 
| 107|0x0000000086b00000, 0x0000000086b00000, 0x0000000086c00000|  0%| F|  |TAMS 0x0000000086b00000, 0x0000000086b00000| Untracked 
| 108|0x0000000086c00000, 0x0000000086c00000, 0x0000000086d00000|  0%| F|  |TAMS 0x0000000086c00000, 0x0000000086c00000| Untracked 
| 109|0x0000000086d00000, 0x0000000086d76588, 0x0000000086e00000| 46%| E|  |TAMS 0x0000000086d00000, 0x0000000086d00000| Complete 
| 110|0x0000000086e00000, 0x0000000086f00000, 0x0000000086f00000|100%| E|CS|TAMS 0x0000000086e00000, 0x0000000086e00000| Complete 
| 111|0x0000000086f00000, 0x0000000087000000, 0x0000000087000000|100%| E|  |TAMS 0x0000000086f00000, 0x0000000086f00000| Complete 
| 112|0x0000000087000000, 0x0000000087100000, 0x0000000087100000|100%| E|CS|TAMS 0x0000000087000000, 0x0000000087000000| Complete 
| 113|0x0000000087100000, 0x0000000087200000, 0x0000000087200000|100%| E|CS|TAMS 0x0000000087100000, 0x0000000087100000| Complete 
| 114|0x0000000087200000, 0x0000000087300000, 0x0000000087300000|100%| E|CS|TAMS 0x0000000087200000, 0x0000000087200000| Complete 
| 115|0x0000000087300000, 0x0000000087400000, 0x0000000087400000|100%| E|CS|TAMS 0x0000000087300000, 0x0000000087300000| Complete 
| 116|0x0000000087400000, 0x0000000087500000, 0x0000000087500000|100%| E|CS|TAMS 0x0000000087400000, 0x0000000087400000| Complete 
| 117|0x0000000087500000, 0x0000000087600000, 0x0000000087600000|100%| E|CS|TAMS 0x0000000087500000, 0x0000000087500000| Complete 
| 118|0x0000000087600000, 0x0000000087700000, 0x0000000087700000|100%| E|CS|TAMS 0x0000000087600000, 0x0000000087600000| Complete 
| 119|0x0000000087700000, 0x0000000087800000, 0x0000000087800000|100%| E|CS|TAMS 0x0000000087700000, 0x0000000087700000| Complete 
| 120|0x0000000087800000, 0x0000000087900000, 0x0000000087900000|100%| E|CS|TAMS 0x0000000087800000, 0x0000000087800000| Complete 
| 121|0x0000000087900000, 0x0000000087a00000, 0x0000000087a00000|100%| E|CS|TAMS 0x0000000087900000, 0x0000000087900000| Complete 
| 122|0x0000000087a00000, 0x0000000087b00000, 0x0000000087b00000|100%| E|CS|TAMS 0x0000000087a00000, 0x0000000087a00000| Complete 
| 123|0x0000000087b00000, 0x0000000087c00000, 0x0000000087c00000|100%| E|CS|TAMS 0x0000000087b00000, 0x0000000087b00000| Complete 
| 124|0x0000000087c00000, 0x0000000087d00000, 0x0000000087d00000|100%| E|CS|TAMS 0x0000000087c00000, 0x0000000087c00000| Complete 
| 125|0x0000000087d00000, 0x0000000087e00000, 0x0000000087e00000|100%| E|CS|TAMS 0x0000000087d00000, 0x0000000087d00000| Complete 
| 126|0x0000000087e00000, 0x0000000087f00000, 0x0000000087f00000|100%| E|CS|TAMS 0x0000000087e00000, 0x0000000087e00000| Complete 
| 127|0x0000000087f00000, 0x0000000088000000, 0x0000000088000000|100%| E|CS|TAMS 0x0000000087f00000, 0x0000000087f00000| Complete 

Card table byte_map: [0x000001ca7dec0000,0x000001ca7e2c0000] _byte_map_base: 0x000001ca7dac0000

Marking Bits (Prev, Next): (CMBitMap*) 0x000001ca79e5e470, (CMBitMap*) 0x000001ca79e5e4b0
 Prev Bits: [0x000001ca0f000000, 0x000001ca11000000)
 Next Bits: [0x000001ca11000000, 0x000001ca13000000)

Polling page: 0x000001ca77db0000

Metaspace:

Usage:
  Non-class:     13.88 MB used.
      Class:      1.60 MB used.
       Both:     15.48 MB used.

Virtual space:
  Non-class space:       64.00 MB reserved,      14.00 MB ( 22%) committed,  1 nodes.
      Class space:        1.00 GB reserved,       1.69 MB ( <1%) committed,  1 nodes.
             Both:        1.06 GB reserved,      15.69 MB (  1%) committed. 

Chunk freelists:
   Non-Class:  1.50 MB
       Class:  14.12 MB
        Both:  15.62 MB

MaxMetaspaceSize: unlimited
CompressedClassSpaceSize: 1.00 GB
Initial GC threshold: 21.00 MB
Current GC threshold: 21.00 MB
CDS: off
MetaspaceReclaimPolicy: balanced
 - commit_granule_bytes: 65536.
 - commit_granule_words: 8192.
 - virtual_space_node_default_size: 8388608.
 - enlarge_chunks_in_place: 1.
 - new_chunks_are_fully_committed: 0.
 - uncommit_free_chunks: 1.
 - use_allocation_guard: 0.
 - handle_deallocations: 1.


Internal statistics:

num_allocs_failed_limit: 0.
num_arena_births: 262.
num_arena_deaths: 0.
num_vsnodes_births: 2.
num_vsnodes_deaths: 0.
num_space_committed: 251.
num_space_uncommitted: 0.
num_chunks_returned_to_freelist: 0.
num_chunks_taken_from_freelist: 496.
num_chunk_merges: 0.
num_chunk_splits: 297.
num_chunks_enlarged: 141.
num_inconsistent_stats: 0.

CodeHeap 'non-profiled nmethods': size=120000Kb used=355Kb max_used=355Kb free=119644Kb
 bounds [0x000001ca07ad0000, 0x000001ca07d40000, 0x000001ca0f000000]
CodeHeap 'profiled nmethods': size=120000Kb used=1741Kb max_used=1741Kb free=118258Kb
 bounds [0x000001ca00000000, 0x000001ca00270000, 0x000001ca07530000]
CodeHeap 'non-nmethods': size=5760Kb used=1186Kb max_used=1201Kb free=4573Kb
 bounds [0x000001ca07530000, 0x000001ca077a0000, 0x000001ca07ad0000]
 total_blobs=1549 nmethods=1063 adapters=399
 compilation: enabled
              stopped_count=0, restarted_count=0
 full_count=0

Compilation events (20 events):
Event: 0.510 Thread 0x000001ca7f4ab530 1047       3       java.util.ArrayDeque::inc (12 bytes)
Event: 0.510 Thread 0x000001ca7f4ab530 nmethod 1047 0x000001ca001a8a90 code [0x000001ca001a8c20, 0x000001ca001a8d58]
Event: 0.511 Thread 0x000001ca7f4ab530 1048       3       java.util.zip.ZipFile::getZipEntry (322 bytes)
Event: 0.513 Thread 0x000001ca7f4ab530 nmethod 1048 0x000001ca001a8e10 code [0x000001ca001a9280, 0x000001ca001ab938]
Event: 0.513 Thread 0x000001ca7f4ab530 1049   !   3       java.util.zip.ZipFile$Source::readFullyAt (74 bytes)
Event: 0.513 Thread 0x000001ca7f4ab530 nmethod 1049 0x000001ca001ac790 code [0x000001ca001ac980, 0x000001ca001acf28]
Event: 0.514 Thread 0x000001ca7f4ab530 1050       3       jdk.internal.org.objectweb.asm.Handler::putExceptionTable (63 bytes)
Event: 0.514 Thread 0x000001ca7f4ab530 nmethod 1050 0x000001ca001ad310 code [0x000001ca001ad520, 0x000001ca001ad948]
Event: 0.514 Thread 0x000001ca7f4ab530 1052       3       java.lang.invoke.MethodHandles$Lookup$ClassFile::readUnsignedShort (39 bytes)
Event: 0.514 Thread 0x000001ca7f4ab530 nmethod 1052 0x000001ca001adc10 code [0x000001ca001addc0, 0x000001ca001adfc8]
Event: 0.514 Thread 0x000001ca7f4ab530 1051       1       jdk.internal.org.objectweb.asm.ClassReader::getMaxStringLength (5 bytes)
Event: 0.514 Thread 0x000001ca7f4ab530 nmethod 1051 0x000001ca07b27d90 code [0x000001ca07b27f20, 0x000001ca07b27ff8]
Event: 0.514 Thread 0x000001ca7f4ab530 1053       3       java.lang.invoke.MethodHandles$Lookup::hasFullPrivilegeAccess (18 bytes)
Event: 0.514 Thread 0x000001ca7f4ab530 nmethod 1053 0x000001ca001ae110 code [0x000001ca001ae2a0, 0x000001ca001ae418]
Event: 0.515 Thread 0x000001ca7f4ab530 1054       3       java.lang.invoke.MethodType::changeReturnType (20 bytes)
Event: 0.515 Thread 0x000001ca7f4ab530 nmethod 1054 0x000001ca001ae490 code [0x000001ca001ae640, 0x000001ca001ae808]
Event: 0.515 Thread 0x000001ca7f4ab530 1055       3       java.lang.invoke.InnerClassLambdaMetafactory::getOpcodeOffset (38 bytes)
Event: 0.515 Thread 0x000001ca7f4ab530 nmethod 1055 0x000001ca001ae890 code [0x000001ca001aea60, 0x000001ca001aed38]
Event: 0.515 Thread 0x000001ca7f4ab530 1056       3       java.lang.ClassLoader::definePackage (85 bytes)
Event: 0.516 Thread 0x000001ca7f4a92d0 1057       4       java.lang.AbstractStringBuilder::append (45 bytes)

GC Heap History (0 events):
No events

Dll operation events (1 events):
Event: 0.010 Loaded shared library C:\Program Files\JetBrains\IntelliJ IDEA 2023.2.5\jbr\bin\java.dll

Deoptimization events (20 events):
Event: 0.138 Thread 0x000001ca79e02fd0 DEOPT PACKING pc=0x000001ca07ad7678 sp=0x0000009bed6fdb80
Event: 0.138 Thread 0x000001ca79e02fd0 DEOPT UNPACKING pc=0x000001ca075869a3 sp=0x0000009bed6fdb28 mode 2
Event: 0.154 Thread 0x000001ca7f8241b0 DEOPT PACKING pc=0x000001ca0003807c sp=0x0000009beeafe180
Event: 0.154 Thread 0x000001ca7f8241b0 DEOPT UNPACKING pc=0x000001ca07587143 sp=0x0000009beeafd610 mode 0
Event: 0.154 Thread 0x000001ca7f8241b0 DEOPT PACKING pc=0x000001ca0003807c sp=0x0000009beeafe180
Event: 0.154 Thread 0x000001ca7f8241b0 DEOPT UNPACKING pc=0x000001ca07587143 sp=0x0000009beeafd610 mode 0
Event: 0.158 Thread 0x000001ca79e02fd0 DEOPT PACKING pc=0x000001ca0003807c sp=0x0000009bed6fa3b0
Event: 0.158 Thread 0x000001ca79e02fd0 DEOPT UNPACKING pc=0x000001ca07587143 sp=0x0000009bed6f9840 mode 0
Event: 0.158 Thread 0x000001ca79e02fd0 DEOPT PACKING pc=0x000001ca0003807c sp=0x0000009bed6fa3b0
Event: 0.158 Thread 0x000001ca79e02fd0 DEOPT UNPACKING pc=0x000001ca07587143 sp=0x0000009bed6f9840 mode 0
Event: 0.279 Thread 0x000001ca79e02fd0 DEOPT PACKING pc=0x000001ca00015567 sp=0x0000009bed6fd580
Event: 0.279 Thread 0x000001ca79e02fd0 DEOPT UNPACKING pc=0x000001ca07587143 sp=0x0000009bed6fc9a0 mode 0
Event: 0.285 Thread 0x000001ca79e02fd0 Uncommon trap: trap_request=0xffffff45 fr.pc=0x000001ca07af2df4 relative=0x0000000000000074
Event: 0.285 Thread 0x000001ca79e02fd0 Uncommon trap: reason=unstable_if action=reinterpret pc=0x000001ca07af2df4 method=jdk.internal.misc.Unsafe.convEndian(ZI)I @ 4 c2
Event: 0.285 Thread 0x000001ca79e02fd0 DEOPT PACKING pc=0x000001ca07af2df4 sp=0x0000009bed6fda60
Event: 0.285 Thread 0x000001ca79e02fd0 DEOPT UNPACKING pc=0x000001ca075869a3 sp=0x0000009bed6fd990 mode 2
Event: 0.292 Thread 0x000001ca79e02fd0 DEOPT PACKING pc=0x000001ca00012251 sp=0x0000009bed6fe510
Event: 0.292 Thread 0x000001ca79e02fd0 DEOPT UNPACKING pc=0x000001ca07587143 sp=0x0000009bed6fd988 mode 0
Event: 0.458 Thread 0x000001ca19202890 DEOPT PACKING pc=0x000001ca00175a09 sp=0x0000009bef2fb180
Event: 0.458 Thread 0x000001ca19202890 DEOPT UNPACKING pc=0x000001ca07587143 sp=0x0000009bef2fa678 mode 0

Classes unloaded (0 events):
No events

Classes redefined (0 events):
No events

Internal exceptions (20 events):
Event: 0.179 Thread 0x000001ca79e02fd0 Exception <a 'java/lang/IncompatibleClassChangeError'{0x0000000087b40448}: Found class java.lang.Object, but interface was expected> (0x0000000087b40448) 
thrown [s\src\hotspot\share\interpreter\linkResolver.cpp, line 838]
Event: 0.179 Thread 0x000001ca79e02fd0 Exception <a 'java/lang/IncompatibleClassChangeError'{0x0000000087b41960}: Found class java.lang.Object, but interface was expected> (0x0000000087b41960) 
thrown [s\src\hotspot\share\interpreter\linkResolver.cpp, line 838]
Event: 0.179 Thread 0x000001ca79e02fd0 Exception <a 'java/lang/IncompatibleClassChangeError'{0x0000000087b42a38}: Found class java.lang.Object, but interface was expected> (0x0000000087b42a38) 
thrown [s\src\hotspot\share\interpreter\linkResolver.cpp, line 838]
Event: 0.179 Thread 0x000001ca79e02fd0 Exception <a 'java/lang/IncompatibleClassChangeError'{0x0000000087b43ed8}: Found class java.lang.Object, but interface was expected> (0x0000000087b43ed8) 
thrown [s\src\hotspot\share\interpreter\linkResolver.cpp, line 838]
Event: 0.180 Thread 0x000001ca79e02fd0 Exception <a 'java/lang/IncompatibleClassChangeError'{0x0000000087b44e70}: Found class java.lang.Object, but interface was expected> (0x0000000087b44e70) 
thrown [s\src\hotspot\share\interpreter\linkResolver.cpp, line 838]
Event: 0.180 Thread 0x000001ca79e02fd0 Exception <a 'java/lang/NoSuchMethodError'{0x0000000087b47b40}: 'void java.lang.invoke.DirectMethodHandle$Holder.invokeStatic(java.lang.Object, java.lang.Object)'> (0x0000000087b47b40) 
thrown [s\src\hotspot\share\interpreter\linkResolver.cpp, line 771]
Event: 0.180 Thread 0x000001ca79e02fd0 Exception <a 'java/lang/NoSuchMethodError'{0x0000000087b4b1b0}: 'void java.lang.invoke.DirectMethodHandle$Holder.invokeStaticInit(java.lang.Object, java.lang.Object)'> (0x0000000087b4b1b0) 
thrown [s\src\hotspot\share\interpreter\linkResolver.cpp, line 771]
Event: 0.193 Thread 0x000001ca79e02fd0 Exception <a 'java/lang/NoSuchMethodError'{0x0000000087b5dd70}: 'java.lang.Object java.lang.invoke.DirectMethodHandle$Holder.invokeStaticInit(java.lang.Object)'> (0x0000000087b5dd70) 
thrown [s\src\hotspot\share\interpreter\linkResolver.cpp, line 771]
Event: 0.218 Thread 0x000001ca79e02fd0 Exception <a 'java/lang/NoSuchMethodError'{0x0000000087bf15f8}: 'java.lang.Object java.lang.invoke.DirectMethodHandle$Holder.invokeStaticInit(java.lang.Object, int, int, int, int)'> (0x0000000087bf15f8) 
thrown [s\src\hotspot\share\interpreter\linkResolver.cpp, line 771]
Event: 0.247 Thread 0x000001ca79e02fd0 Exception <a 'java/lang/NoSuchMethodError'{0x0000000087abff70}: 'java.lang.Object java.lang.invoke.DirectMethodHandle$Holder.invokeStaticInit(java.lang.Object, java.lang.Object, int, int, int, int)'> (0x0000000087abff70) 
thrown [s\src\hotspot\share\interpreter\linkResolver.cpp, line 771]
Event: 0.331 Thread 0x000001ca79e02fd0 Exception <a 'java/lang/NoSuchMethodError'{0x0000000087738d90}: 'java.lang.Object java.lang.invoke.Invokers$Holder.linkToTargetMethod(java.lang.Object, long, java.lang.Object)'> (0x0000000087738d90) 
thrown [s\src\hotspot\share\interpreter\linkResolver.cpp, line 771]
Event: 0.383 Thread 0x000001ca19202380 Exception <a 'java/lang/NoSuchMethodError'{0x00000000875ff440}: static [B.<clinit>()V> (0x00000000875ff440) 
thrown [s\src\hotspot\share\prims\jni.cpp, line 1108]
Event: 0.383 Thread 0x000001ca19202890 Exception <a 'java/lang/NoSuchMethodError'{0x0000000087522538}: static [B.<clinit>()V> (0x0000000087522538) 
thrown [s\src\hotspot\share\prims\jni.cpp, line 1108]
Event: 0.390 Thread 0x000001ca19202890 Exception <a 'java/lang/NoSuchMethodError'{0x000000008754fdb0}: static [Ljava/rmi/server/ObjID;.<clinit>()V> (0x000000008754fdb0) 
thrown [s\src\hotspot\share\prims\jni.cpp, line 1108]
Event: 0.392 Thread 0x000001ca19201e70 Exception <a 'java/lang/InterruptedException'{0x0000000087400800}> (0x0000000087400800) 
thrown [s\src\hotspot\share\runtime\objectMonitor.cpp, line 1658]
Event: 0.392 Thread 0x000001ca19202890 Exception <a 'java/lang/NoSuchMethodError'{0x0000000087557798}: 'void java.lang.invoke.DirectMethodHandle$Holder.invokeSpecial(java.lang.Object, java.lang.Object, java.lang.Object)'> (0x0000000087557798) 
thrown [s\src\hotspot\share\interpreter\linkResolver.cpp, line 771]
Event: 0.392 Thread 0x000001ca19202890 Exception <a 'java/lang/NoSuchMethodError'{0x000000008755ad00}: 'void java.lang.invoke.Invokers$Holder.invoke_MT(java.lang.Object, java.lang.Object, java.lang.Object)'> (0x000000008755ad00) 
thrown [s\src\hotspot\share\interpreter\linkResolver.cpp, line 771]
Event: 0.393 Thread 0x000001ca19201e70 Exception <a 'java/lang/NoSuchMethodError'{0x0000000087408fa0}: 'java.lang.Object java.lang.invoke.DirectMethodHandle$Holder.newInvokeSpecial(java.lang.Object, java.lang.Object, int, java.lang.Object, long)'> (0x0000000087408fa0) 
thrown [s\src\hotspot\share\interpreter\linkResolver.cpp, line 771]
Event: 0.445 Thread 0x000001ca19202890 Exception <a 'java/lang/NoSuchMethodError'{0x0000000087149898}: 'java.lang.Object java.lang.invoke.DirectMethodHandle$Holder.invokeInterface(java.lang.Object, java.lang.Object)'> (0x0000000087149898) 
thrown [s\src\hotspot\share\interpreter\linkResolver.cpp, line 771]
Event: 0.464 Thread 0x000001ca19202890 Exception <a 'java/lang/NoSuchMethodError'{0x00000000871d2920}: 'java.lang.Object java.lang.invoke.DirectMethodHandle$Holder.invokeVirtual(java.lang.Object, java.lang.Object, java.lang.Object)'> (0x00000000871d2920) 
thrown [s\src\hotspot\share\interpreter\linkResolver.cpp, line 771]

VM Operations (6 events):
Event: 0.115 Executing VM operation: HandshakeAllThreads
Event: 0.115 Executing VM operation: HandshakeAllThreads done
Event: 0.151 Executing VM operation: HandshakeAllThreads
Event: 0.151 Executing VM operation: HandshakeAllThreads done
Event: 0.184 Executing VM operation: HandshakeAllThreads
Event: 0.184 Executing VM operation: HandshakeAllThreads done

Events (20 events):
Event: 0.462 loading class java/lang/invoke/DirectMethodHandle$Special
Event: 0.462 loading class java/lang/invoke/DirectMethodHandle$Special done
Event: 0.464 loading class java/util/stream/ForEachOps
Event: 0.464 loading class java/util/stream/ForEachOps done
Event: 0.464 loading class java/util/stream/ForEachOps$ForEachOp$OfRef
Event: 0.464 loading class java/util/stream/ForEachOps$ForEachOp
Event: 0.465 loading class java/util/stream/ForEachOps$ForEachOp done
Event: 0.465 loading class java/util/stream/ForEachOps$ForEachOp$OfRef done
Event: 0.465 loading class java/lang/NoSuchFieldError
Event: 0.465 loading class java/lang/NoSuchFieldError done
Event: 0.484 loading class jdk/internal/misc/ScopedMemoryAccess$Scope
Event: 0.484 loading class jdk/internal/misc/ScopedMemoryAccess$Scope done
Event: 0.492 loading class java/text/MessageFormat$Field
Event: 0.492 loading class java/text/Format$Field
Event: 0.492 loading class java/text/AttributedCharacterIterator$Attribute
Event: 0.492 loading class java/text/AttributedCharacterIterator$Attribute done
Event: 0.492 loading class java/text/Format$Field done
Event: 0.492 loading class java/text/MessageFormat$Field done
Event: 0.514 loading class java/util/LinkedList$LLSpliterator
Event: 0.514 loading class java/util/LinkedList$LLSpliterator done


Dynamic libraries:
0x00007ff7b1150000 - 0x00007ff7b115a000 	C:\Program Files\JetBrains\IntelliJ IDEA 2023.2.5\jbr\bin\java.exe
0x00007ffed6470000 - 0x00007ffed6687000 	C:\WINDOWS\SYSTEM32\ntdll.dll
0x00007ffed4eb0000 - 0x00007ffed4f74000 	C:\WINDOWS\System32\KERNEL32.DLL
0x00007ffed3d50000 - 0x00007ffed410a000 	C:\WINDOWS\System32\KERNELBASE.dll
0x00007ffed3c30000 - 0x00007ffed3d41000 	C:\WINDOWS\System32\ucrtbase.dll
0x00007ffec0d30000 - 0x00007ffec0d4b000 	C:\Program Files\JetBrains\IntelliJ IDEA 2023.2.5\jbr\bin\VCRUNTIME140.dll
0x00007ffeb6330000 - 0x00007ffeb6347000 	C:\Program Files\JetBrains\IntelliJ IDEA 2023.2.5\jbr\bin\jli.dll
0x00007ffed61c0000 - 0x00007ffed636e000 	C:\WINDOWS\System32\USER32.dll
0x00007ffed4140000 - 0x00007ffed4166000 	C:\WINDOWS\System32\win32u.dll
0x00007ffec6eb0000 - 0x00007ffec7142000 	C:\WINDOWS\WinSxS\amd64_microsoft.windows.common-controls_6595b64144ccf1df_6.0.22621.4541_none_2710d1c57384c085\COMCTL32.dll
0x00007ffed4470000 - 0x00007ffed4499000 	C:\WINDOWS\System32\GDI32.dll
0x00007ffed55f0000 - 0x00007ffed5697000 	C:\WINDOWS\System32\msvcrt.dll
0x00007ffed3b10000 - 0x00007ffed3c2b000 	C:\WINDOWS\System32\gdi32full.dll
0x00007ffed39b0000 - 0x00007ffed3a4a000 	C:\WINDOWS\System32\msvcp_win.dll
0x00007ffed6370000 - 0x00007ffed63a1000 	C:\WINDOWS\System32\IMM32.DLL
0x00007ffecad60000 - 0x00007ffecad6c000 	C:\Program Files\JetBrains\IntelliJ IDEA 2023.2.5\jbr\bin\vcruntime140_1.dll
0x00007ffeb2720000 - 0x00007ffeb27ad000 	C:\Program Files\JetBrains\IntelliJ IDEA 2023.2.5\jbr\bin\msvcp140.dll
0x00007ffe5f250000 - 0x00007ffe5fed3000 	C:\Program Files\JetBrains\IntelliJ IDEA 2023.2.5\jbr\bin\server\jvm.dll
0x00007ffed6100000 - 0x00007ffed61b2000 	C:\WINDOWS\System32\ADVAPI32.dll
0x00007ffed43c0000 - 0x00007ffed4467000 	C:\WINDOWS\System32\sechost.dll
0x00007ffed4110000 - 0x00007ffed4138000 	C:\WINDOWS\System32\bcrypt.dll
0x00007ffed4170000 - 0x00007ffed4284000 	C:\WINDOWS\System32\RPCRT4.dll
0x00007ffec2d00000 - 0x00007ffec2d09000 	C:\WINDOWS\SYSTEM32\WSOCK32.dll
0x00007ffed3560000 - 0x00007ffed35ad000 	C:\WINDOWS\SYSTEM32\POWRPROF.dll
0x00007ffed63b0000 - 0x00007ffed6421000 	C:\WINDOWS\System32\WS2_32.dll
0x00007ffeca700000 - 0x00007ffeca734000 	C:\WINDOWS\SYSTEM32\WINMM.dll
0x00007ffec6be0000 - 0x00007ffec6bea000 	C:\WINDOWS\SYSTEM32\VERSION.dll
0x00007ffed3540000 - 0x00007ffed3553000 	C:\WINDOWS\SYSTEM32\UMPDC.dll
0x00007ffed2740000 - 0x00007ffed2758000 	C:\WINDOWS\SYSTEM32\kernel.appcore.dll
0x00007ffec2cc0000 - 0x00007ffec2cca000 	C:\Program Files\JetBrains\IntelliJ IDEA 2023.2.5\jbr\bin\jimage.dll
0x00007ffed0d60000 - 0x00007ffed0f92000 	C:\WINDOWS\SYSTEM32\DBGHELP.DLL
0x00007ffed4f90000 - 0x00007ffed531f000 	C:\WINDOWS\System32\combase.dll
0x00007ffed44a0000 - 0x00007ffed4577000 	C:\WINDOWS\System32\OLEAUT32.dll
0x00007ffec3330000 - 0x00007ffec3362000 	C:\WINDOWS\SYSTEM32\dbgcore.DLL
0x00007ffed3740000 - 0x00007ffed37bb000 	C:\WINDOWS\System32\bcryptPrimitives.dll
0x00007ffeb6ac0000 - 0x00007ffeb6ae5000 	C:\Program Files\JetBrains\IntelliJ IDEA 2023.2.5\jbr\bin\java.dll
0x00007ffebab90000 - 0x00007ffebaba8000 	C:\Program Files\JetBrains\IntelliJ IDEA 2023.2.5\jbr\bin\zip.dll
0x00007ffed5700000 - 0x00007ffed5f78000 	C:\WINDOWS\System32\SHELL32.dll
0x00007ffed1630000 - 0x00007ffed1f38000 	C:\WINDOWS\SYSTEM32\windows.storage.dll
0x00007ffed14f0000 - 0x00007ffed162f000 	C:\WINDOWS\SYSTEM32\wintypes.dll
0x00007ffed5490000 - 0x00007ffed558a000 	C:\WINDOWS\System32\SHCORE.dll
0x00007ffed5590000 - 0x00007ffed55ee000 	C:\WINDOWS\System32\shlwapi.dll
0x00007ffed3670000 - 0x00007ffed369b000 	C:\WINDOWS\SYSTEM32\profapi.dll
0x00007ffec0e90000 - 0x00007ffec0ea9000 	C:\Program Files\JetBrains\IntelliJ IDEA 2023.2.5\jbr\bin\net.dll
0x00007ffecfdf0000 - 0x00007ffecff26000 	C:\WINDOWS\SYSTEM32\WINHTTP.dll
0x00007ffed2bb0000 - 0x00007ffed2c19000 	C:\WINDOWS\system32\mswsock.dll
0x00007ffec0e70000 - 0x00007ffec0e86000 	C:\Program Files\JetBrains\IntelliJ IDEA 2023.2.5\jbr\bin\nio.dll
0x00007ffed2190000 - 0x00007ffed21bd000 	C:\WINDOWS\SYSTEM32\IPHLPAPI.DLL
0x00007ffed43b0000 - 0x00007ffed43b9000 	C:\WINDOWS\System32\NSI.dll
0x00007ffeccf30000 - 0x00007ffeccf49000 	C:\WINDOWS\SYSTEM32\dhcpcsvc6.DLL
0x00007ffecc800000 - 0x00007ffecc81f000 	C:\WINDOWS\SYSTEM32\dhcpcsvc.DLL
0x00007ffed21c0000 - 0x00007ffed22c2000 	C:\WINDOWS\SYSTEM32\DNSAPI.dll
0x00007ffed2f00000 - 0x00007ffed2f1b000 	C:\WINDOWS\SYSTEM32\CRYPTSP.dll
0x00007ffed26a0000 - 0x00007ffed26d5000 	C:\WINDOWS\system32\rsaenh.dll
0x00007ffed2c50000 - 0x00007ffed2c78000 	C:\WINDOWS\SYSTEM32\USERENV.dll
0x00007ffed2ee0000 - 0x00007ffed2eec000 	C:\WINDOWS\SYSTEM32\CRYPTBASE.dll
0x00007ffec0130000 - 0x00007ffec0137000 	C:\Program Files\JetBrains\IntelliJ IDEA 2023.2.5\jbr\bin\rmi.dll
0x00007ffeca9c0000 - 0x00007ffeca9ca000 	C:\Windows\System32\rasadhlp.dll
0x00007ffecaa10000 - 0x00007ffecaa93000 	C:\WINDOWS\System32\fwpuclnt.dll

dbghelp: loaded successfully - version: 4.0.5 - missing functions: none
symbol engine: initialized successfully - sym options: 0x614 - pdb path: .;C:\Program Files\JetBrains\IntelliJ IDEA 2023.2.5\jbr\bin;C:\WINDOWS\SYSTEM32;C:\WINDOWS\WinSxS\amd64_microsoft.windows.common-controls_6595b64144ccf1df_6.0.22621.4541_none_2710d1c57384c085;C:\Program Files\JetBrains\IntelliJ IDEA 2023.2.5\jbr\bin\server

VM Arguments:
jvm_args: -Djava.rmi.server.hostname=127.0.0.1 -Duser.timezone=UTC -Xmx2048m -Xms128m -Djna.boot.library.path=C:\Program Files\JetBrains\IntelliJ IDEA 2023.2.5/lib/jna/amd64 -Djna.nosys=true -Djna.noclasspath=true -Djdbc.classpath=C:\Program Files\JetBrains\IntelliJ IDEA 2023.2.5\plugins\DatabaseTools\lib\jdbc-console.jar;C:\Users\Asus\AppData\Roaming\JetBrains\IntelliJIdea2023.2\jdbc-drivers\MySQL ConnectorJ\8.2.0\com\mysql\mysql-connector-j\8.2.0\mysql-connector-j-8.2.0.jar;C:\Users\Asus\AppData\Roaming\JetBrains\IntelliJIdea2023.2\jdbc-drivers\MySQL ConnectorJ\8.2.0\com\google\protobuf\protobuf-java\3.21.9\protobuf-java-3.21.9.jar --add-exports=java.desktop/sun.awt=ALL-UNNAMED --add-exports=java.desktop/java.awt.peer=ALL-UNNAMED --add-opens=java.desktop/java.awt=ALL-UNNAMED --add-opens=jdk.unsupported/sun.misc=ALL-UNNAMED --add-opens=java.base/java.nio=ALL-UNNAMED --add-opens=java.base/java.util=ALL-UNNAMED -Dfile.encoding=UTF-8 
java_command: com.intellij.database.remote.RemoteJdbcServer com.mysql.cj.jdbc.Driver
java_class_path (initial): C:\Program Files\JetBrains\IntelliJ IDEA 2023.2.5\lib\util_rt.jar;C:\Program Files\JetBrains\IntelliJ IDEA 2023.2.5\lib\util-8.jar;C:\Program Files\JetBrains\IntelliJ IDEA 2023.2.5\lib\groovy.jar;C:\Program Files\JetBrains\IntelliJ IDEA 2023.2.5\plugins\DatabaseTools\lib\jdbc-console.jar;C:\Program Files\JetBrains\IntelliJ IDEA 2023.2.5\plugins\grid-core-impl\lib\jdbc-console-types.jar;C:\Program Files\JetBrains\IntelliJ IDEA 2023.2.5\lib\util.jar;C:\Program Files\JetBrains\IntelliJ IDEA 2023.2.5\lib\bouncy-castle.jar
Launcher Type: SUN_STANDARD

[Global flags]
     intx CICompilerCount                          = 4                                         {product} {ergonomic}
     uint ConcGCThreads                            = 3                                         {product} {ergonomic}
     uint G1ConcRefinementThreads                  = 10                                        {product} {ergonomic}
   size_t G1HeapRegionSize                         = 1048576                                   {product} {ergonomic}
    uintx GCDrainStackTargetSize                   = 64                                        {product} {ergonomic}
   size_t InitialHeapSize                          = 134217728                                 {product} {command line}
   size_t MarkStackSize                            = 4194304                                   {product} {ergonomic}
   size_t MaxHeapSize                              = 2147483648                                {product} {command line}
   size_t MaxNewSize                               = 1287651328                                {product} {ergonomic}
   size_t MinHeapDeltaBytes                        = 1048576                                   {product} {ergonomic}
   size_t MinHeapSize                              = 134217728                                 {product} {command line}
    uintx NonNMethodCodeHeapSize                   = 5839372                                {pd product} {ergonomic}
    uintx NonProfiledCodeHeapSize                  = 122909434                              {pd product} {ergonomic}
    uintx ProfiledCodeHeapSize                     = 122909434                              {pd product} {ergonomic}
    uintx ReservedCodeCacheSize                    = 251658240                              {pd product} {ergonomic}
     bool SegmentedCodeCache                       = true                                      {product} {ergonomic}
   size_t SoftMaxHeapSize                          = 2147483648                             {manageable} {ergonomic}
     bool UseCompressedClassPointers               = true                           {product lp64_product} {ergonomic}
     bool UseCompressedOops                        = true                           {product lp64_product} {ergonomic}
     bool UseG1GC                                  = true                                      {product} {ergonomic}
     bool UseLargePagesIndividualAllocation        = false                                  {pd product} {ergonomic}

Logging:
Log output configuration:
 #0: stdout all=warning uptime,level,tags
 #1: stderr all=off uptime,level,tags

Environment Variables:
JAVA_HOME=C:\Program Files\Java\jdk-17
PATH=C:\Program Files\Java\jdk-17\bin;C:\Program Files\Java\jdk-17\bin;C:\Program Files\Java\jdk1.8.0_291\bin;C:\src\flutter\bin;C:\WINDOWS\system32;C:\WINDOWS;C:\WINDOWS\System32\Wbem;C:\WINDOWS\System32\WindowsPowerShell\v1.0\;C:\WINDOWS\System32\OpenSSH\;C:\xampp\mysql\bin;C:\Program Files\MySQL\MySQL Server 8.0\bin;C:\Program Files\Docker\Docker\resources\bin;C:\Program Files\Apache\apache-maven-3.9.6\bin;C:\Program Files\Git\bin;C:\Program Files (x86)\Microsoft SQL Server\160\Tools\Binn\;C:\Program Files\Microsoft SQL Server\160\Tools\Binn\;C:\Program Files\Microsoft SQL Server\Client SDK\ODBC\170\Tools\Binn\;C:\Program Files\Microsoft SQL Server\160\DTS\Binn\;C:\Program Files (x86)\Microsoft SQL Server\160\DTS\Binn\;C:\Program Files\Microsoft SQL Server\150\Tools\Binn\;C:\Program Files\Docker\Docker\resources\bin;C:\Program Files\dotnet\;C:\Program Files (x86)\Windows Kits\10\Windows Performance Toolkit\;C:\Users\Asus\AppData\Roaming\nvm;C:\Program Files\nodejs;C:\Program Files\Java\jdk-17\bin;C:\Program Files\MySQL\MySQL Shell 8.0\bin\;C:\Users\Asus\AppData\Local\Microsoft\WindowsApps;C:\Users\Asus\AppData\Local\Programs\Microsoft VS Code\bin;C:\src\flutter\bin;C:\Program Files\JetBrains\IntelliJ IDEA 2023.2.5\bin;;C:\Users\Asus\AppData\Roaming\npm;C:\Users\Asus\.dotnet\tools;C:\Users\Asus\AppData\Roaming\nvm;C:\Program Files\nodejs;C:\Users\Asus\AppData\Roaming\nvm;C:\Users\Asus\AppData\Local\GitHubDesktop\bin
USERNAME=Asus
OS=Windows_NT
PROCESSOR_IDENTIFIER=Intel64 Family 6 Model 154 Stepping 4, GenuineIntel
TMP=C:\Users\Asus\AppData\Local\Temp
TEMP=C:\Users\Asus\AppData\Local\Temp



Periodic native trim disabled

JNI global refs:
JNI global refs: 17, weak refs: 0

JNI global refs memory usage: 843, weak refs: 841

OOME stack traces (most recent first):
Classloader memory used:
Loader bootstrap                                                                       : 1631K
Loader com.intellij.database.remote.jdbc.impl.JdbcClassLoader$JdbcClassLoaderImpl      : 184K
Loader jdk.internal.loader.ClassLoaders$AppClassLoader                                 : 135K
Loader jdk.internal.loader.ClassLoaders$PlatformClassLoader                            : 31706B
Loader jdk.internal.reflect.DelegatingClassLoader                                      : 9365B


---------------  S Y S T E M  ---------------

OS:
 Windows 11 , 64 bit Build 22621 (10.0.22621.4391)
OS uptime: 3 days 2:29 hours
Hyper-V role detected

CPU: total 12 (initial active 12) (6 cores per cpu, 2 threads per core) family 6 model 154 stepping 4 microcode 0x429, cx8, cmov, fxsr, ht, mmx, 3dnowpref, sse, sse2, sse3, ssse3, sse4.1, sse4.2, popcnt, lzcnt, tsc, tscinvbit, avx, avx2, aes, erms, clmul, bmi1, bmi2, adx, sha, fma, vzeroupper, clflush, clflushopt, clwb, hv
Processor Information for processor 0
  Max Mhz: 1700, Current Mhz: 1700, Mhz Limit: 1700
Processor Information for processor 1
  Max Mhz: 1700, Current Mhz: 1700, Mhz Limit: 1700
Processor Information for processor 2
  Max Mhz: 1700, Current Mhz: 1457, Mhz Limit: 1700
Processor Information for processor 3
  Max Mhz: 1700, Current Mhz: 1700, Mhz Limit: 1700
Processor Information for processor 4
  Max Mhz: 1700, Current Mhz: 1200, Mhz Limit: 1190
Processor Information for processor 5
  Max Mhz: 1700, Current Mhz: 1200, Mhz Limit: 1190
Processor Information for processor 6
  Max Mhz: 1700, Current Mhz: 1200, Mhz Limit: 1190
Processor Information for processor 7
  Max Mhz: 1700, Current Mhz: 1200, Mhz Limit: 1190
Processor Information for processor 8
  Max Mhz: 1700, Current Mhz: 1200, Mhz Limit: 1190
Processor Information for processor 9
  Max Mhz: 1700, Current Mhz: 1200, Mhz Limit: 1190
Processor Information for processor 10
  Max Mhz: 1700, Current Mhz: 1200, Mhz Limit: 1190
Processor Information for processor 11
  Max Mhz: 1700, Current Mhz: 1200, Mhz Limit: 1190

Memory: 4k page, system-wide physical 7883M (946M free)
TotalPageFile size 32459M (AvailPageFile size 6M)
current process WorkingSet (physical memory assigned to process): 83M, peak: 83M
current process commit charge ("private bytes"): 237M, peak: 239M

vm_info: OpenJDK 64-Bit Server VM (17.0.9+7-b1000.46) for windows-amd64 JRE (17.0.9+7-b1000.46), built on 2023-10-27 by "builduser" with MS VC++ 16.10 / 16.11 (VS2019)

END.
